Log file open, 11/30/17 19:22:34
LogWindows: Failed to load 'aqProf.dll' (GetLastError=126)
LogWindows: File 'aqProf.dll' does not exist
LogWindows: Failed to load 'VSPerf140.dll' (GetLastError=126)
LogWindows: File 'VSPerf140.dll' does not exist
LogWindows: Failed to load 'VtuneApi.dll' (GetLastError=126)
LogWindows: File 'VtuneApi.dll' does not exist
LogWindows: Failed to load 'VtuneApi32e.dll' (GetLastError=126)
LogWindows: File 'VtuneApi32e.dll' does not exist
LogInit: Display: Running engine for game: ConsciousnessMoved
LogPlatformFile: Not using cached read wrapper
LogInit: Display: RandInit(-1485836598) SRandInit(-1485836598).
LogInit: Read version file with build ID '3709383'
LogInit: Overriding engine version to CL 3754814, compatible CL 3709383
LogInit: Registered custom module enumerator with build ID '3709383'
LogTaskGraph: Started task graph with 5 named threads and 14 total threads with 3 sets of task threads.
LogStats: Stats thread started at 0.327579
LogD3D11RHI: Aftermath initialized
LogModuleManager: Display: Found up-to-date module file ../../../Engine/Plugins/2D/Paper2D/Binaries/Win64/UE4Editor-Paper2D.dll (API version 3709383).
LogModuleManager: Display: Found up-to-date module file ../../../Engine/Plugins/2D/Paper2D/Binaries/Win64/UE4Editor-Paper2DEditor.dll (API version 3709383).
LogModuleManager: Display: Found up-to-date module file ../../../Engine/Plugins/2D/Paper2D/Binaries/Win64/UE4Editor-PaperSpriteSheetImporter.dll (API version 3709383).
LogModuleManager: Display: Found up-to-date module file ../../../Engine/Plugins/2D/Paper2D/Binaries/Win64/UE4Editor-PaperTiledImporter.dll (API version 3709383).
LogModuleManager: Display: Found up-to-date module file ../../../Engine/Plugins/2D/Paper2D/Binaries/Win64/UE4Editor-SmartSnapping.dll (API version 3709383).
LogModuleManager: Display: Found up-to-date module file ../../../Engine/Plugins/Blendables/LightPropagationVolume/Binaries/Win64/UE4Editor-LightPropagationVolumeRuntime.dll (API version 3709383).
LogModuleManager: Display: Found up-to-date module file ../../../Engine/Plugins/Blendables/LightPropagationVolume/Binaries/Win64/UE4Editor-LightPropagationVolumeEditor.dll (API version 3709383).
LogModuleManager: Display: Found up-to-date module file ../../../Engine/Plugins/Developer/GitSourceControl/Binaries/Win64/UE4Editor-GitSourceControl.dll (API version 3709383).
LogModuleManager: Display: Found up-to-date module file ../../../Engine/Plugins/Developer/PerforceSourceControl/Binaries/Win64/UE4Editor-PerforceSourceControl.dll (API version 3709383).
LogModuleManager: Display: Found up-to-date module file ../../../Engine/Plugins/Developer/SubversionSourceControl/Binaries/Win64/UE4Editor-SubversionSourceControl.dll (API version 3709383).
LogModuleManager: Display: Found up-to-date module file ../../../Engine/Plugins/Developer/UObjectPlugin/Binaries/Win64/UE4Editor-UObjectPlugin.dll (API version 3709383).
LogModuleManager: Display: Found up-to-date module file ../../../Engine/Plugins/Developer/VisualStudioCodeSourceCodeAccess/Binaries/Win64/UE4Editor-VisualStudioCodeSourceCodeAccess.dll (API version 3709383).
LogModuleManager: Display: Found up-to-date module file ../../../Engine/Plugins/Developer/VisualStudioSourceCodeAccess/Binaries/Win64/UE4Editor-VisualStudioSourceCodeAccess.dll (API version 3709383).
LogModuleManager: Display: Found up-to-date module file ../../../Engine/Plugins/Editor/AssetManagerEditor/Binaries/Win64/UE4Editor-AssetManagerEditor.dll (API version 3709383).
LogModuleManager: Display: Found up-to-date module file ../../../Engine/Plugins/Editor/AudioCapture/Binaries/Win64/UE4Editor-AudioCapture.dll (API version 3709383).
LogModuleManager: Display: Found up-to-date module file ../../../Engine/Plugins/Editor/FacialAnimation/Binaries/Win64/UE4Editor-FacialAnimation.dll (API version 3709383).
LogModuleManager: Display: Found up-to-date module file ../../../Engine/Plugins/Editor/FacialAnimation/Binaries/Win64/UE4Editor-FacialAnimationEditor.dll (API version 3709383).
LogModuleManager: Display: Found up-to-date module file ../../../Engine/Plugins/Editor/GameplayTagsEditor/Binaries/Win64/UE4Editor-GameplayTagsEditor.dll (API version 3709383).
LogModuleManager: Display: Found up-to-date module file ../../../Engine/Plugins/Editor/MobileLauncherProfileWizard/Binaries/Win64/UE4Editor-MobileLauncherProfileWizard.dll (API version 3709383).
LogModuleManager: Display: Found up-to-date module file ../../../Engine/Plugins/Editor/PluginBrowser/Binaries/Win64/UE4Editor-PluginBrowser.dll (API version 3709383).
LogModuleManager: Display: Found up-to-date module file ../../../Engine/Plugins/Editor/SpeedTreeImporter/Binaries/Win64/UE4Editor-SpeedTreeImporter.dll (API version 3709383).
LogModuleManager: Display: Found up-to-date module file ../../../Engine/Plugins/Experimental/AlembicImporter/Binaries/Win64/UE4Editor-AlembicImporter.dll (API version 3709383).
LogModuleManager: Display: Found up-to-date module file ../../../Engine/Plugins/Experimental/AlembicImporter/Binaries/Win64/UE4Editor-AlembicLibrary.dll (API version 3709383).
LogModuleManager: Display: Found up-to-date module file ../../../Engine/Plugins/Experimental/CharacterAI/Binaries/Win64/UE4Editor-CharacterAI.dll (API version 3709383).
LogModuleManager: Display: Found up-to-date module file ../../../Engine/Plugins/Experimental/HTML5Networking/Binaries/Win64/UE4Editor-HTML5Networking.dll (API version 3709383).
LogModuleManager: Display: Found up-to-date module file ../../../Engine/Plugins/Media/AndroidMedia/Binaries/Win64/UE4Editor-AndroidMediaEditor.dll (API version 3709383).
LogModuleManager: Display: Found up-to-date module file ../../../Engine/Plugins/Media/AndroidMedia/Binaries/Win64/UE4Editor-AndroidMediaFactory.dll (API version 3709383).
LogModuleManager: Display: Found up-to-date module file ../../../Engine/Plugins/Media/AvfMedia/Binaries/Win64/UE4Editor-AvfMediaEditor.dll (API version 3709383).
LogModuleManager: Display: Found up-to-date module file ../../../Engine/Plugins/Media/AvfMedia/Binaries/Win64/UE4Editor-AvfMediaFactory.dll (API version 3709383).
LogModuleManager: Display: Found up-to-date module file ../../../Engine/Plugins/Media/AvfMedia/Binaries/Win64/UE4Editor-AvfMediaFactory.dll (API version 3709383).
LogModuleManager: Display: Found up-to-date module file ../../../Engine/Plugins/Media/ImgMedia/Binaries/Win64/UE4Editor-ImgMedia.dll (API version 3709383).
LogModuleManager: Display: Found up-to-date module file ../../../Engine/Plugins/Media/ImgMedia/Binaries/Win64/UE4Editor-ImgMediaEditor.dll (API version 3709383).
LogModuleManager: Display: Found up-to-date module file ../../../Engine/Plugins/Media/ImgMedia/Binaries/Win64/UE4Editor-ImgMediaFactory.dll (API version 3709383).
LogModuleManager: Display: Found up-to-date module file ../../../Engine/Plugins/Media/ImgMedia/Binaries/Win64/UE4Editor-ImgMediaFactory.dll (API version 3709383).
LogModuleManager: Display: Found up-to-date module file ../../../Engine/Plugins/Media/ImgMedia/Binaries/Win64/UE4Editor-OpenExrWrapper.dll (API version 3709383).
LogModuleManager: Display: Found up-to-date module file ../../../Engine/Plugins/Media/MediaCompositing/Binaries/Win64/UE4Editor-MediaCompositing.dll (API version 3709383).
LogModuleManager: Display: Found up-to-date module file ../../../Engine/Plugins/Media/MediaCompositing/Binaries/Win64/UE4Editor-MediaCompositingEditor.dll (API version 3709383).
LogModuleManager: Display: Found up-to-date module file ../../../Engine/Plugins/Media/MediaPlayerEditor/Binaries/Win64/UE4Editor-MediaPlayerEditor.dll (API version 3709383).
LogModuleManager: Display: Found up-to-date module file ../../../Engine/Plugins/Media/WmfMedia/Binaries/Win64/UE4Editor-WmfMedia.dll (API version 3709383).
LogModuleManager: Display: Found up-to-date module file ../../../Engine/Plugins/Media/WmfMedia/Binaries/Win64/UE4Editor-WmfMediaEditor.dll (API version 3709383).
LogModuleManager: Display: Found up-to-date module file ../../../Engine/Plugins/Media/WmfMedia/Binaries/Win64/UE4Editor-WmfMediaFactory.dll (API version 3709383).
LogModuleManager: Display: Found up-to-date module file ../../../Engine/Plugins/Media/WmfMedia/Binaries/Win64/UE4Editor-WmfMediaFactory.dll (API version 3709383).
LogModuleManager: Display: Found up-to-date module file ../../../Engine/Plugins/Messaging/TcpMessaging/Binaries/Win64/UE4Editor-TcpMessaging.dll (API version 3709383).
LogModuleManager: Display: Found up-to-date module file ../../../Engine/Plugins/Messaging/UdpMessaging/Binaries/Win64/UE4Editor-UdpMessaging.dll (API version 3709383).
LogModuleManager: Display: Found up-to-date module file ../../../Engine/Plugins/MovieScene/ActorSequence/Binaries/Win64/UE4Editor-ActorSequence.dll (API version 3709383).
LogModuleManager: Display: Found up-to-date module file ../../../Engine/Plugins/MovieScene/LevelSequenceEditor/Binaries/Win64/UE4Editor-LevelSequenceEditor.dll (API version 3709383).
LogModuleManager: Display: Found up-to-date module file ../../../Engine/Plugins/MovieScene/MatineeToLevelSequence/Binaries/Win64/UE4Editor-MatineeToLevelSequence.dll (API version 3709383).
LogModuleManager: Display: Found up-to-date module file ../../../Engine/Plugins/Online/OnlineSubsystem/Binaries/Win64/UE4Editor-OnlineSubsystem.dll (API version 3709383).
LogModuleManager: Display: Found up-to-date module file ../../../Engine/Plugins/Runtime/AndroidPermission/Binaries/Win64/UE4Editor-AndroidPermission.dll (API version 3709383).
LogModuleManager: Display: Found up-to-date module file ../../../Engine/Plugins/Online/OnlineSubsystemNull/Binaries/Win64/UE4Editor-OnlineSubsystemNull.dll (API version 3709383).
LogModuleManager: Display: Found up-to-date module file ../../../Engine/Plugins/Online/OnlineSubsystemUtils/Binaries/Win64/UE4Editor-OnlineSubsystemUtils.dll (API version 3709383).
LogModuleManager: Display: Found up-to-date module file ../../../Engine/Plugins/Online/OnlineSubsystemUtils/Binaries/Win64/UE4Editor-OnlineBlueprintSupport.dll (API version 3709383).
LogModuleManager: Display: Found up-to-date module file ../../../Engine/Plugins/Runtime/AndroidDeviceProfileSelector/Binaries/Win64/UE4Editor-AndroidDeviceProfileSelector.dll (API version 3709383).
LogModuleManager: Display: Found up-to-date module file ../../../Engine/Plugins/Runtime/AppleARKit/Binaries/Win64/UE4Editor-AppleARKit.dll (API version 3709383).
LogModuleManager: Display: Found up-to-date module file ../../../Engine/Plugins/Runtime/ArchVisCharacter/Binaries/Win64/UE4Editor-ArchVisCharacter.dll (API version 3709383).
LogModuleManager: Display: Found up-to-date module file ../../../Engine/Plugins/Runtime/CableComponent/Binaries/Win64/UE4Editor-CableComponent.dll (API version 3709383).
LogModuleManager: Display: Found up-to-date module file ../../../Engine/Plugins/Runtime/CustomMeshComponent/Binaries/Win64/UE4Editor-CustomMeshComponent.dll (API version 3709383).
LogModuleManager: Display: Found up-to-date module file ../../../Engine/Plugins/Runtime/ExampleDeviceProfileSelector/Binaries/Win64/UE4Editor-ExampleDeviceProfileSelector.dll (API version 3709383).
LogModuleManager: Display: Found up-to-date module file ../../../Engine/Plugins/Runtime/ImmediatePhysics/Binaries/Win64/UE4Editor-ImmediatePhysics.dll (API version 3709383).
LogModuleManager: Display: Found up-to-date module file ../../../Engine/Plugins/Runtime/ImmediatePhysics/Binaries/Win64/UE4Editor-ImmediatePhysicsEditor.dll (API version 3709383).
LogModuleManager: Display: Found up-to-date module file ../../../Engine/Plugins/Runtime/LocationServicesBPLibrary/Binaries/Win64/UE4Editor-LocationServicesBPLibrary.dll (API version 3709383).
LogModuleManager: Display: Found up-to-date module file ../../../Engine/Plugins/Runtime/MobilePatchingUtils/Binaries/Win64/UE4Editor-MobilePatchingUtils.dll (API version 3709383).
LogModuleManager: Display: Found up-to-date module file ../../../Engine/Plugins/Runtime/Oculus/OculusVR/Binaries/Win64/UE4Editor-OculusHMD.dll (API version 3709383).
LogModuleManager: Display: Found up-to-date module file ../../../Engine/Plugins/Runtime/Oculus/OculusVR/Binaries/Win64/UE4Editor-OculusInput.dll (API version 3709383).
LogModuleManager: Display: Found up-to-date module file ../../../Engine/Plugins/Runtime/Oculus/OculusVR/Binaries/Win64/UE4Editor-OculusEditor.dll (API version 3709383).
LogModuleManager: Display: Found up-to-date module file ../../../Engine/Plugins/Runtime/PhysXVehicles/Binaries/Win64/UE4Editor-PhysXVehicles.dll (API version 3709383).
LogModuleManager: Display: Found up-to-date module file ../../../Engine/Plugins/Runtime/PhysXVehicles/Binaries/Win64/UE4Editor-PhysXVehiclesEditor.dll (API version 3709383).
LogModuleManager: Display: Found up-to-date module file ../../../Engine/Plugins/Runtime/ProceduralMeshComponent/Binaries/Win64/UE4Editor-ProceduralMeshComponent.dll (API version 3709383).
LogModuleManager: Display: Found up-to-date module file ../../../Engine/Plugins/Runtime/ProceduralMeshComponent/Binaries/Win64/UE4Editor-ProceduralMeshComponentEditor.dll (API version 3709383).
LogModuleManager: Display: Found up-to-date module file ../../../Engine/Plugins/Runtime/RuntimePhysXCooking/Binaries/Win64/UE4Editor-RuntimePhysXCooking.dll (API version 3709383).
LogModuleManager: Display: Found up-to-date module file ../../../Engine/Plugins/Runtime/Steam/SteamVR/Binaries/Win64/UE4Editor-SteamVR.dll (API version 3709383).
LogModuleManager: Display: Found up-to-date module file ../../../Engine/Plugins/Runtime/Steam/SteamVR/Binaries/Win64/UE4Editor-SteamVRController.dll (API version 3709383).
LogModuleManager: Display: Found up-to-date module file ../../../Engine/Plugins/Runtime/WindowsMoviePlayer/Binaries/Win64/UE4Editor-WindowsMoviePlayer.dll (API version 3709383).
LogModuleManager: Display: Found up-to-date module file C:/Users/gusta/Documents/GitHub/ConsciousnessMoved/ConsciousnessMoved/Plugins/OceanPlugin/Binaries/Win64/UE4Editor-OceanPlugin.dll (API version 3709383).
LogModuleManager: Display: Found up-to-date module file ../../../Engine/Plugins/Runtime/ApexDestruction/Binaries/Win64/UE4Editor-ApexDestruction.dll (API version 3709383).
LogModuleManager: Display: Found up-to-date module file ../../../Engine/Plugins/Runtime/ApexDestruction/Binaries/Win64/UE4Editor-ApexDestructionEditor.dll (API version 3709383).
LogPluginManager: Mounting plugin Paper2D
LogPluginManager: Mounting plugin LightPropagationVolume
LogPluginManager: Mounting plugin CodeLiteSourceCodeAccess
LogPluginManager: Mounting plugin GitSourceControl
LogPluginManager: Mounting plugin KDevelopSourceCodeAccess
LogPluginManager: Mounting plugin NullSourceCodeAccess
LogPluginManager: Mounting plugin PerforceSourceControl
LogPluginManager: Mounting plugin SubversionSourceControl
LogPluginManager: Mounting plugin UObjectPlugin
LogPluginManager: Mounting plugin VisualStudioCodeSourceCodeAccess
LogPluginManager: Mounting plugin VisualStudioSourceCodeAccess
LogPluginManager: Mounting plugin XCodeSourceCodeAccess
LogPluginManager: Mounting plugin AssetManagerEditor
LogPluginManager: Mounting plugin AudioCapture
LogPluginManager: Mounting plugin FacialAnimation
LogPluginManager: Mounting plugin GameplayTagsEditor
LogPluginManager: Mounting plugin MobileLauncherProfileWizard
LogPluginManager: Mounting plugin PluginBrowser
LogPluginManager: Mounting plugin SpeedTreeImporter
LogPluginManager: Mounting plugin AlembicImporter
LogPluginManager: Mounting plugin CharacterAI
LogPluginManager: Mounting plugin HTML5Networking
LogPluginManager: Mounting plugin AndroidMedia
LogPluginManager: Mounting plugin AvfMedia
LogPluginManager: Mounting plugin ImgMedia
LogPluginManager: Mounting plugin MediaCompositing
LogPluginManager: Mounting plugin MediaPlayerEditor
LogPluginManager: Mounting plugin WmfMedia
LogPluginManager: Mounting plugin TcpMessaging
LogPluginManager: Mounting plugin UdpMessaging
LogPluginManager: Mounting plugin ActorSequence
LogPluginManager: Mounting plugin LevelSequenceEditor
LogPluginManager: Mounting plugin MatineeToLevelSequence
LogPluginManager: Mounting plugin OnlineSubsystemGooglePlay
LogPluginManager: Mounting plugin OnlineSubsystemIOS
LogPluginManager: Mounting plugin OnlineSubsystem
LogPluginManager: Mounting plugin OnlineSubsystemNull
LogPluginManager: Mounting plugin OnlineSubsystemUtils
LogPluginManager: Mounting plugin AndroidDeviceProfileSelector
LogPluginManager: Mounting plugin AndroidMoviePlayer
LogPluginManager: Mounting plugin AndroidPermission
LogPluginManager: Mounting plugin ApexDestruction
LogPluginManager: Mounting plugin AppleARKit
LogPluginManager: Mounting plugin AppleMoviePlayer
LogPluginManager: Mounting plugin ArchVisCharacter
LogPluginManager: Mounting plugin CableComponent
LogPluginManager: Mounting plugin CustomMeshComponent
LogPluginManager: Mounting plugin ExampleDeviceProfileSelector
LogPluginManager: Mounting plugin GoogleCloudMessaging
LogPluginManager: Mounting plugin ImmediatePhysics
LogPluginManager: Mounting plugin IOSDeviceProfileSelector
LogPluginManager: Mounting plugin LinuxDeviceProfileSelector
LogPluginManager: Mounting plugin LocationServicesBPLibrary
LogPluginManager: Mounting plugin MobilePatchingUtils
LogPluginManager: Mounting plugin OculusVR
LogPluginManager: Plugin shader directory ../../../Engine/Plugins/Runtime/Oculus/OculusVR/Shaders found
LogPluginManager: Mapping shader source directory ../../../Engine/Plugins/Runtime/Oculus/OculusVR/Shaders to virtual directory /Plugin/OculusVR
LogPluginManager: Mounting plugin PhysXVehicles
LogPluginManager: Mounting plugin ProceduralMeshComponent
LogPluginManager: Mounting plugin RuntimePhysXCooking
LogPluginManager: Mounting plugin SteamVR
LogPluginManager: Mounting plugin WindowsMoviePlayer
LogPluginManager: Mounting plugin OceanPlugin
LogInit: Using libcurl 7.47.1
LogInit:  - built for x86_64-pc-win32
LogInit:  - supports SSL with OpenSSL/1.0.2g
LogInit:  - supports HTTP deflate (compression) using libz 1.2.8
LogInit:  - other features:
LogInit:      CURL_VERSION_SSL
LogInit:      CURL_VERSION_LIBZ
LogInit:      CURL_VERSION_IPV6
LogInit:      CURL_VERSION_ASYNCHDNS
LogInit:      CURL_VERSION_LARGEFILE
LogInit:      CURL_VERSION_IDN
LogInit:  CurlRequestOptions (configurable via config and command line):
LogInit:  - bVerifyPeer = false  - Libcurl will NOT verify peer certificate
LogInit:  - bUseHttpProxy = false  - Libcurl will NOT use HTTP proxy
LogInit:  - bDontReuseConnections = false  - Libcurl will reuse connections
LogInit:  - CertBundlePath = nullptr  - Libcurl will use whatever was configured at build time.
LogInit: Build: ++UE4+Release-4.18-CL-3754814
LogInit: Engine Version: 4.18.1-3754814+++UE4+Release-4.18
LogInit: Compatible Engine Version: 4.18.0-3709383+++UE4+Release-4.18
LogInit: Net CL: 3709383
LogDevObjectVersion: Number of dev versions registered: 16
LogDevObjectVersion:   Dev-Blueprints (B0D832E4-1F89-4F0D-ACCF-7EB736FD4AA2): 10
LogDevObjectVersion:   Dev-Build (E1C64328-A22C-4D53-A36C-8E866417BD8C): 0
LogDevObjectVersion:   Dev-Core (375EC13C-06E4-48FB-B500-84F0262A717E): 2
LogDevObjectVersion:   Dev-Editor (E4B068ED-F494-42E9-A231-DA0B2E46BB41): 20
LogDevObjectVersion:   Dev-Framework (CFFC743F-43B0-4480-9391-14DF171D2073): 30
LogDevObjectVersion:   Dev-Mobile (B02B49B5-BB20-44E9-A304-32B752E40360): 0
LogDevObjectVersion:   Dev-Networking (A4E4105C-59A1-49B5-A7C5-40C4547EDFEE): 0
LogDevObjectVersion:   Dev-Online (39C831C9-5AE6-47DC-9A44-9C173E1C8E7C): 0
LogDevObjectVersion:   Dev-Physics (78F01B33-EBEA-4F98-B9B4-84EACCB95AA2): 0
LogDevObjectVersion:   Dev-Platform (6631380F-2D4D-43E0-8009-CF276956A95A): 0
LogDevObjectVersion:   Dev-Rendering (12F88B9F-8875-4AFC-A67C-D90C383ABD29): 20
LogDevObjectVersion:   Dev-Sequencer (7B5AE74C-D270-4C10-A958-57980B212A5A): 4
LogDevObjectVersion:   Dev-VR (D7296918-1DD6-4BDD-9DE2-64A83CC13884): 0
LogDevObjectVersion:   Dev-LoadTimes (C2A15278-BFE7-4AFE-6C17-90FF531DF755): 1
LogDevObjectVersion:   Private-Geometry (6EACA3D4-40EC-4CC1-B786-8BED09428FC5): 1
LogDevObjectVersion:   Dev-AnimPhys (29E575DD-E0A3-4627-9D10-D276232CDCEA): 12
LogInit: Compiled (64-bit): Nov 14 2017 02:05:55
LogInit: Compiled with Visual C++: 19.00.24215.01
LogInit: Build Configuration: Development
LogInit: Branch Name: ++UE4+Release-4.18
LogInit: Command line:  
LogInit: Base directory: P:/Program Files/Epic Games/UE_4.18/Engine/Binaries/Win64/
LogInit: Installed Engine Build: 1
LogInit: Presizing for max 8388607 objects, including 0 objects not considered by GC, pre-allocating 0 bytes for permanent pool.
LogInit: Object subsystem initialized
[2017.11.30-18.22.39:335][  0]LogInit: Selected Device Profile: [Windows]
[2017.11.30-18.22.39:335][  0]LogInit: Applying CVar settings loaded from the selected device profile: [Windows]
[2017.11.30-18.22.39:479][  0]LogInit: Computer: DESKTOP-CHRC293
[2017.11.30-18.22.39:480][  0]LogInit: User: gusta
[2017.11.30-18.22.39:480][  0]LogInit: CPU Page size=4096, Cores=4
[2017.11.30-18.22.39:480][  0]LogInit: High frequency timer resolution =2.338348 MHz
[2017.11.30-18.22.39:480][  0]LogMemory: Memory total: Physical=15.9GB (16GB approx)
[2017.11.30-18.22.39:480][  0]LogMemory: Platform Memory Stats for Windows
[2017.11.30-18.22.39:480][  0]LogMemory: Process Physical Memory: 273.77 MB used, 273.77 MB peak
[2017.11.30-18.22.39:480][  0]LogMemory: Process Virtual Memory: 272.86 MB used, 272.86 MB peak
[2017.11.30-18.22.39:480][  0]LogMemory: Physical Memory: 8552.15 MB used,  7715.03 MB free, 16267.18 MB total
[2017.11.30-18.22.39:480][  0]LogMemory: Virtual Memory: 647.34 MB used,  7715.03 MB free, 134217728.00 MB total
[2017.11.30-18.22.40:039][  0]LogInit: Using OS detected language (en-GB).
[2017.11.30-18.22.40:039][  0]LogInit: Using OS detected locale (en-US).
[2017.11.30-18.22.40:178][  0]LogTextLocalizationManager: No specific localization for 'en-GB' exists, so the 'en' localization will be used.
[2017.11.30-18.22.40:781][  0]LogInit: Setting process to per monitor DPI aware
[2017.11.30-18.22.44:078][  0]LogD3D11RHI: D3D11 adapters:
[2017.11.30-18.22.44:657][  0]LogD3D11RHI:    0. 'NVIDIA GeForce GT 750M' (Feature Level 11_0)
[2017.11.30-18.22.44:658][  0]LogD3D11RHI:       4066/0/8133 MB DedicatedVideo/DedicatedSystem/SharedSystem, Outputs:1, VendorId:0x10de
[2017.11.30-18.22.44:662][  0]LogD3D11RHI:    1. 'Intel(R) HD Graphics 4600' (Feature Level 11_0)
[2017.11.30-18.22.44:662][  0]LogD3D11RHI:       112/0/2048 MB DedicatedVideo/DedicatedSystem/SharedSystem, Outputs:0, VendorId:0x8086
[2017.11.30-18.22.44:663][  0]LogD3D11RHI:    2. 'Microsoft Basic Render Driver' (Feature Level 11_0)
[2017.11.30-18.22.44:663][  0]LogD3D11RHI:       0/0/8133 MB DedicatedVideo/DedicatedSystem/SharedSystem, Outputs:0, VendorId:0x1414
[2017.11.30-18.22.44:663][  0]LogD3D11RHI: Chosen D3D11 Adapter: 0
[2017.11.30-18.22.44:669][  0]LogD3D11RHI: Creating new Direct3DDevice
[2017.11.30-18.22.44:669][  0]LogD3D11RHI:     GPU DeviceId: 0xfe4 (for the marketing name, search the web for "GPU Device Id")
[2017.11.30-18.22.44:669][  0]LogWindows: EnumDisplayDevices:
[2017.11.30-18.22.44:669][  0]LogWindows:    0. 'Intel(R) HD Graphics 4600' (P:1 D:1)
[2017.11.30-18.22.44:670][  0]LogWindows:    1. 'Intel(R) HD Graphics 4600' (P:0 D:0)
[2017.11.30-18.22.44:670][  0]LogWindows:    2. 'Intel(R) HD Graphics 4600' (P:0 D:0)
[2017.11.30-18.22.44:670][  0]LogWindows: DebugString: PrimaryIsNotTheChoosenAdapter PrimaryIsNotTheChoosenAdapter PrimaryIsNotTheChoosenAdapter FoundDriverCount:0 
[2017.11.30-18.22.44:670][  0]LogD3D11RHI:     Adapter Name: NVIDIA GeForce GT 750M
[2017.11.30-18.22.44:670][  0]LogD3D11RHI:   Driver Version: Unknown (internal:Unknown, unified:Unknown)
[2017.11.30-18.22.44:670][  0]LogD3D11RHI:      Driver Date: Unknown
[2017.11.30-18.22.44:670][  0]LogRHI: Texture pool is 2846 MB (70% of 4066 MB)
[2017.11.30-18.22.44:695][  0]LogD3D11RHI: Async texture creation enabled
[2017.11.30-18.22.44:706][  0]LogD3D11RHI: GPU Timing Frequency: 1000.000000 (Debug: 2 1)
[2017.11.30-18.22.44:707][  0]LogShaderCompilers: Guid format shader working directory is -24 characters bigger than the processId version (C:/Users/gusta/Documents/GitHub/ConsciousnessMoved/ConsciousnessMoved/Intermediate/Shaders/WorkingDirectory/14944/).
[2017.11.30-18.22.44:707][  0]LogShaderCompilers: Cleaned the shader compiler working directory 'C:/Users/gusta/AppData/Local/Temp/UnrealShaderWorkingDir/BF630CA747872C38C01027BD4FC1E066/'.
[2017.11.30-18.22.44:707][  0]LogShaderCompilers: Display: Using Local Shader Compiler.
[2017.11.30-18.22.48:666][  0]LogTemp: Display: Loaded TP AllDesktopTargetPlatform
[2017.11.30-18.22.48:712][  0]LogTemp: Display: Loaded TP MacClientTargetPlatform
[2017.11.30-18.22.48:756][  0]LogTemp: Display: Loaded TP MacNoEditorTargetPlatform
[2017.11.30-18.22.48:798][  0]LogTemp: Display: Loaded TP MacServerTargetPlatform
[2017.11.30-18.22.48:865][  0]LogTemp: Display: Loaded TP MacTargetPlatform
[2017.11.30-18.22.48:908][  0]LogTemp: Display: Loaded TP WindowsClientTargetPlatform
[2017.11.30-18.22.48:952][  0]LogTemp: Display: Loaded TP WindowsNoEditorTargetPlatform
[2017.11.30-18.22.48:994][  0]LogTemp: Display: Loaded TP WindowsServerTargetPlatform
[2017.11.30-18.22.49:030][  0]LogTemp: Display: Loaded TP WindowsTargetPlatform
[2017.11.30-18.22.49:072][  0]LogTemp: Display: Loaded TP Android_ASTCTargetPlatform
[2017.11.30-18.22.49:113][  0]LogTemp: Display: Loaded TP Android_ATCTargetPlatform
[2017.11.30-18.22.49:156][  0]LogTemp: Display: Loaded TP Android_DXTTargetPlatform
[2017.11.30-18.22.49:197][  0]LogTemp: Display: Loaded TP Android_ETC1TargetPlatform
[2017.11.30-18.22.49:237][  0]LogTemp: Display: Loaded TP Android_ETC2TargetPlatform
[2017.11.30-18.22.49:319][  0]LogTemp: Display: Loaded TP Android_MultiTargetPlatform
[2017.11.30-18.22.49:319][  0]LogTemp: Display: Loaded TP Android_PVRTCTargetPlatform
[2017.11.30-18.22.49:409][  0]LogTemp: Display: Loaded TP AndroidTargetPlatform
[2017.11.30-18.22.49:440][  0]LogTemp: Display: Loaded TP HTML5TargetPlatform
[2017.11.30-18.22.49:574][  0]LogTemp: Display: Loaded TP IOSTargetPlatform
[2017.11.30-18.22.49:598][  0]LogTemp: Display: Loaded TP TVOSTargetPlatform
[2017.11.30-18.22.49:639][  0]LogTemp: Display: Loaded TP LinuxClientTargetPlatform
[2017.11.30-18.22.49:681][  0]LogTemp: Display: Loaded TP LinuxNoEditorTargetPlatform
[2017.11.30-18.22.49:723][  0]LogTemp: Display: Loaded TP LinuxServerTargetPlatform
[2017.11.30-18.22.49:768][  0]LogTemp: Display: Loaded TP LinuxTargetPlatform
[2017.11.30-18.22.49:768][  0]LogTargetPlatformManager: Display: Building Assets For Windows
[2017.11.30-18.22.51:166][  0]LogDerivedDataCache: Display: Max Cache Size: 512 MB
[2017.11.30-18.22.51:536][  0]LogDerivedDataCache: Loaded boot cache 0.37s 78MB C:/Users/gusta/AppData/Local/UnrealEngine/4.18/DerivedDataCache/Boot.ddc.
[2017.11.30-18.22.51:536][  0]LogDerivedDataCache: Display: Loaded Boot cache: C:/Users/gusta/AppData/Local/UnrealEngine/4.18/DerivedDataCache/Boot.ddc
[2017.11.30-18.22.51:536][  0]LogDerivedDataCache: FDerivedDataBackendGraph:  Pak pak cache file C:/Users/gusta/Documents/GitHub/ConsciousnessMoved/ConsciousnessMoved/DerivedDataCache/DDC.ddp not found, will not use a pak cache.
[2017.11.30-18.22.51:536][  0]LogDerivedDataCache: Unable to find inner node Pak for hierarchical cache Hierarchy.
[2017.11.30-18.22.51:536][  0]LogDerivedDataCache: FDerivedDataBackendGraph:  CompressedPak pak cache file C:/Users/gusta/Documents/GitHub/ConsciousnessMoved/ConsciousnessMoved/DerivedDataCache/Compressed.ddp not found, will not use a pak cache.
[2017.11.30-18.22.51:536][  0]LogDerivedDataCache: Unable to find inner node CompressedPak for hierarchical cache Hierarchy.
[2017.11.30-18.22.51:574][  0]LogDerivedDataCache: Display: Pak cache opened for reading ../../../Engine/DerivedDataCache/Compressed.ddp.
[2017.11.30-18.22.51:586][  0]LogDerivedDataCache: Using Local data cache path C:/Users/gusta/AppData/Local/UnrealEngine/Common/DerivedDataCache: Writable
[2017.11.30-18.22.51:597][  0]LogMaterial: Verifying Global Shaders for PCD3D_SM5
[2017.11.30-18.22.51:597][  0]LogSlate: Using Freetype 2.6.0
[2017.11.30-18.22.51:625][  0]LogSlate: SlateFontCache - WITH_FREETYPE: 1, WITH_HARFBUZZ: 1
[2017.11.30-18.22.51:625][  0]LogSlate: SlateFontCache - WITH_FREETYPE: 1, WITH_HARFBUZZ: 1
[2017.11.30-18.22.59:047][  0]LogInit: Selected Device Profile: [Windows]
[2017.11.30-18.22.59:734][  0]LogSimplygon: Simplygon DLL not present - disabling.
[2017.11.30-18.22.59:767][  0]LogMeshReduction: Using SimplygonSwarm for distributed automatic mesh merging
[2017.11.30-18.22.59:767][  0]LogMeshReduction: Using QuadricMeshReduction for automatic static mesh reduction
[2017.11.30-18.22.59:767][  0]LogMeshReduction: No automatic skeletal mesh reduction module available
[2017.11.30-18.22.59:767][  0]LogMeshReduction: No automatic mesh merging module available
[2017.11.30-18.22.59:767][  0]LogMeshMerging: No automatic mesh merging module available
[2017.11.30-18.22.59:813][  0]LogNetVersion: ConsciousnessMoved , NetCL: 3709383, EngineNetVer: 2, GameNetVer: 0 (Checksum: 3674560384)
[2017.11.30-18.23.00:169][  0]LogAssetRegistry: FAssetRegistry took 0.0271 seconds to start up
[2017.11.30-18.23.01:167][  0]LogPackageLocalizationCache: Processed 8 localized package path(s) for 2 prioritized culture(s) in 0.087151 seconds
[2017.11.30-18.23.01:173][  0]LogUObjectArray: 35900 objects as part of root set at end of initial load.
[2017.11.30-18.23.01:173][  0]LogUObjectAllocator: 7372024 out of 0 bytes used by permanent object pool.
[2017.11.30-18.23.01:173][  0]LogUObjectArray: CloseDisregardForGC: 0/0 objects in disregard for GC pool
[2017.11.30-18.23.01:213][  0]LogInit: WinSock: version 1.1 (2.2), MaxSocks=32767, MaxUdp=65467
[2017.11.30-18.23.17:085][  0]LogTcpMessaging: Initializing TcpMessaging bridge
[2017.11.30-18.23.17:121][  0]LogUdpMessaging: Initializing bridge on interface 0.0.0.0:0 to multicast group 230.0.0.1:6666.
[2017.11.30-18.23.18:076][  0]LogMaterial: Uniform references updated for custom material expression Custom.
[2017.11.30-18.23.18:519][  0]SourceControl: Source control is disabled
[2017.11.30-18.23.18:519][  0]SourceControl: Source control is disabled
[2017.11.30-18.23.18:559][  0]SourceControl: Source control is disabled
[2017.11.30-18.23.18:599][  0]SourceControl: Source control is disabled
[2017.11.30-18.23.19:362][  0]LogAndroidPermission: UAndroidPermissionCallbackProxy::GetInstance
[2017.11.30-18.23.19:568][  0]LogOcInput: OculusInput pre-init called
[2017.11.30-18.23.19:905][  0]LogEngine: Initializing Engine...
[2017.11.30-18.23.19:907][  0]LogHMD: Failed to initialize OpenVR with code 110
[2017.11.30-18.23.20:353][  0]LogStats: UGameplayTagsManager::ConstructGameplayTagTree: Construct from data asset -  0.000 s
[2017.11.30-18.23.20:353][  0]LogStats: UGameplayTagsManager::ConstructGameplayTagTree: GameplayTagTreeChangedEvent.Broadcast -  0.000 s
[2017.11.30-18.23.20:459][  0]LogAIModule: Creating AISystem for world Untitled
[2017.11.30-18.23.20:466][  0]LogInit: XAudio2 using 'Speakers (Realtek High Definition Audio)' : 2 channels at 48 kHz using 32 bits per sample (channel mask 0x3)
[2017.11.30-18.23.20:641][  0]LogInit: FAudioDevice initialized.
[2017.11.30-18.23.20:843][  0]LogDerivedDataCache: Saved boot cache 0.20s 78MB C:/Users/gusta/AppData/Local/UnrealEngine/4.18/DerivedDataCache/Boot.ddc.
[2017.11.30-18.23.20:857][  0]LogInit: Texture streaming: Enabled
[2017.11.30-18.23.20:936][  0]LogEngineSessionManager: EngineSessionManager initialized
[2017.11.30-18.23.21:039][  0]LogInit: Transaction tracking system initialized
[2017.11.30-18.23.21:285][  0]BlueprintLog: New page: Editor Load
[2017.11.30-18.23.22:046][  0]LocalizationService: Localization service is disabled
[2017.11.30-18.23.22:949][  0]LogConsoleResponse: Display: 
[2017.11.30-18.23.23:706][  0]LogCook: Display: Max memory allowance for cook 16384mb min free memory 0mb
[2017.11.30-18.23.23:706][  0]LogCook: Display: Mobile HDR setting 1
[2017.11.30-18.23.23:706][  0]LogGameplayTags: Display: UGameplayTagsManager::DoneAddingNativeTags. DelegateIsBound: 0
[2017.11.30-18.23.24:810][  0]LogFileCache: Scanning file cache for directory 'C:/Users/gusta/Documents/GitHub/ConsciousnessMoved/ConsciousnessMoved/Content/' took 0.03s
[2017.11.30-18.23.24:850][  0]SourceControl: Source control is disabled
[2017.11.30-18.23.24:850][  0]Cmd: MAP LOAD FILE="C:/Users/gusta/Documents/GitHub/ConsciousnessMoved/ConsciousnessMoved/Content/Maps/World.umap" TEMPLATE=0 SHOWPROGRESS=1 FEATURELEVEL=3
[2017.11.30-18.23.24:850][  0]LightingResults: New page: Lighting Build
[2017.11.30-18.23.24:882][  0]MapCheck: New page: Map Check
[2017.11.30-18.23.24:882][  0]LightingResults: New page: Lighting Build
[2017.11.30-18.23.24:899][  0]LogAIModule: Creating AISystem for world World
[2017.11.30-18.23.24:900][  0]LogStreaming: Display: ULevelStreaming::RequestLevel(/Game/Maps/Levels/00/00_01) is flushing async loading
[2017.11.30-18.23.26:084][  0]LogStreaming: Display: ULevelStreaming::RequestLevel(/Game/Maps/Levels/00/OceanWorld) is flushing async loading
[2017.11.30-18.23.26:907][  0]LogLinker: Warning: Can't find file '/Game/ShipsAndExamples/HeightmapIsl'
[2017.11.30-18.23.26:907][  0]LogLinker: Warning: Can't find file for asset '/Game/ShipsAndExamples/HeightmapIsl' while loading C:/Users/gusta/Documents/GitHub/ConsciousnessMoved/ConsciousnessMoved/Content/Ocean/Materials/M_Ocean_Versions/M_Ocean_Ultra.uasset.
[2017.11.30-18.23.26:907][  0]LoadErrors: Error: /Game/Ocean/Materials/M_Ocean_Versions/M_Ocean_Ultra : Can't find file for asset. /Game/ShipsAndExamples/HeightmapIsl
[2017.11.30-18.23.26:911][  0]LogLinker: Warning: Can't find file '/Game/ShipsAndExamples/HeightmapIsl'
[2017.11.30-18.23.26:911][  0]LogLinker: Warning: Can't find file for asset '/Game/ShipsAndExamples/HeightmapIsl' while loading C:/Users/gusta/Documents/GitHub/ConsciousnessMoved/ConsciousnessMoved/Content/Ocean/Materials/M_Ocean_Versions/M_Ocean_Ultra.uasset.
[2017.11.30-18.23.26:911][  0]LoadErrors: Error: /Game/Ocean/Materials/M_Ocean_Versions/M_Ocean_Ultra : Can't find file for asset. /Game/ShipsAndExamples/HeightmapIsl
[2017.11.30-18.23.27:371][  0]LogLinker: Warning: Can't find file '/Game/ShipsAndExamples/Assets/Elemental/Effects/Fx_Atmospherics/Effects/P_Blowing_Snow'
[2017.11.30-18.23.27:371][  0]LogLinker: Warning: Can't find file for asset '/Game/ShipsAndExamples/Assets/Elemental/Effects/Fx_Atmospherics/Effects/P_Blowing_Snow' while loading C:/Users/gusta/Documents/GitHub/ConsciousnessMoved/ConsciousnessMoved/Content/Sky/Old/BP_Skydome.uasset.
[2017.11.30-18.23.27:371][  0]LoadErrors: Error: /Game/Sky/Old/BP_Skydome : Can't find file for asset. /Game/ShipsAndExamples/Assets/Elemental/Effects/Fx_Atmospherics/Effects/P_Blowing_Snow
[2017.11.30-18.23.27:455][  0]LogLinker: Warning: Can't find file '/Game/ShipsAndExamples/Assets/Elemental/Effects/Fx_Atmospherics/Effects/P_Blowing_Snow'
[2017.11.30-18.23.27:455][  0]LogLinker: Warning: Can't find file for asset '/Game/ShipsAndExamples/Assets/Elemental/Effects/Fx_Atmospherics/Effects/P_Blowing_Snow' while loading C:/Users/gusta/Documents/GitHub/ConsciousnessMoved/ConsciousnessMoved/Content/Sky/Old/BP_Skydome.uasset.
[2017.11.30-18.23.27:455][  0]LoadErrors: Error: /Game/Sky/Old/BP_Skydome : Can't find file for asset. /Game/ShipsAndExamples/Assets/Elemental/Effects/Fx_Atmospherics/Effects/P_Blowing_Snow
[2017.11.30-18.23.27:503][  0]LogLinker: Warning: Can't find file '/Game/ShipsAndExamples/Assets/Elemental/Effects/Fx_Atmospherics/Effects/P_Blowing_Snow'
[2017.11.30-18.23.27:503][  0]LogLinker: Warning: Can't find file for asset '/Game/ShipsAndExamples/Assets/Elemental/Effects/Fx_Atmospherics/Effects/P_Blowing_Snow' while loading NULL.
[2017.11.30-18.23.27:503][  0]LogLinker: Warning: Can't find file '/Game/ShipsAndExamples/Assets/Elemental/Effects/Fx_Atmospherics/Effects/P_Blowing_Snow'
[2017.11.30-18.23.27:503][  0]LogLinker: Warning: Can't find file for asset '/Game/ShipsAndExamples/Assets/Elemental/Effects/Fx_Atmospherics/Effects/P_Blowing_Snow' while loading NULL.
[2017.11.30-18.23.27:592][  0]LogLinker: Warning: Can't find file '/Game/ShipsAndExamples/Assets/Elemental/Effects/Fx_Atmospherics/Effects/P_Blowing_Snow'
[2017.11.30-18.23.27:592][  0]LoadErrors: Failed to load /Game/ShipsAndExamples/Assets/Elemental/Effects/Fx_Atmospherics/Effects/P_Blowing_Snow.P_Blowing_Snow Referenced by ParticleSystemComponent_6
[2017.11.30-18.23.27:592][  0]LogLinker: Warning: Can't find file for asset '/Game/ShipsAndExamples/Assets/Elemental/Effects/Fx_Atmospherics/Effects/P_Blowing_Snow' while loading NULL.
[2017.11.30-18.23.27:592][  0]LoadErrors: Failed to load /Game/ShipsAndExamples/Assets/Elemental/Effects/Fx_Atmospherics/Effects/P_Blowing_Snow.P_Blowing_Snow Referenced by ParticleSystemComponent_6
[2017.11.30-18.23.27:774][  0]LogLinker: Warning: Can't find file '/Game/ShipsAndExamples/HeightmapIsl'
[2017.11.30-18.23.27:774][  0]LoadErrors: Failed to load /Game/ShipsAndExamples/HeightmapIsl.HeightmapIsl Referenced by MaterialExpressionTextureSampleParameter2D_1
[2017.11.30-18.23.27:774][  0]LogLinker: Warning: Can't find file for asset '/Game/ShipsAndExamples/HeightmapIsl' while loading NULL.
[2017.11.30-18.23.27:775][  0]LoadErrors: Failed to load /Game/ShipsAndExamples/HeightmapIsl.HeightmapIsl Referenced by MaterialExpressionTextureSampleParameter2D_1
[2017.11.30-18.23.29:357][  0]LogStreaming: Display: ULevelStreaming::RequestLevel(/Game/Maps/Levels/00/00_02) is flushing async loading
[2017.11.30-18.23.29:683][  0]LogStreaming: Display: ULevelStreaming::RequestLevel(/Game/Maps/Levels/00/00_04) is flushing async loading
[2017.11.30-18.23.30:084][  0]LogStreaming: Display: ULevelStreaming::RequestLevel(/Game/Maps/Levels/00/00_03) is flushing async loading
[2017.11.30-18.23.30:208][  0]LogEditorServer: Finished looking for orphan Actors (0.000 secs)
[2017.11.30-18.23.30:230][  0]Cmd: MAP CHECKDEP NOCLEARLOG
[2017.11.30-18.23.30:287][  0]MapCheck: Map check complete: 0 Error(s), 0 Warning(s), took 56.818ms to complete.
[2017.11.30-18.23.30:287][  0]LogFileHelpers: Loading map 'World' took 5.437
[2017.11.30-18.23.30:476][  0]LogCollectionManager: Loaded 0 collections in 0.001400 seconds
[2017.11.30-18.23.30:545][  0]LogFileCache: Scanning file cache for directory 'C:/Users/gusta/Documents/GitHub/ConsciousnessMoved/ConsciousnessMoved/Saved/Collections/' took 0.01s
[2017.11.30-18.23.30:545][  0]LogFileCache: Scanning file cache for directory 'C:/Users/gusta/Documents/GitHub/ConsciousnessMoved/ConsciousnessMoved/Content/Developers/gusta/Collections/' took 0.01s
[2017.11.30-18.23.30:545][  0]LogFileCache: Scanning file cache for directory 'C:/Users/gusta/Documents/GitHub/ConsciousnessMoved/ConsciousnessMoved/Content/Collections/' took 0.01s
[2017.11.30-18.23.30:545][  0]LogCollectionManager: Rebuilt the GUID cache for 0 collections in 0.000000 seconds
[2017.11.30-18.23.30:555][  0]LogContentBrowser: Native class hierarchy populated in 0.0095 seconds. Added 2385 classes and 531 folders.
[2017.11.30-18.23.30:605][  0]LogContentBrowser: Native class hierarchy updated for 'WidgetCarousel' in 0.0003 seconds. Added 0 classes and 0 folders.
[2017.11.30-18.23.31:494][  0]LogContentBrowser: Native class hierarchy updated for 'AddContentDialog' in 0.0003 seconds. Added 0 classes and 0 folders.
[2017.11.30-18.23.31:527][  0]LogContentBrowser: Native class hierarchy updated for 'SceneOutliner' in 0.0003 seconds. Added 1 classes and 2 folders.
[2017.11.30-18.23.31:640][  0]LogContentBrowser: Native class hierarchy updated for 'WorldBrowser' in 0.0006 seconds. Added 2 classes and 3 folders.
[2017.11.30-18.23.33:312][  0]LogSlate: Only BGRA pngs, bmps or icos are supported in by External Image Picker
[2017.11.30-18.23.33:362][  0]LogTemp: Executing iPhonePackager certificates Engine -bundlename com.YourCompany.ConsciousnessMoved
[2017.11.30-18.23.33:362][  0]LogTemp: CWD: P:\Program Files\Epic Games\UE_4.18\Engine\Binaries\DotNET\IOS
[2017.11.30-18.23.33:362][  0]LogTemp: Initial Dir: P:\Program Files\Epic Games\UE_4.18
[2017.11.30-18.23.33:362][  0]LogTemp: Env CWD: P:\Program Files\Epic Games\UE_4.18\Engine\Binaries\DotNET\IOS
[2017.11.30-18.23.33:362][  0]LogTemp: BranchPath = DESKTOP-CHRC293/P/Program Files/Epic Games/UE_4.18/Engine/Binaries --- GameBranchPath = DESKTOP-CHRC293/P/Program Files/Epic Games/UE_4.18/Engine/Binaries
[2017.11.30-18.23.33:362][  0]LogSlate: Took 0.011420 seconds to synchronously load lazily loaded font '../../../Engine/Content/Slate/Fonts/Roboto-Regular.ttf' (155K)
[2017.11.30-18.23.33:382][  0]LogTemp: IPP ERROR: Could not find provision directory 'C:\Users\gusta\AppData\Local/Apple Computer/MobileDevice/Provisioning Profiles/'.
[2017.11.30-18.23.33:382][  0]LogSlate: Took 0.018632 seconds to synchronously load lazily loaded font '../../../Engine/Content/Slate/Fonts/Roboto-Bold.ttf' (160K)
[2017.11.30-18.23.33:407][  0]LogSlate: Took 0.019443 seconds to synchronously load lazily loaded font '../../../Engine/Content/Editor/Slate/Fonts/FontAwesome.ttf' (139K)
[2017.11.30-18.23.33:605][  0]LogRenderer: Reallocating scene render targets to support 1188x576 Format 9 NumSamples 1 (Frame:1).
[2017.11.30-18.23.33:817][  0]LogContentBrowser: Native class hierarchy updated for 'HierarchicalLODOutliner' in 0.0003 seconds. Added 1 classes and 2 folders.
[2017.11.30-18.23.33:817][  0]LogLoad: (Engine Initialization) Total time: 63.29 seconds
[2017.11.30-18.23.33:817][  0]LogLoad: (Engine Initialization) Total Blueprint compile time: 0.00 seconds
[2017.11.30-18.23.33:817][  0]LogExternalProfiler: No external profilers were discovered.  External profiling features will not be available.
[2017.11.30-18.23.34:181][  0]LogContentStreaming: Texture pool size now 600 MB
[2017.11.30-18.23.34:327][  0]LogSlate: Took 0.003850 seconds to synchronously load lazily loaded font '../../../Engine/Content/Slate/Fonts/Roboto-Light.ttf' (159K)
[2017.11.30-18.23.34:510][  1]LogAssetRegistry: Asset discovery search completed in 34.3635 seconds
[2017.11.30-18.23.34:514][  1]LogCollectionManager: Rebuilt the object cache for 0 collections in 0.000000 seconds (found 0 objects)
[2017.11.30-18.23.34:514][  1]LogCollectionManager: Fixed up redirectors for 0 collections in 0.000061 seconds (updated 0 objects)
[2017.11.30-18.23.35:165][  3]LogSlate: Took 0.000203 seconds to synchronously load lazily loaded font '../../../Engine/Content/Slate/Fonts/Roboto-Light.ttf' (159K)
[2017.11.30-18.27.56:006][854]LogTemp: Repeating last play command: Selected Viewport
[2017.11.30-18.27.56:237][854]LogBlueprintUserMessages: Early PlayInEditor Detection: Level '/Game/Maps/World.World:PersistentLevel' has LevelScriptBlueprint '/Game/Maps/World.World:PersistentLevel.World' with GeneratedClass '/Game/Maps/World.World_C' with ClassGeneratedBy '/Game/Maps/World.World:PersistentLevel.World'
[2017.11.30-18.27.56:237][854]LogBlueprintUserMessages: Early PlayInEditor Detection: Level '/Game/Maps/Levels/00/00_01.00_01:PersistentLevel' has LevelScriptBlueprint '/Game/Maps/Levels/00/00_01.00_01:PersistentLevel.00_01' with GeneratedClass '/Game/Maps/Levels/00/00_01.00_01_C' with ClassGeneratedBy '/Game/Maps/Levels/00/00_01.00_01:PersistentLevel.00_01'
[2017.11.30-18.27.56:237][854]LogBlueprintUserMessages: Early PlayInEditor Detection: Level '/Game/Maps/Levels/00/OceanWorld.OceanWorld:PersistentLevel' has LevelScriptBlueprint '/Game/Maps/Levels/00/OceanWorld.OceanWorld:PersistentLevel.OceanWorld' with GeneratedClass '/Game/Maps/Levels/00/OceanWorld.OceanWorld_C' with ClassGeneratedBy '/Game/Maps/Levels/00/OceanWorld.OceanWorld:PersistentLevel.OceanWorld'
[2017.11.30-18.27.56:237][854]LogBlueprintUserMessages: Early PlayInEditor Detection: Level '/Game/Maps/Levels/00/00_02.00_02:PersistentLevel' has LevelScriptBlueprint '/Game/Maps/Levels/00/00_02.00_02:PersistentLevel.00_02' with GeneratedClass '/Game/Maps/Levels/00/00_02.00_02_C' with ClassGeneratedBy '/Game/Maps/Levels/00/00_02.00_02:PersistentLevel.00_02'
[2017.11.30-18.27.56:237][854]LogBlueprintUserMessages: Early PlayInEditor Detection: Level '/Game/Maps/Levels/00/00_04.00_04:PersistentLevel' has LevelScriptBlueprint '/Game/Maps/Levels/00/00_04.00_04:PersistentLevel.00_04' with GeneratedClass '/Game/Maps/Levels/00/00_04.00_04_C' with ClassGeneratedBy '/Game/Maps/Levels/00/00_04.00_04:PersistentLevel.00_04'
[2017.11.30-18.27.56:237][854]LogBlueprintUserMessages: Early PlayInEditor Detection: Level '/Game/Maps/Levels/00/00_03.00_03:PersistentLevel' has LevelScriptBlueprint '/Game/Maps/Levels/00/00_03.00_03:PersistentLevel.00_03' with GeneratedClass '/Game/Maps/Levels/00/00_03.00_03_C' with ClassGeneratedBy '/Game/Maps/Levels/00/00_03.00_03:PersistentLevel.00_03'
[2017.11.30-18.27.56:237][854]LogPlayLevel: PlayLevel: No blueprints needed recompiling
[2017.11.30-18.27.56:238][854]PIE: New page: PIE session: World (Nov 30, 2017, 8:27:56 PM)
[2017.11.30-18.27.56:238][854]LogPlayLevel: Creating play world package: /Game/Maps/UEDPIE_0_World
[2017.11.30-18.27.56:239][854]LogPlayLevel: PIE: StaticDuplicateObject took: (0.001314s)
[2017.11.30-18.27.56:240][854]LogAIModule: Creating AISystem for world World
[2017.11.30-18.27.56:240][854]LogPlayLevel: PIE: World Init took: (0.000866s)
[2017.11.30-18.27.56:241][854]LogPlayLevel: PIE: Created PIE world by copying editor world from /Game/Maps/World.World to /Game/Maps/UEDPIE_0_World.World (0.002555s)
[2017.11.30-18.27.56:254][854]LogInit: XAudio2 using 'Speakers (Realtek High Definition Audio)' : 2 channels at 48 kHz using 32 bits per sample (channel mask 0x3)
[2017.11.30-18.27.56:262][854]LogInit: FAudioDevice initialized.
[2017.11.30-18.27.56:319][854]LogLoad: Game class is 'BP_BaseGameMode_C'
[2017.11.30-18.27.56:669][854]LogWorld: Bringing World /Game/Maps/UEDPIE_0_World.World up for play (max tick rate 60) at 2017.11.30-19.27.56
[2017.11.30-18.27.56:671][854]LogWorld: Bringing up level for play took: 0.002182
[2017.11.30-18.27.56:705][854]LogContentBrowser: Native class hierarchy updated for 'MovieSceneCapture' in 0.0003 seconds. Added 11 classes and 0 folders.
[2017.11.30-18.27.56:708][854]PIE: Play in editor start time for /Game/Maps/UEDPIE_0_World 1.262
[2017.11.30-18.27.56:709][854]LogBlueprintUserMessages: Late PlayInEditor Detection: Level '/Game/Maps/World.World:PersistentLevel' has LevelScriptBlueprint '/Game/Maps/World.World:PersistentLevel.World' with GeneratedClass '/Game/Maps/World.World_C' with ClassGeneratedBy '/Game/Maps/World.World:PersistentLevel.World'
[2017.11.30-18.27.56:709][854]LogBlueprintUserMessages: Late PlayInEditor Detection: Level '/Game/Maps/Levels/00/00_01.00_01:PersistentLevel' has LevelScriptBlueprint '/Game/Maps/Levels/00/00_01.00_01:PersistentLevel.00_01' with GeneratedClass '/Game/Maps/Levels/00/00_01.00_01_C' with ClassGeneratedBy '/Game/Maps/Levels/00/00_01.00_01:PersistentLevel.00_01'
[2017.11.30-18.27.56:709][854]LogBlueprintUserMessages: Late PlayInEditor Detection: Level '/Game/Maps/Levels/00/OceanWorld.OceanWorld:PersistentLevel' has LevelScriptBlueprint '/Game/Maps/Levels/00/OceanWorld.OceanWorld:PersistentLevel.OceanWorld' with GeneratedClass '/Game/Maps/Levels/00/OceanWorld.OceanWorld_C' with ClassGeneratedBy '/Game/Maps/Levels/00/OceanWorld.OceanWorld:PersistentLevel.OceanWorld'
[2017.11.30-18.27.56:709][854]LogBlueprintUserMessages: Late PlayInEditor Detection: Level '/Game/Maps/Levels/00/00_02.00_02:PersistentLevel' has LevelScriptBlueprint '/Game/Maps/Levels/00/00_02.00_02:PersistentLevel.00_02' with GeneratedClass '/Game/Maps/Levels/00/00_02.00_02_C' with ClassGeneratedBy '/Game/Maps/Levels/00/00_02.00_02:PersistentLevel.00_02'
[2017.11.30-18.27.56:709][854]LogBlueprintUserMessages: Late PlayInEditor Detection: Level '/Game/Maps/Levels/00/00_04.00_04:PersistentLevel' has LevelScriptBlueprint '/Game/Maps/Levels/00/00_04.00_04:PersistentLevel.00_04' with GeneratedClass '/Game/Maps/Levels/00/00_04.00_04_C' with ClassGeneratedBy '/Game/Maps/Levels/00/00_04.00_04:PersistentLevel.00_04'
[2017.11.30-18.27.56:709][854]LogBlueprintUserMessages: Late PlayInEditor Detection: Level '/Game/Maps/Levels/00/00_03.00_03:PersistentLevel' has LevelScriptBlueprint '/Game/Maps/Levels/00/00_03.00_03:PersistentLevel.00_03' with GeneratedClass '/Game/Maps/Levels/00/00_03.00_03_C' with ClassGeneratedBy '/Game/Maps/Levels/00/00_03.00_03:PersistentLevel.00_03'
[2017.11.30-18.28.00:290][ 42]Cmd: LevelEditor.ToggleImmersive
[2017.11.30-18.28.00:454][ 43]LogRenderer: Reallocating scene render targets to support 1196x632 Format 9 NumSamples 1 (Frame:190).
[2017.11.30-18.28.00:505][ 44]LogRenderer: Reallocating scene render targets to support 1364x740 Format 9 NumSamples 1 (Frame:192).
[2017.11.30-18.30.21:981][797]LogBlueprintUserMessages: Early EndPlayMap Detection: Level '/Game/Maps/World.World:PersistentLevel' has LevelScriptBlueprint '/Game/Maps/World.World:PersistentLevel.World' with GeneratedClass '/Game/Maps/World.World_C' with ClassGeneratedBy '/Game/Maps/World.World:PersistentLevel.World'
[2017.11.30-18.30.21:981][797]LogBlueprintUserMessages: Early EndPlayMap Detection: Level '/Game/Maps/Levels/00/00_01.00_01:PersistentLevel' has LevelScriptBlueprint '/Game/Maps/Levels/00/00_01.00_01:PersistentLevel.00_01' with GeneratedClass '/Game/Maps/Levels/00/00_01.00_01_C' with ClassGeneratedBy '/Game/Maps/Levels/00/00_01.00_01:PersistentLevel.00_01'
[2017.11.30-18.30.21:981][797]LogBlueprintUserMessages: Early EndPlayMap Detection: Level '/Game/Maps/Levels/00/OceanWorld.OceanWorld:PersistentLevel' has LevelScriptBlueprint '/Game/Maps/Levels/00/OceanWorld.OceanWorld:PersistentLevel.OceanWorld' with GeneratedClass '/Game/Maps/Levels/00/OceanWorld.OceanWorld_C' with ClassGeneratedBy '/Game/Maps/Levels/00/OceanWorld.OceanWorld:PersistentLevel.OceanWorld'
[2017.11.30-18.30.21:981][797]LogBlueprintUserMessages: Early EndPlayMap Detection: Level '/Game/Maps/Levels/00/00_02.00_02:PersistentLevel' has LevelScriptBlueprint '/Game/Maps/Levels/00/00_02.00_02:PersistentLevel.00_02' with GeneratedClass '/Game/Maps/Levels/00/00_02.00_02_C' with ClassGeneratedBy '/Game/Maps/Levels/00/00_02.00_02:PersistentLevel.00_02'
[2017.11.30-18.30.21:981][797]LogBlueprintUserMessages: Early EndPlayMap Detection: Level '/Game/Maps/Levels/00/00_04.00_04:PersistentLevel' has LevelScriptBlueprint '/Game/Maps/Levels/00/00_04.00_04:PersistentLevel.00_04' with GeneratedClass '/Game/Maps/Levels/00/00_04.00_04_C' with ClassGeneratedBy '/Game/Maps/Levels/00/00_04.00_04:PersistentLevel.00_04'
[2017.11.30-18.30.21:981][797]LogBlueprintUserMessages: Early EndPlayMap Detection: Level '/Game/Maps/Levels/00/00_03.00_03:PersistentLevel' has LevelScriptBlueprint '/Game/Maps/Levels/00/00_03.00_03:PersistentLevel.00_03' with GeneratedClass '/Game/Maps/Levels/00/00_03.00_03_C' with ClassGeneratedBy '/Game/Maps/Levels/00/00_03.00_03:PersistentLevel.00_03'
[2017.11.30-18.30.22:070][797]LogBlueprintUserMessages: Late EndPlayMap Detection: Level '/Game/Maps/World.World:PersistentLevel' has LevelScriptBlueprint '/Game/Maps/World.World:PersistentLevel.World' with GeneratedClass '/Game/Maps/World.World_C' with ClassGeneratedBy '/Game/Maps/World.World:PersistentLevel.World'
[2017.11.30-18.30.22:070][797]LogBlueprintUserMessages: Late EndPlayMap Detection: Level '/Game/Maps/Levels/00/00_01.00_01:PersistentLevel' has LevelScriptBlueprint '/Game/Maps/Levels/00/00_01.00_01:PersistentLevel.00_01' with GeneratedClass '/Game/Maps/Levels/00/00_01.00_01_C' with ClassGeneratedBy '/Game/Maps/Levels/00/00_01.00_01:PersistentLevel.00_01'
[2017.11.30-18.30.22:070][797]LogBlueprintUserMessages: Late EndPlayMap Detection: Level '/Game/Maps/Levels/00/OceanWorld.OceanWorld:PersistentLevel' has LevelScriptBlueprint '/Game/Maps/Levels/00/OceanWorld.OceanWorld:PersistentLevel.OceanWorld' with GeneratedClass '/Game/Maps/Levels/00/OceanWorld.OceanWorld_C' with ClassGeneratedBy '/Game/Maps/Levels/00/OceanWorld.OceanWorld:PersistentLevel.OceanWorld'
[2017.11.30-18.30.22:070][797]LogBlueprintUserMessages: Late EndPlayMap Detection: Level '/Game/Maps/Levels/00/00_02.00_02:PersistentLevel' has LevelScriptBlueprint '/Game/Maps/Levels/00/00_02.00_02:PersistentLevel.00_02' with GeneratedClass '/Game/Maps/Levels/00/00_02.00_02_C' with ClassGeneratedBy '/Game/Maps/Levels/00/00_02.00_02:PersistentLevel.00_02'
[2017.11.30-18.30.22:070][797]LogBlueprintUserMessages: Late EndPlayMap Detection: Level '/Game/Maps/Levels/00/00_04.00_04:PersistentLevel' has LevelScriptBlueprint '/Game/Maps/Levels/00/00_04.00_04:PersistentLevel.00_04' with GeneratedClass '/Game/Maps/Levels/00/00_04.00_04_C' with ClassGeneratedBy '/Game/Maps/Levels/00/00_04.00_04:PersistentLevel.00_04'
[2017.11.30-18.30.22:070][797]LogBlueprintUserMessages: Late EndPlayMap Detection: Level '/Game/Maps/Levels/00/00_03.00_03:PersistentLevel' has LevelScriptBlueprint '/Game/Maps/Levels/00/00_03.00_03:PersistentLevel.00_03' with GeneratedClass '/Game/Maps/Levels/00/00_03.00_03_C' with ClassGeneratedBy '/Game/Maps/Levels/00/00_03.00_03:PersistentLevel.00_03'
[2017.11.30-18.30.22:090][797]LogRenderer: Reallocating scene render targets to support 1920x1040 Format 9 NumSamples 1 (Frame:77).
[2017.11.30-18.33.14:806][373]Cmd: QUIT_EDITOR
[2017.11.30-18.33.15:216][373]LogWindowsTextInputMethodSystem: Display: IME system now deactivated.
[2017.11.30-18.33.15:228][373]LogExit: Preparing to exit.
[2017.11.30-18.33.16:390][373]LogExit: Editor shut down
[2017.11.30-18.33.16:394][373]LogExit: Transaction tracking system shut down
[2017.11.30-18.33.16:528][373]LogDirectoryWatcher: A directory notification for '../../../Engine/Content/' was aborted.
[2017.11.30-18.33.16:528][373]LogDirectoryWatcher: A directory notification for 'C:/Users/gusta/Documents/GitHub/ConsciousnessMoved/ConsciousnessMoved/Content/' was aborted.
[2017.11.30-18.33.16:528][373]LogDirectoryWatcher: A directory notification for '../../../Engine/Plugins/2D/Paper2D/Content/' was aborted.
[2017.11.30-18.33.16:528][373]LogDirectoryWatcher: A directory notification for '../../../Engine/Plugins/Media/MediaCompositing/Content/' was aborted.
[2017.11.30-18.33.16:528][373]LogDirectoryWatcher: A directory notification for '../../../Engine/Plugins/Runtime/AppleARKit/Content/' was aborted.
[2017.11.30-18.33.16:528][373]LogDirectoryWatcher: A directory notification for '../../../Engine/Plugins/Runtime/Oculus/OculusVR/Content/' was aborted.
[2017.11.30-18.33.16:528][373]LogDirectoryWatcher: A directory notification for '../../../Engine/Plugins/Runtime/Steam/SteamVR/Content/' was aborted.
[2017.11.30-18.33.16:582][373]LogExit: Object subsystem successfully closed.
[2017.11.30-18.33.16:607][373]LogD3D11RHI: Shutdown
[2017.11.30-18.33.16:607][373]LogD3D11RHI: CleanupD3DDevice
[2017.11.30-18.33.16:610][373]LogD3D11RHI: ~FD3D11DynamicRHI
[2017.11.30-18.33.16:618][373]LogModuleManager: Shutting down and abandoning module MovieSceneCapture (560)
[2017.11.30-18.33.16:618][373]LogModuleManager: Shutting down and abandoning module HierarchicalLODOutliner (558)
[2017.11.30-18.33.16:618][373]LogModuleManager: Shutting down and abandoning module ExternalImagePicker (556)
[2017.11.30-18.33.16:618][373]LogModuleManager: Shutting down and abandoning module WorldBrowser (554)
[2017.11.30-18.33.16:618][373]LogModuleManager: Shutting down and abandoning module SceneOutliner (552)
[2017.11.30-18.33.16:618][373]LogModuleManager: Shutting down and abandoning module AddContentDialog (550)
[2017.11.30-18.33.16:618][373]LogDirectoryWatcher: A directory notification for 'P:/Program Files/Epic Games/UE_4.18/FeaturePacks/' was aborted.
[2017.11.30-18.33.16:619][373]LogModuleManager: Shutting down and abandoning module WidgetCarousel (549)
[2017.11.30-18.33.16:619][373]LogModuleManager: Shutting down and abandoning module EditorWidgets (546)
[2017.11.30-18.33.16:619][373]LogModuleManager: Shutting down and abandoning module CollectionManager (544)
[2017.11.30-18.33.16:619][373]LogDirectoryWatcher: A directory notification for 'C:/Users/gusta/Documents/GitHub/ConsciousnessMoved/ConsciousnessMoved/Content/Collections/' was aborted.
[2017.11.30-18.33.16:619][373]LogDirectoryWatcher: A directory notification for 'C:/Users/gusta/Documents/GitHub/ConsciousnessMoved/ConsciousnessMoved/Content/Developers/gusta/Collections/' was aborted.
[2017.11.30-18.33.16:619][373]LogDirectoryWatcher: A directory notification for 'C:/Users/gusta/Documents/GitHub/ConsciousnessMoved/ConsciousnessMoved/Saved/Collections/' was aborted.
[2017.11.30-18.33.16:620][373]LogModuleManager: Shutting down and abandoning module StatsViewer (542)
[2017.11.30-18.33.16:620][373]LogModuleManager: Shutting down and abandoning module FoliageEdit (540)
[2017.11.30-18.33.16:620][373]LogModuleManager: Shutting down and abandoning module LandscapeEditor (538)
[2017.11.30-18.33.16:620][373]LogModuleManager: Shutting down and abandoning module MeshPaintMode (536)
[2017.11.30-18.33.16:620][373]LogModuleManager: Shutting down and abandoning module SceneDepthPickerMode (534)
[2017.11.30-18.33.16:620][373]LogModuleManager: Shutting down and abandoning module ActorPickerMode (532)
[2017.11.30-18.33.16:620][373]LogModuleManager: Shutting down and abandoning module GeometryMode (530)
[2017.11.30-18.33.16:620][373]LogModuleManager: Shutting down and abandoning module TextureAlignMode (528)
[2017.11.30-18.33.16:620][373]LogModuleManager: Shutting down and abandoning module BspMode (526)
[2017.11.30-18.33.16:620][373]LogModuleManager: Shutting down and abandoning module PIEPreviewDeviceProfileSelector (524)
[2017.11.30-18.33.16:620][373]LogModuleManager: Shutting down and abandoning module HardwareSurvey (522)
[2017.11.30-18.33.16:620][373]LogModuleManager: Shutting down and abandoning module SequenceRecorderSections (520)
[2017.11.30-18.33.16:620][373]LogModuleManager: Shutting down and abandoning module AutomationWorker (518)
[2017.11.30-18.33.16:620][373]LogModuleManager: Shutting down and abandoning module MatineeToLevelSequence (516)
[2017.11.30-18.33.16:620][373]LogModuleManager: Shutting down and abandoning module LevelSequenceEditor (514)
[2017.11.30-18.33.16:620][373]LogModuleManager: Shutting down and abandoning module PlacementMode (513)
[2017.11.30-18.33.16:620][373]LogModuleManager: Shutting down and abandoning module WmfMediaFactory (510)
[2017.11.30-18.33.16:620][373]LogModuleManager: Shutting down and abandoning module WmfMediaEditor (508)
[2017.11.30-18.33.16:620][373]LogModuleManager: Shutting down and abandoning module OpenExrWrapper (506)
[2017.11.30-18.33.16:620][373]LogModuleManager: Shutting down and abandoning module ImgMediaFactory (504)
[2017.11.30-18.33.16:620][373]LogModuleManager: Shutting down and abandoning module ImgMediaEditor (502)
[2017.11.30-18.33.16:620][373]LogModuleManager: Shutting down and abandoning module AvfMediaFactory (500)
[2017.11.30-18.33.16:620][373]LogModuleManager: Shutting down and abandoning module AvfMediaEditor (498)
[2017.11.30-18.33.16:620][373]LogModuleManager: Shutting down and abandoning module AndroidMediaFactory (496)
[2017.11.30-18.33.16:620][373]LogModuleManager: Shutting down and abandoning module AndroidMediaEditor (494)
[2017.11.30-18.33.16:620][373]LogModuleManager: Shutting down and abandoning module CharacterAI (492)
[2017.11.30-18.33.16:620][373]LogModuleManager: Shutting down and abandoning module AudioCapture (490)
[2017.11.30-18.33.16:620][373]LogModuleManager: Shutting down and abandoning module SequenceRecorder (489)
[2017.11.30-18.33.16:620][373]LogModuleManager: Shutting down and abandoning module SmartSnapping (486)
[2017.11.30-18.33.16:620][373]LogModuleManager: Shutting down and abandoning module SessionServices (484)
[2017.11.30-18.33.16:620][373]LogModuleManager: Shutting down and abandoning module ViewportSnapping (482)
[2017.11.30-18.33.16:620][373]LogModuleManager: Shutting down and abandoning module ViewportInteraction (480)
[2017.11.30-18.33.16:620][373]LogModuleManager: Shutting down and abandoning module ClothPainter (478)
[2017.11.30-18.33.16:620][373]LogModuleManager: Shutting down and abandoning module SkeletalMeshEditor (477)
[2017.11.30-18.33.16:620][373]LogModuleManager: Shutting down and abandoning module LogVisualizer (474)
[2017.11.30-18.33.16:620][373]LogModuleManager: Shutting down and abandoning module IntroTutorials (472)
[2017.11.30-18.33.16:620][373]LogModuleManager: Shutting down and abandoning module GameProjectGeneration (471)
[2017.11.30-18.33.16:621][373]LogModuleManager: Shutting down and abandoning module IOSPlatformEditor (468)
[2017.11.30-18.33.16:621][373]LogModuleManager: Shutting down and abandoning module HTML5PlatformEditor (466)
[2017.11.30-18.33.16:621][373]LogModuleManager: Shutting down and abandoning module AndroidPlatformEditor (464)
[2017.11.30-18.33.16:621][373]LogModuleManager: Shutting down and abandoning module AndroidDeviceDetection (463)
[2017.11.30-18.33.17:570][373]LogModuleManager: Shutting down and abandoning module WindowsPlatformEditor (460)
[2017.11.30-18.33.17:570][373]LogModuleManager: Shutting down and abandoning module IOSRuntimeSettings (458)
[2017.11.30-18.33.17:570][373]LogModuleManager: Shutting down and abandoning module AndroidRuntimeSettings (456)
[2017.11.30-18.33.17:570][373]LogModuleManager: Shutting down and abandoning module InputBindingEditor (454)
[2017.11.30-18.33.17:570][373]LogModuleManager: Shutting down and abandoning module MergeActors (452)
[2017.11.30-18.33.17:570][373]LogModuleManager: Shutting down and abandoning module SizeMap (450)
[2017.11.30-18.33.17:570][373]LogModuleManager: Shutting down and abandoning module TreeMap (448)
[2017.11.30-18.33.17:570][373]LogModuleManager: Shutting down and abandoning module ReferenceViewer (446)
[2017.11.30-18.33.17:570][373]LogModuleManager: Shutting down and abandoning module LocalizationDashboard (444)
[2017.11.30-18.33.17:570][373]LogModuleManager: Shutting down and abandoning module LocalizationService (443)
[2017.11.30-18.33.17:570][373]LogModuleManager: Shutting down and abandoning module HardwareTargeting (440)
[2017.11.30-18.33.17:570][373]LogModuleManager: Shutting down and abandoning module DeviceProfileEditor (438)
[2017.11.30-18.33.17:570][373]LogModuleManager: Shutting down and abandoning module UndoHistory (436)
[2017.11.30-18.33.17:570][373]LogModuleManager: Shutting down and abandoning module XmlParser (434)
[2017.11.30-18.33.17:570][373]LogModuleManager: Shutting down and abandoning module Blutility (432)
[2017.11.30-18.33.17:570][373]LogModuleManager: Shutting down and abandoning module ProjectSettingsViewer (430)
[2017.11.30-18.33.17:570][373]LogModuleManager: Shutting down and abandoning module ProjectTargetPlatformEditor (429)
[2017.11.30-18.33.17:570][373]LogModuleManager: Shutting down and abandoning module EditorSettingsViewer (426)
[2017.11.30-18.33.17:570][373]LogModuleManager: Shutting down and abandoning module SettingsEditor (424)
[2017.11.30-18.33.17:570][373]LogModuleManager: Shutting down and abandoning module ProjectLauncher (422)
[2017.11.30-18.33.17:570][373]LogModuleManager: Shutting down and abandoning module SessionFrontend (420)
[2017.11.30-18.33.17:570][373]LogModuleManager: Shutting down and abandoning module ProfilerClient (418)
[2017.11.30-18.33.17:570][373]LogModuleManager: Shutting down and abandoning module DeviceManager (416)
[2017.11.30-18.33.17:570][373]LogModuleManager: Shutting down and abandoning module TargetDeviceServices (415)
[2017.11.30-18.33.17:625][373]LogModuleManager: Shutting down and abandoning module AutomationController (412)
[2017.11.30-18.33.17:625][373]LogModuleManager: Shutting down and abandoning module AutomationWindow (410)
[2017.11.30-18.33.17:625][373]LogModuleManager: Shutting down and abandoning module Layers (408)
[2017.11.30-18.33.17:625][373]LogModuleManager: Shutting down and abandoning module ComponentVisualizers (406)
[2017.11.30-18.33.17:625][373]LogModuleManager: Shutting down and abandoning module DetailCustomizations (404)
[2017.11.30-18.33.17:625][373]LogModuleManager: Shutting down and abandoning module PackagesDialog (402)
[2017.11.30-18.33.17:625][373]LogModuleManager: Shutting down and abandoning module Persona (400)
[2017.11.30-18.33.17:625][373]LogModuleManager: Shutting down and abandoning module AdvancedPreviewScene (399)
[2017.11.30-18.33.17:625][373]LogModuleManager: Shutting down and abandoning module AnimGraph (397)
[2017.11.30-18.33.17:625][373]LogModuleManager: Shutting down and abandoning module Kismet (394)
[2017.11.30-18.33.17:627][373]LogModuleManager: Shutting down and abandoning module ClassViewer (392)
[2017.11.30-18.33.17:627][373]LogModuleManager: Shutting down and abandoning module Toolbox (390)
[2017.11.30-18.33.17:627][373]LogModuleManager: Shutting down and abandoning module ModuleUI (388)
[2017.11.30-18.33.17:627][373]LogModuleManager: Shutting down and abandoning module MovieSceneTools (386)
[2017.11.30-18.33.17:627][373]LogModuleManager: Shutting down and abandoning module OutputLog (384)
[2017.11.30-18.33.17:627][373]LogModuleManager: Shutting down and abandoning module GammaUI (382)
[2017.11.30-18.33.17:627][373]LogModuleManager: Shutting down and abandoning module Documentation (380)
[2017.11.30-18.33.17:627][373]LogModuleManager: Shutting down and abandoning module MovieSceneTracks (378)
[2017.11.30-18.33.17:627][373]LogModuleManager: Shutting down and abandoning module MovieScene (376)
[2017.11.30-18.33.17:627][373]LogModuleManager: Shutting down and abandoning module StreamingPauseRendering (374)
[2017.11.30-18.33.17:627][373]LogModuleManager: Shutting down and abandoning module LauncherPlatform (372)
[2017.11.30-18.33.17:627][373]LogModuleManager: Shutting down and abandoning module AnalyticsET (370)
[2017.11.30-18.33.17:627][373]LogModuleManager: Shutting down and abandoning module PortalServices (368)
[2017.11.30-18.33.17:627][373]LogModuleManager: Shutting down and abandoning module PortalRpc (366)
[2017.11.30-18.33.17:627][373]LogModuleManager: Shutting down and abandoning module MessagingRpc (364)
[2017.11.30-18.33.17:627][373]LogModuleManager: Shutting down and abandoning module AIModule (362)
[2017.11.30-18.33.17:627][373]LogModuleManager: Shutting down and abandoning module GameplayDebugger (361)
[2017.11.30-18.33.17:627][373]LogModuleManager: Shutting down and abandoning module AITestSuite (359)
[2017.11.30-18.33.17:627][373]LogModuleManager: Shutting down and abandoning module DesktopPlatform (356)
[2017.11.30-18.33.17:627][373]LogModuleManager: Shutting down and abandoning module ProfilerService (354)
[2017.11.30-18.33.17:865][373]LogModuleManager: Shutting down and abandoning module TaskGraph (352)
[2017.11.30-18.33.17:865][373]LogModuleManager: Shutting down and abandoning module OceanPlugin (350)
[2017.11.30-18.33.17:865][373]LogModuleManager: Shutting down and abandoning module SteamVRController (348)
[2017.11.30-18.33.17:865][373]LogModuleManager: Shutting down and abandoning module ProceduralMeshComponentEditor (346)
[2017.11.30-18.33.17:865][373]LogModuleManager: Shutting down and abandoning module ProceduralMeshComponent (344)
[2017.11.30-18.33.17:865][373]LogModuleManager: Shutting down and abandoning module OculusInput (342)
[2017.11.30-18.33.17:865][373]LogModuleManager: Shutting down and abandoning module MobilePatchingUtils (340)
[2017.11.30-18.33.17:865][373]LogModuleManager: Shutting down and abandoning module CustomMeshComponent (338)
[2017.11.30-18.33.17:865][373]LogModuleManager: Shutting down and abandoning module CableComponent (336)
[2017.11.30-18.33.17:865][373]LogModuleManager: Shutting down and abandoning module ArchVisCharacter (334)
[2017.11.30-18.33.17:865][373]LogModuleManager: Shutting down and abandoning module AndroidPermission (332)
[2017.11.30-18.33.17:865][373]LogModuleManager: Shutting down and abandoning module ActorSequence (328)
[2017.11.30-18.33.17:865][373]LogModuleManager: Shutting down and abandoning module MediaPlayerEditor (326)
[2017.11.30-18.33.17:865][373]LogModuleManager: Shutting down and abandoning module MediaCompositingEditor (324)
[2017.11.30-18.33.17:865][373]LogModuleManager: Shutting down and abandoning module MediaCompositing (322)
[2017.11.30-18.33.17:865][373]LogModuleManager: Shutting down and abandoning module HTML5Networking (320)
[2017.11.30-18.33.17:865][373]LogModuleManager: Shutting down and abandoning module AlembicImporter (318)
[2017.11.30-18.33.17:865][373]LogModuleManager: Shutting down and abandoning module AlembicLibrary (317)
[2017.11.30-18.33.17:865][373]LogModuleManager: Shutting down and abandoning module GeometryCache (316)
[2017.11.30-18.33.17:865][373]LogModuleManager: Shutting down and abandoning module GeometryCacheEd (315)
[2017.11.30-18.33.17:865][373]LogModuleManager: Shutting down and abandoning module SpeedTreeImporter (310)
[2017.11.30-18.33.17:865][373]LogModuleManager: Shutting down and abandoning module PluginBrowser (308)
[2017.11.30-18.33.17:865][373]LogModuleManager: Shutting down and abandoning module MobileLauncherProfileWizard (306)
[2017.11.30-18.33.17:865][373]LogModuleManager: Shutting down and abandoning module VisualStudioSourceCodeAccess (304)
[2017.11.30-18.33.17:865][373]LogModuleManager: Shutting down and abandoning module VisualStudioCodeSourceCodeAccess (302)
[2017.11.30-18.33.17:865][373]LogModuleManager: Shutting down and abandoning module UObjectPlugin (300)
[2017.11.30-18.33.17:865][373]LogModuleManager: Shutting down and abandoning module SubversionSourceControl (298)
[2017.11.30-18.33.17:865][373]LogModuleManager: Shutting down and abandoning module PerforceSourceControl (296)
[2017.11.30-18.33.17:865][373]LogModuleManager: Shutting down and abandoning module GitSourceControl (294)
[2017.11.30-18.33.17:865][373]LogModuleManager: Shutting down and abandoning module SourceControl (293)
[2017.11.30-18.33.17:865][373]LogModuleManager: Shutting down and abandoning module LightPropagationVolumeEditor (290)
[2017.11.30-18.33.17:865][373]LogModuleManager: Shutting down and abandoning module PaperTiledImporter (288)
[2017.11.30-18.33.17:865][373]LogModuleManager: Shutting down and abandoning module PaperSpriteSheetImporter (286)
[2017.11.30-18.33.17:865][373]LogModuleManager: Shutting down and abandoning module Paper2DEditor (284)
[2017.11.30-18.33.17:866][373]LogModuleManager: Shutting down and abandoning module MeshPaint (283)
[2017.11.30-18.33.17:866][373]LogModuleManager: Shutting down and abandoning module LevelEditor (281)
[2017.11.30-18.33.17:866][373]LogModuleManager: Shutting down and abandoning module PixelInspectorModule (280)
[2017.11.30-18.33.17:867][373]LogModuleManager: Shutting down and abandoning module MainFrame (278)
[2017.11.30-18.33.17:867][373]LogModuleManager: Shutting down and abandoning module HotReload (277)
[2017.11.30-18.33.17:867][373]LogDirectoryWatcher: A directory notification for 'C:/Users/gusta/Documents/GitHub/ConsciousnessMoved/ConsciousnessMoved/Plugins/OceanPlugin/Binaries/Win64' was aborted.
[2017.11.30-18.33.17:867][373]LogModuleManager: Shutting down and abandoning module RuntimePhysXCooking (272)
[2017.11.30-18.33.17:867][373]LogModuleManager: Shutting down and abandoning module PhysXVehiclesEditor (270)
[2017.11.30-18.33.17:867][373]LogModuleManager: Shutting down and abandoning module PhysXVehicles (268)
[2017.11.30-18.33.17:867][373]LogModuleManager: Shutting down and abandoning module OculusEditor (266)
[2017.11.30-18.33.17:867][373]LogModuleManager: Shutting down and abandoning module LocationServicesBPLibrary (264)
[2017.11.30-18.33.17:867][373]LogModuleManager: Shutting down and abandoning module ImmediatePhysicsEditor (262)
[2017.11.30-18.33.17:867][373]LogModuleManager: Shutting down and abandoning module ImmediatePhysics (260)
[2017.11.30-18.33.17:867][373]LogModuleManager: Shutting down and abandoning module ApexDestructionEditor (258)
[2017.11.30-18.33.17:867][373]LogModuleManager: Shutting down and abandoning module ApexDestruction (256)
[2017.11.30-18.33.17:867][373]LogModuleManager: Shutting down and abandoning module UdpMessaging (254)
[2017.11.30-18.33.17:968][373]LogModuleManager: Shutting down and abandoning module TcpMessaging (252)
[2017.11.30-18.33.18:069][373]LogModuleManager: Shutting down and abandoning module GameplayTagsEditor (250)
[2017.11.30-18.33.18:069][373]LogModuleManager: Shutting down and abandoning module FacialAnimationEditor (248)
[2017.11.30-18.33.18:069][373]LogModuleManager: Shutting down and abandoning module FacialAnimation (246)
[2017.11.30-18.33.18:069][373]LogModuleManager: Shutting down and abandoning module AssetManagerEditor (244)
[2017.11.30-18.33.18:069][373]LogModuleManager: Shutting down and abandoning module GraphEditor (243)
[2017.11.30-18.33.18:069][373]LogModuleManager: Shutting down and abandoning module ContentBrowser (241)
[2017.11.30-18.33.18:070][373]LogModuleManager: Shutting down and abandoning module LightPropagationVolumeRuntime (238)
[2017.11.30-18.33.18:070][373]LogModuleManager: Shutting down and abandoning module Paper2D (236)
[2017.11.30-18.33.18:070][373]LogModuleManager: Shutting down and abandoning module WindowsMoviePlayer (234)
[2017.11.30-18.33.18:070][373]LogModuleManager: Shutting down and abandoning module WmfMedia (232)
[2017.11.30-18.33.18:070][373]LogModuleManager: Shutting down and abandoning module ImgMedia (230)
[2017.11.30-18.33.18:070][373]LogModuleManager: Shutting down and abandoning module PacketHandler (228)
[2017.11.30-18.33.18:070][373]LogModuleManager: Shutting down and abandoning module ClothingSystemEditor (226)
[2017.11.30-18.33.18:070][373]LogModuleManager: Shutting down and abandoning module ClothingSystemRuntime (224)
[2017.11.30-18.33.18:070][373]LogModuleManager: Shutting down and abandoning module MediaAssets (222)
[2017.11.30-18.33.18:070][373]LogModuleManager: Shutting down and abandoning module Media (221)
[2017.11.30-18.33.18:077][373]LogModuleManager: Shutting down and abandoning module Overlay (218)
[2017.11.30-18.33.18:077][373]LogModuleManager: Shutting down and abandoning module OverlayEditor (217)
[2017.11.30-18.33.18:077][373]LogModuleManager: Shutting down and abandoning module VREditor (214)
[2017.11.30-18.33.18:077][373]LogModuleManager: Shutting down and abandoning module StringTableEditor (212)
[2017.11.30-18.33.18:077][373]LogModuleManager: Shutting down and abandoning module GameplayTasksEditor (210)
[2017.11.30-18.33.18:077][373]LogModuleManager: Shutting down and abandoning module BehaviorTreeEditor (208)
[2017.11.30-18.33.18:077][373]LogModuleManager: Shutting down and abandoning module FunctionalTesting (206)
[2017.11.30-18.33.18:077][373]LogModuleManager: Shutting down and abandoning module CollisionAnalyzer (204)
[2017.11.30-18.33.18:077][373]LogModuleManager: Shutting down and abandoning module WorkspaceMenuStructure (203)
[2017.11.30-18.33.18:077][373]LogModuleManager: Shutting down and abandoning module UMG (200)
[2017.11.30-18.33.18:077][373]LogModuleManager: Shutting down and abandoning module UMGEditor (199)
[2017.11.30-18.33.18:077][373]LogModuleManager: Shutting down and abandoning module Sequencer (198)
[2017.11.30-18.33.18:077][373]LogModuleManager: Shutting down and abandoning module MessageLog (195)
[2017.11.30-18.33.18:077][373]LogModuleManager: Shutting down and abandoning module SlateReflector (190)
[2017.11.30-18.33.18:077][373]LogModuleManager: Shutting down and abandoning module Slate (188)
[2017.11.30-18.33.18:077][373]LogModuleManager: Shutting down and abandoning module EditorStyle (186)
[2017.11.30-18.33.18:079][373]LogModuleManager: Shutting down and abandoning module MRMesh (184)
[2017.11.30-18.33.18:079][373]LogModuleManager: Shutting down and abandoning module SourceCodeAccess (182)
[2017.11.30-18.33.18:079][373]LogModuleManager: Shutting down and abandoning module HeadMountedDisplay (180)
[2017.11.30-18.33.18:079][373]LogModuleManager: Shutting down and abandoning module XAudio2 (178)
[2017.11.30-18.33.18:079][373]LogModuleManager: Shutting down and abandoning module Networking (176)
[2017.11.30-18.33.18:079][373]LogModuleManager: Shutting down and abandoning module Core (172)
[2017.11.30-18.33.18:079][373]LogModuleManager: Shutting down and abandoning module LevelSequence (168)
[2017.11.30-18.33.18:079][373]LogModuleManager: Shutting down and abandoning module DirectoryWatcher (166)
[2017.11.30-18.33.18:080][373]LogModuleManager: Shutting down and abandoning module KismetCompiler (164)
[2017.11.30-18.33.18:080][373]LogModuleManager: Shutting down and abandoning module MeshUtilities (162)
[2017.11.30-18.33.18:080][373]LogModuleManager: Shutting down and abandoning module MeshMergeUtilities (161)
[2017.11.30-18.33.18:080][373]LogModuleManager: Shutting down and abandoning module MeshReductionInterface (160)
[2017.11.30-18.33.18:080][373]LogModuleManager: Shutting down and abandoning module SimplygonSwarm (159)
[2017.11.30-18.33.18:080][373]LogModuleManager: Shutting down and abandoning module SimplygonMeshReduction (157)
[2017.11.30-18.33.18:080][373]LogModuleManager: Shutting down and abandoning module QuadricMeshReduction (155)
[2017.11.30-18.33.18:080][373]LogModuleManager: Shutting down and abandoning module MaterialBaking (151)
[2017.11.30-18.33.18:080][373]LogModuleManager: Shutting down and abandoning module DerivedDataCache (148)
[2017.11.30-18.33.18:136][373]LogDerivedDataCache: Shutdown
[2017.11.30-18.33.18:136][373]LogModuleManager: Shutting down and abandoning module TargetPlatform (146)
[2017.11.30-18.33.18:136][373]LogModuleManager: Shutting down and abandoning module VulkanShaderFormat (145)
[2017.11.30-18.33.18:136][373]LogModuleManager: Shutting down and abandoning module ShaderFormatVectorVM (143)
[2017.11.30-18.33.18:136][373]LogModuleManager: Shutting down and abandoning module ShaderFormatOpenGL (141)
[2017.11.30-18.33.18:136][373]LogModuleManager: Shutting down and abandoning module ShaderFormatD3D (139)
[2017.11.30-18.33.18:136][373]LogModuleManager: Shutting down and abandoning module MetalShaderFormat (137)
[2017.11.30-18.33.18:136][373]LogModuleManager: Shutting down and abandoning module TextureFormatUncompressed (135)
[2017.11.30-18.33.18:136][373]LogModuleManager: Shutting down and abandoning module TextureFormatPVR (133)
[2017.11.30-18.33.18:136][373]LogModuleManager: Shutting down and abandoning module TextureFormatDXT (131)
[2017.11.30-18.33.18:137][373]LogModuleManager: Shutting down and abandoning module TextureFormatIntelISPCTexComp (129)
[2017.11.30-18.33.18:137][373]LogModuleManager: Shutting down and abandoning module TextureFormatASTC (127)
[2017.11.30-18.33.18:137][373]LogModuleManager: Shutting down and abandoning module ImageWrapper (126)
[2017.11.30-18.33.18:137][373]LogModuleManager: Shutting down and abandoning module TextureFormatAndroid (123)
[2017.11.30-18.33.18:137][373]LogModuleManager: Shutting down and abandoning module AudioFormatOpus (121)
[2017.11.30-18.33.18:137][373]LogModuleManager: Shutting down and abandoning module AudioFormatOgg (119)
[2017.11.30-18.33.18:137][373]LogModuleManager: Shutting down and abandoning module AudioFormatADPCM (117)
[2017.11.30-18.33.18:137][373]LogModuleManager: Shutting down and abandoning module LinuxTargetPlatform (115)
[2017.11.30-18.33.18:137][373]LogModuleManager: Shutting down and abandoning module LinuxServerTargetPlatform (113)
[2017.11.30-18.33.18:137][373]LogModuleManager: Shutting down and abandoning module LinuxNoEditorTargetPlatform (111)
[2017.11.30-18.33.18:137][373]LogModuleManager: Shutting down and abandoning module LinuxClientTargetPlatform (109)
[2017.11.30-18.33.18:137][373]LogModuleManager: Shutting down and abandoning module TVOSTargetPlatform (107)
[2017.11.30-18.33.18:137][373]LogModuleManager: Shutting down and abandoning module Messaging (105)
[2017.11.30-18.33.18:137][373]LogModuleManager: Shutting down and abandoning module IOSTargetPlatform (103)
[2017.11.30-18.33.18:137][373]LogModuleManager: Shutting down and abandoning module HTML5TargetPlatform (101)
[2017.11.30-18.33.18:137][373]LogModuleManager: Shutting down and abandoning module AndroidTargetPlatform (99)
[2017.11.30-18.33.18:137][373]LogModuleManager: Shutting down and abandoning module Android_PVRTCTargetPlatform (97)
[2017.11.30-18.33.18:137][373]LogModuleManager: Shutting down and abandoning module Android_MultiTargetPlatform (95)
[2017.11.30-18.33.18:137][373]LogModuleManager: Shutting down and abandoning module Android_ETC2TargetPlatform (93)
[2017.11.30-18.33.18:137][373]LogModuleManager: Shutting down and abandoning module Android_ETC1TargetPlatform (91)
[2017.11.30-18.33.18:137][373]LogModuleManager: Shutting down and abandoning module Android_DXTTargetPlatform (89)
[2017.11.30-18.33.18:137][373]LogModuleManager: Shutting down and abandoning module Android_ATCTargetPlatform (87)
[2017.11.30-18.33.18:137][373]LogModuleManager: Shutting down and abandoning module Android_ASTCTargetPlatform (85)
[2017.11.30-18.33.18:137][373]LogModuleManager: Shutting down and abandoning module WindowsTargetPlatform (83)
[2017.11.30-18.33.18:137][373]LogModuleManager: Shutting down and abandoning module WindowsServerTargetPlatform (81)
[2017.11.30-18.33.18:137][373]LogModuleManager: Shutting down and abandoning module WindowsNoEditorTargetPlatform (79)
[2017.11.30-18.33.18:137][373]LogModuleManager: Shutting down and abandoning module WindowsClientTargetPlatform (77)
[2017.11.30-18.33.18:137][373]LogModuleManager: Shutting down and abandoning module MacTargetPlatform (75)
[2017.11.30-18.33.18:137][373]LogModuleManager: Shutting down and abandoning module MacServerTargetPlatform (73)
[2017.11.30-18.33.18:137][373]LogModuleManager: Shutting down and abandoning module MacNoEditorTargetPlatform (71)
[2017.11.30-18.33.18:137][373]LogModuleManager: Shutting down and abandoning module MacClientTargetPlatform (69)
[2017.11.30-18.33.18:137][373]LogModuleManager: Shutting down and abandoning module AllDesktopTargetPlatform (67)
[2017.11.30-18.33.18:137][373]LogModuleManager: Shutting down and abandoning module InputCore (64)
[2017.11.30-18.33.18:137][373]LogModuleManager: Shutting down and abandoning module Settings (62)
[2017.11.30-18.33.18:137][373]LogModuleManager: Shutting down and abandoning module PhysXCooking (60)
[2017.11.30-18.33.18:137][373]LogModuleManager: Shutting down and abandoning module SteamVR (58)
[2017.11.30-18.33.18:137][373]LogModuleManager: Shutting down and abandoning module OculusHMD (56)
[2017.11.30-18.33.18:137][373]LogModuleManager: Shutting down and abandoning module ExampleDeviceProfileSelector (54)
[2017.11.30-18.33.18:137][373]LogModuleManager: Shutting down and abandoning module AppleARKit (52)
[2017.11.30-18.33.18:137][373]LogModuleManager: Shutting down and abandoning module AugmentedReality (51)
[2017.11.30-18.33.18:137][373]LogModuleManager: Shutting down and abandoning module OnlineBlueprintSupport (48)
[2017.11.30-18.33.18:137][373]LogModuleManager: Shutting down and abandoning module OnlineSubsystem (44)
[2017.11.30-18.33.18:137][373]LogModuleManager: Shutting down and abandoning module XMPP (43)
[2017.11.30-18.33.18:137][373]LogModuleManager: Shutting down and abandoning module HTTP (41)
[2017.11.30-18.33.18:137][373]LogHttp: Display: Http module shutting down, but needs to wait on 1 outstanding Http requests:
[2017.11.30-18.33.18:137][373]LogHttp: Display: 	verb=[POST] url=[https://datarouter.ol.epicgames.com/datarouter/api/v1/public/data?SessionID=%7B3D32289D-411C-1D77-3139-A2B6127A999F%7D&AppID=UEEditor.Rocket.Release&AppVersion=4.18.1-3754814%2B%2B%2BUE4%2BRelease-4.18&UserID=03ffea294980a10721b5748bd10bf0a1%7C6ce5f8b521c2485a8192789e2da115f6%7Cc357d944-df26-49da-9752-ea29909bcee1&AppEnvironment=datacollector-binary&UploadType=eteventstream] status=Processing
[2017.11.30-18.33.18:166][373]LogModuleManager: Shutting down and abandoning module SSL (40)
[2017.11.30-18.33.18:168][373]LogModuleManager: Shutting down and abandoning module AnimationModifiers (36)
[2017.11.30-18.33.18:168][373]LogModuleManager: Shutting down and abandoning module PropertyEditor (35)
[2017.11.30-18.33.18:168][373]LogModuleManager: Shutting down and abandoning module AudioEditor (32)
[2017.11.30-18.33.18:168][373]LogModuleManager: Shutting down and abandoning module TextureCompressor (30)
[2017.11.30-18.33.18:168][373]LogModuleManager: Shutting down and abandoning module ShaderCore (28)
[2017.11.30-18.33.18:168][373]LogModuleManager: Shutting down and abandoning module Landscape (26)
[2017.11.30-18.33.18:168][373]LogModuleManager: Shutting down and abandoning module SlateRHIRenderer (24)
[2017.11.30-18.33.18:169][373]LogModuleManager: Shutting down and abandoning module OpenGLDrv (22)
[2017.11.30-18.33.18:169][373]LogModuleManager: Shutting down and abandoning module D3D11RHI (20)
[2017.11.30-18.33.18:169][373]LogModuleManager: Shutting down and abandoning module AnimGraphRuntime (18)
[2017.11.30-18.33.18:169][373]LogModuleManager: Shutting down and abandoning module Renderer (16)
[2017.11.30-18.33.18:169][373]LogModuleManager: Shutting down and abandoning module Engine (14)
[2017.11.30-18.33.18:169][373]LogModuleManager: Shutting down and abandoning module CoreUObject (12)
[2017.11.30-18.33.18:169][373]LogModuleManager: Shutting down and abandoning module NetworkFile (10)
[2017.11.30-18.33.18:169][373]LogModuleManager: Shutting down and abandoning module CookedIterativeFile (8)
[2017.11.30-18.33.18:169][373]LogModuleManager: Shutting down and abandoning module StreamingFile (6)
[2017.11.30-18.33.18:169][373]LogModuleManager: Shutting down and abandoning module SandboxFile (4)
[2017.11.30-18.33.18:169][373]LogModuleManager: Shutting down and abandoning module PakFile (2)
[2017.11.30-18.33.18:172][373]LogExit: Exiting.
[2017.11.30-18.33.18:190][373]Log file closed, 11/30/17 19:33:18
