Log file open, 11/13/17 11:53:19
LogWindows: Failed to load 'aqProf.dll' (GetLastError=126)
LogWindows: File 'aqProf.dll' does not exist
LogWindows: Failed to load 'VtuneApi.dll' (GetLastError=126)
LogWindows: File 'VtuneApi.dll' does not exist
LogWindows: Failed to load 'VtuneApi32e.dll' (GetLastError=126)
LogWindows: File 'VtuneApi32e.dll' does not exist
LogInit: Display: Running engine for game: ConsciousnessMoved
LogPlatformFile: Not using cached read wrapper
LogInit: Display: RandInit(-545458271) SRandInit(-545458271).
LogInit: Read version file with build ID '3709383'
LogInit: Overriding engine version to CL 3709383, compatible CL 3709383
LogInit: Registered custom module enumerator with build ID '3709383'
LogTaskGraph: Started task graph with 5 named threads and 14 total threads with 3 sets of task threads.
LogStats: Stats thread started at 0.170600
LogD3D11RHI: Aftermath initialized
LogModuleManager: Display: Found up-to-date module file ../../../Engine/Plugins/2D/Paper2D/Binaries/Win64/UE4Editor-Paper2D.dll (API version 3709383).
LogModuleManager: Display: Found up-to-date module file ../../../Engine/Plugins/2D/Paper2D/Binaries/Win64/UE4Editor-Paper2DEditor.dll (API version 3709383).
LogModuleManager: Display: Found up-to-date module file ../../../Engine/Plugins/2D/Paper2D/Binaries/Win64/UE4Editor-PaperSpriteSheetImporter.dll (API version 3709383).
LogModuleManager: Display: Found up-to-date module file ../../../Engine/Plugins/2D/Paper2D/Binaries/Win64/UE4Editor-PaperTiledImporter.dll (API version 3709383).
LogModuleManager: Display: Found up-to-date module file ../../../Engine/Plugins/2D/Paper2D/Binaries/Win64/UE4Editor-SmartSnapping.dll (API version 3709383).
LogModuleManager: Display: Found up-to-date module file ../../../Engine/Plugins/Blendables/LightPropagationVolume/Binaries/Win64/UE4Editor-LightPropagationVolumeRuntime.dll (API version 3709383).
LogModuleManager: Display: Found up-to-date module file ../../../Engine/Plugins/Blendables/LightPropagationVolume/Binaries/Win64/UE4Editor-LightPropagationVolumeEditor.dll (API version 3709383).
LogModuleManager: Display: Found up-to-date module file ../../../Engine/Plugins/Developer/GitSourceControl/Binaries/Win64/UE4Editor-GitSourceControl.dll (API version 3709383).
LogModuleManager: Display: Found up-to-date module file ../../../Engine/Plugins/Developer/PerforceSourceControl/Binaries/Win64/UE4Editor-PerforceSourceControl.dll (API version 3709383).
LogModuleManager: Display: Found up-to-date module file ../../../Engine/Plugins/Developer/SubversionSourceControl/Binaries/Win64/UE4Editor-SubversionSourceControl.dll (API version 3709383).
LogModuleManager: Display: Found up-to-date module file ../../../Engine/Plugins/Developer/UObjectPlugin/Binaries/Win64/UE4Editor-UObjectPlugin.dll (API version 3709383).
LogModuleManager: Display: Found up-to-date module file ../../../Engine/Plugins/Developer/VisualStudioCodeSourceCodeAccess/Binaries/Win64/UE4Editor-VisualStudioCodeSourceCodeAccess.dll (API version 3709383).
LogModuleManager: Display: Found up-to-date module file ../../../Engine/Plugins/Developer/VisualStudioSourceCodeAccess/Binaries/Win64/UE4Editor-VisualStudioSourceCodeAccess.dll (API version 3709383).
LogModuleManager: Display: Found up-to-date module file ../../../Engine/Plugins/Editor/AssetManagerEditor/Binaries/Win64/UE4Editor-AssetManagerEditor.dll (API version 3709383).
LogModuleManager: Display: Found up-to-date module file ../../../Engine/Plugins/Editor/AudioCapture/Binaries/Win64/UE4Editor-AudioCapture.dll (API version 3709383).
LogModuleManager: Display: Found up-to-date module file ../../../Engine/Plugins/Editor/FacialAnimation/Binaries/Win64/UE4Editor-FacialAnimation.dll (API version 3709383).
LogModuleManager: Display: Found up-to-date module file ../../../Engine/Plugins/Editor/FacialAnimation/Binaries/Win64/UE4Editor-FacialAnimationEditor.dll (API version 3709383).
LogModuleManager: Display: Found up-to-date module file ../../../Engine/Plugins/Editor/GameplayTagsEditor/Binaries/Win64/UE4Editor-GameplayTagsEditor.dll (API version 3709383).
LogModuleManager: Display: Found up-to-date module file ../../../Engine/Plugins/Editor/MobileLauncherProfileWizard/Binaries/Win64/UE4Editor-MobileLauncherProfileWizard.dll (API version 3709383).
LogModuleManager: Display: Found up-to-date module file ../../../Engine/Plugins/Editor/PluginBrowser/Binaries/Win64/UE4Editor-PluginBrowser.dll (API version 3709383).
LogModuleManager: Display: Found up-to-date module file ../../../Engine/Plugins/Editor/SpeedTreeImporter/Binaries/Win64/UE4Editor-SpeedTreeImporter.dll (API version 3709383).
LogModuleManager: Display: Found up-to-date module file ../../../Engine/Plugins/Experimental/AlembicImporter/Binaries/Win64/UE4Editor-AlembicImporter.dll (API version 3709383).
LogModuleManager: Display: Found up-to-date module file ../../../Engine/Plugins/Experimental/AlembicImporter/Binaries/Win64/UE4Editor-AlembicLibrary.dll (API version 3709383).
LogModuleManager: Display: Found up-to-date module file ../../../Engine/Plugins/Experimental/CharacterAI/Binaries/Win64/UE4Editor-CharacterAI.dll (API version 3709383).
LogModuleManager: Display: Found up-to-date module file ../../../Engine/Plugins/Experimental/HTML5Networking/Binaries/Win64/UE4Editor-HTML5Networking.dll (API version 3709383).
LogModuleManager: Display: Found up-to-date module file ../../../Engine/Plugins/Media/AndroidMedia/Binaries/Win64/UE4Editor-AndroidMediaEditor.dll (API version 3709383).
LogModuleManager: Display: Found up-to-date module file ../../../Engine/Plugins/Media/AndroidMedia/Binaries/Win64/UE4Editor-AndroidMediaFactory.dll (API version 3709383).
LogModuleManager: Display: Found up-to-date module file ../../../Engine/Plugins/Media/AvfMedia/Binaries/Win64/UE4Editor-AvfMediaEditor.dll (API version 3709383).
LogModuleManager: Display: Found up-to-date module file ../../../Engine/Plugins/Media/AvfMedia/Binaries/Win64/UE4Editor-AvfMediaFactory.dll (API version 3709383).
LogModuleManager: Display: Found up-to-date module file ../../../Engine/Plugins/Media/AvfMedia/Binaries/Win64/UE4Editor-AvfMediaFactory.dll (API version 3709383).
LogModuleManager: Display: Found up-to-date module file ../../../Engine/Plugins/Media/ImgMedia/Binaries/Win64/UE4Editor-ImgMedia.dll (API version 3709383).
LogModuleManager: Display: Found up-to-date module file ../../../Engine/Plugins/Media/ImgMedia/Binaries/Win64/UE4Editor-ImgMediaEditor.dll (API version 3709383).
LogModuleManager: Display: Found up-to-date module file ../../../Engine/Plugins/Media/ImgMedia/Binaries/Win64/UE4Editor-ImgMediaFactory.dll (API version 3709383).
LogModuleManager: Display: Found up-to-date module file ../../../Engine/Plugins/Media/ImgMedia/Binaries/Win64/UE4Editor-ImgMediaFactory.dll (API version 3709383).
LogModuleManager: Display: Found up-to-date module file ../../../Engine/Plugins/Media/ImgMedia/Binaries/Win64/UE4Editor-OpenExrWrapper.dll (API version 3709383).
LogModuleManager: Display: Found up-to-date module file ../../../Engine/Plugins/Media/MediaCompositing/Binaries/Win64/UE4Editor-MediaCompositing.dll (API version 3709383).
LogModuleManager: Display: Found up-to-date module file ../../../Engine/Plugins/Media/MediaCompositing/Binaries/Win64/UE4Editor-MediaCompositingEditor.dll (API version 3709383).
LogModuleManager: Display: Found up-to-date module file ../../../Engine/Plugins/Media/MediaPlayerEditor/Binaries/Win64/UE4Editor-MediaPlayerEditor.dll (API version 3709383).
LogModuleManager: Display: Found up-to-date module file ../../../Engine/Plugins/Media/WmfMedia/Binaries/Win64/UE4Editor-WmfMedia.dll (API version 3709383).
LogModuleManager: Display: Found up-to-date module file ../../../Engine/Plugins/Media/WmfMedia/Binaries/Win64/UE4Editor-WmfMediaEditor.dll (API version 3709383).
LogModuleManager: Display: Found up-to-date module file ../../../Engine/Plugins/Media/WmfMedia/Binaries/Win64/UE4Editor-WmfMediaFactory.dll (API version 3709383).
LogModuleManager: Display: Found up-to-date module file ../../../Engine/Plugins/Media/WmfMedia/Binaries/Win64/UE4Editor-WmfMediaFactory.dll (API version 3709383).
LogModuleManager: Display: Found up-to-date module file ../../../Engine/Plugins/Messaging/TcpMessaging/Binaries/Win64/UE4Editor-TcpMessaging.dll (API version 3709383).
LogModuleManager: Display: Found up-to-date module file ../../../Engine/Plugins/Messaging/UdpMessaging/Binaries/Win64/UE4Editor-UdpMessaging.dll (API version 3709383).
LogModuleManager: Display: Found up-to-date module file ../../../Engine/Plugins/MovieScene/ActorSequence/Binaries/Win64/UE4Editor-ActorSequence.dll (API version 3709383).
LogModuleManager: Display: Found up-to-date module file ../../../Engine/Plugins/MovieScene/LevelSequenceEditor/Binaries/Win64/UE4Editor-LevelSequenceEditor.dll (API version 3709383).
LogModuleManager: Display: Found up-to-date module file ../../../Engine/Plugins/MovieScene/MatineeToLevelSequence/Binaries/Win64/UE4Editor-MatineeToLevelSequence.dll (API version 3709383).
LogModuleManager: Display: Found up-to-date module file ../../../Engine/Plugins/Online/OnlineSubsystem/Binaries/Win64/UE4Editor-OnlineSubsystem.dll (API version 3709383).
LogModuleManager: Display: Found up-to-date module file ../../../Engine/Plugins/Runtime/AndroidPermission/Binaries/Win64/UE4Editor-AndroidPermission.dll (API version 3709383).
LogModuleManager: Display: Found up-to-date module file ../../../Engine/Plugins/Online/OnlineSubsystemNull/Binaries/Win64/UE4Editor-OnlineSubsystemNull.dll (API version 3709383).
LogModuleManager: Display: Found up-to-date module file ../../../Engine/Plugins/Online/OnlineSubsystemUtils/Binaries/Win64/UE4Editor-OnlineSubsystemUtils.dll (API version 3709383).
LogModuleManager: Display: Found up-to-date module file ../../../Engine/Plugins/Online/OnlineSubsystemUtils/Binaries/Win64/UE4Editor-OnlineBlueprintSupport.dll (API version 3709383).
LogModuleManager: Display: Found up-to-date module file ../../../Engine/Plugins/Runtime/AndroidDeviceProfileSelector/Binaries/Win64/UE4Editor-AndroidDeviceProfileSelector.dll (API version 3709383).
LogModuleManager: Display: Found up-to-date module file ../../../Engine/Plugins/Runtime/AppleARKit/Binaries/Win64/UE4Editor-AppleARKit.dll (API version 3709383).
LogModuleManager: Display: Found up-to-date module file ../../../Engine/Plugins/Runtime/ArchVisCharacter/Binaries/Win64/UE4Editor-ArchVisCharacter.dll (API version 3709383).
LogModuleManager: Display: Found up-to-date module file ../../../Engine/Plugins/Runtime/CableComponent/Binaries/Win64/UE4Editor-CableComponent.dll (API version 3709383).
LogModuleManager: Display: Found up-to-date module file ../../../Engine/Plugins/Runtime/CustomMeshComponent/Binaries/Win64/UE4Editor-CustomMeshComponent.dll (API version 3709383).
LogModuleManager: Display: Found up-to-date module file ../../../Engine/Plugins/Runtime/ExampleDeviceProfileSelector/Binaries/Win64/UE4Editor-ExampleDeviceProfileSelector.dll (API version 3709383).
LogModuleManager: Display: Found up-to-date module file ../../../Engine/Plugins/Runtime/ImmediatePhysics/Binaries/Win64/UE4Editor-ImmediatePhysics.dll (API version 3709383).
LogModuleManager: Display: Found up-to-date module file ../../../Engine/Plugins/Runtime/ImmediatePhysics/Binaries/Win64/UE4Editor-ImmediatePhysicsEditor.dll (API version 3709383).
LogModuleManager: Display: Found up-to-date module file ../../../Engine/Plugins/Runtime/LocationServicesBPLibrary/Binaries/Win64/UE4Editor-LocationServicesBPLibrary.dll (API version 3709383).
LogModuleManager: Display: Found up-to-date module file ../../../Engine/Plugins/Runtime/MobilePatchingUtils/Binaries/Win64/UE4Editor-MobilePatchingUtils.dll (API version 3709383).
LogModuleManager: Display: Found up-to-date module file ../../../Engine/Plugins/Runtime/Oculus/OculusVR/Binaries/Win64/UE4Editor-OculusHMD.dll (API version 3709383).
LogModuleManager: Display: Found up-to-date module file ../../../Engine/Plugins/Runtime/Oculus/OculusVR/Binaries/Win64/UE4Editor-OculusInput.dll (API version 3709383).
LogModuleManager: Display: Found up-to-date module file ../../../Engine/Plugins/Runtime/Oculus/OculusVR/Binaries/Win64/UE4Editor-OculusEditor.dll (API version 3709383).
LogModuleManager: Display: Found up-to-date module file ../../../Engine/Plugins/Runtime/PhysXVehicles/Binaries/Win64/UE4Editor-PhysXVehicles.dll (API version 3709383).
LogModuleManager: Display: Found up-to-date module file ../../../Engine/Plugins/Runtime/PhysXVehicles/Binaries/Win64/UE4Editor-PhysXVehiclesEditor.dll (API version 3709383).
LogModuleManager: Display: Found up-to-date module file ../../../Engine/Plugins/Runtime/ProceduralMeshComponent/Binaries/Win64/UE4Editor-ProceduralMeshComponent.dll (API version 3709383).
LogModuleManager: Display: Found up-to-date module file ../../../Engine/Plugins/Runtime/ProceduralMeshComponent/Binaries/Win64/UE4Editor-ProceduralMeshComponentEditor.dll (API version 3709383).
LogModuleManager: Display: Found up-to-date module file ../../../Engine/Plugins/Runtime/RuntimePhysXCooking/Binaries/Win64/UE4Editor-RuntimePhysXCooking.dll (API version 3709383).
LogModuleManager: Display: Found up-to-date module file ../../../Engine/Plugins/Runtime/Steam/SteamVR/Binaries/Win64/UE4Editor-SteamVR.dll (API version 3709383).
LogModuleManager: Display: Found up-to-date module file ../../../Engine/Plugins/Runtime/Steam/SteamVR/Binaries/Win64/UE4Editor-SteamVRController.dll (API version 3709383).
LogModuleManager: Display: Found up-to-date module file ../../../Engine/Plugins/Runtime/WindowsMoviePlayer/Binaries/Win64/UE4Editor-WindowsMoviePlayer.dll (API version 3709383).
LogPluginManager: Mounting plugin Paper2D
LogPluginManager: Mounting plugin LightPropagationVolume
LogPluginManager: Mounting plugin CodeLiteSourceCodeAccess
LogPluginManager: Mounting plugin GitSourceControl
LogPluginManager: Mounting plugin KDevelopSourceCodeAccess
LogPluginManager: Mounting plugin NullSourceCodeAccess
LogPluginManager: Mounting plugin PerforceSourceControl
LogPluginManager: Mounting plugin SubversionSourceControl
LogPluginManager: Mounting plugin UObjectPlugin
LogPluginManager: Mounting plugin VisualStudioCodeSourceCodeAccess
LogPluginManager: Mounting plugin VisualStudioSourceCodeAccess
LogPluginManager: Mounting plugin XCodeSourceCodeAccess
LogPluginManager: Mounting plugin AssetManagerEditor
LogPluginManager: Mounting plugin AudioCapture
LogPluginManager: Mounting plugin FacialAnimation
LogPluginManager: Mounting plugin GameplayTagsEditor
LogPluginManager: Mounting plugin MobileLauncherProfileWizard
LogPluginManager: Mounting plugin PluginBrowser
LogPluginManager: Mounting plugin SpeedTreeImporter
LogPluginManager: Mounting plugin AlembicImporter
LogPluginManager: Mounting plugin CharacterAI
LogPluginManager: Mounting plugin HTML5Networking
LogPluginManager: Mounting plugin AndroidMedia
LogPluginManager: Mounting plugin AvfMedia
LogPluginManager: Mounting plugin ImgMedia
LogPluginManager: Mounting plugin MediaCompositing
LogPluginManager: Mounting plugin MediaPlayerEditor
LogPluginManager: Mounting plugin WmfMedia
LogPluginManager: Mounting plugin TcpMessaging
LogPluginManager: Mounting plugin UdpMessaging
LogPluginManager: Mounting plugin ActorSequence
LogPluginManager: Mounting plugin LevelSequenceEditor
LogPluginManager: Mounting plugin MatineeToLevelSequence
LogPluginManager: Mounting plugin OnlineSubsystemGooglePlay
LogPluginManager: Mounting plugin OnlineSubsystemIOS
LogPluginManager: Mounting plugin OnlineSubsystem
LogPluginManager: Mounting plugin OnlineSubsystemNull
LogPluginManager: Mounting plugin OnlineSubsystemUtils
LogPluginManager: Mounting plugin AndroidDeviceProfileSelector
LogPluginManager: Mounting plugin AndroidMoviePlayer
LogPluginManager: Mounting plugin AndroidPermission
LogPluginManager: Mounting plugin AppleARKit
LogPluginManager: Mounting plugin AppleMoviePlayer
LogPluginManager: Mounting plugin ArchVisCharacter
LogPluginManager: Mounting plugin CableComponent
LogPluginManager: Mounting plugin CustomMeshComponent
LogPluginManager: Mounting plugin ExampleDeviceProfileSelector
LogPluginManager: Mounting plugin GoogleCloudMessaging
LogPluginManager: Mounting plugin ImmediatePhysics
LogPluginManager: Mounting plugin IOSDeviceProfileSelector
LogPluginManager: Mounting plugin LinuxDeviceProfileSelector
LogPluginManager: Mounting plugin LocationServicesBPLibrary
LogPluginManager: Mounting plugin MobilePatchingUtils
LogPluginManager: Mounting plugin OculusVR
LogPluginManager: Plugin shader directory ../../../Engine/Plugins/Runtime/Oculus/OculusVR/Shaders found
LogPluginManager: Mapping shader source directory ../../../Engine/Plugins/Runtime/Oculus/OculusVR/Shaders to virtual directory /Plugin/OculusVR
LogPluginManager: Mounting plugin PhysXVehicles
LogPluginManager: Mounting plugin ProceduralMeshComponent
LogPluginManager: Mounting plugin RuntimePhysXCooking
LogPluginManager: Mounting plugin SteamVR
LogPluginManager: Mounting plugin WindowsMoviePlayer
LogInit: Using libcurl 7.47.1
LogInit:  - built for x86_64-pc-win32
LogInit:  - supports SSL with OpenSSL/1.0.2g
LogInit:  - supports HTTP deflate (compression) using libz 1.2.8
LogInit:  - other features:
LogInit:      CURL_VERSION_SSL
LogInit:      CURL_VERSION_LIBZ
LogInit:      CURL_VERSION_IPV6
LogInit:      CURL_VERSION_ASYNCHDNS
LogInit:      CURL_VERSION_LARGEFILE
LogInit:      CURL_VERSION_IDN
LogInit:  CurlRequestOptions (configurable via config and command line):
LogInit:  - bVerifyPeer = false  - Libcurl will NOT verify peer certificate
LogInit:  - bUseHttpProxy = false  - Libcurl will NOT use HTTP proxy
LogInit:  - bDontReuseConnections = false  - Libcurl will reuse connections
LogInit:  - CertBundlePath = nullptr  - Libcurl will use whatever was configured at build time.
LogInit: Build: ++UE4+Release-4.18-CL-3709383
LogInit: Engine Version: 4.18.0-3709383+++UE4+Release-4.18
LogInit: Compatible Engine Version: 4.18.0-3709383+++UE4+Release-4.18
LogInit: Net CL: 3709383
LogDevObjectVersion: Number of dev versions registered: 16
LogDevObjectVersion:   Dev-Blueprints (B0D832E4-1F89-4F0D-ACCF-7EB736FD4AA2): 10
LogDevObjectVersion:   Dev-Build (E1C64328-A22C-4D53-A36C-8E866417BD8C): 0
LogDevObjectVersion:   Dev-Core (375EC13C-06E4-48FB-B500-84F0262A717E): 2
LogDevObjectVersion:   Dev-Editor (E4B068ED-F494-42E9-A231-DA0B2E46BB41): 20
LogDevObjectVersion:   Dev-Framework (CFFC743F-43B0-4480-9391-14DF171D2073): 30
LogDevObjectVersion:   Dev-Mobile (B02B49B5-BB20-44E9-A304-32B752E40360): 0
LogDevObjectVersion:   Dev-Networking (A4E4105C-59A1-49B5-A7C5-40C4547EDFEE): 0
LogDevObjectVersion:   Dev-Online (39C831C9-5AE6-47DC-9A44-9C173E1C8E7C): 0
LogDevObjectVersion:   Dev-Physics (78F01B33-EBEA-4F98-B9B4-84EACCB95AA2): 0
LogDevObjectVersion:   Dev-Platform (6631380F-2D4D-43E0-8009-CF276956A95A): 0
LogDevObjectVersion:   Dev-Rendering (12F88B9F-8875-4AFC-A67C-D90C383ABD29): 20
LogDevObjectVersion:   Dev-Sequencer (7B5AE74C-D270-4C10-A958-57980B212A5A): 4
LogDevObjectVersion:   Dev-VR (D7296918-1DD6-4BDD-9DE2-64A83CC13884): 0
LogDevObjectVersion:   Dev-LoadTimes (C2A15278-BFE7-4AFE-6C17-90FF531DF755): 1
LogDevObjectVersion:   Private-Geometry (6EACA3D4-40EC-4CC1-B786-8BED09428FC5): 1
LogDevObjectVersion:   Dev-AnimPhys (29E575DD-E0A3-4627-9D10-D276232CDCEA): 12
LogInit: Compiled (64-bit): Oct 20 2017 10:39:19
LogInit: Compiled with Visual C++: 19.00.24215.01
LogInit: Build Configuration: Development
LogInit: Branch Name: ++UE4+Release-4.18
LogInit: Command line:  
LogInit: Base directory: P:/Program Files/Epic Games/UE_4.18/Engine/Binaries/Win64/
LogInit: Installed Engine Build: 1
LogInit: Presizing for max 8388607 objects, including 0 objects not considered by GC, pre-allocating 0 bytes for permanent pool.
LogInit: Object subsystem initialized
[2017.11.13-10.53.20:500][  0]LogInit: Selected Device Profile: [Windows]
[2017.11.13-10.53.20:500][  0]LogInit: Applying CVar settings loaded from the selected device profile: [Windows]
[2017.11.13-10.53.20:567][  0]LogInit: Computer: DESKTOP-CHRC293
[2017.11.13-10.53.20:567][  0]LogInit: User: gusta
[2017.11.13-10.53.20:567][  0]LogInit: CPU Page size=4096, Cores=4
[2017.11.13-10.53.20:567][  0]LogInit: High frequency timer resolution =2.338346 MHz
[2017.11.13-10.53.20:567][  0]LogMemory: Memory total: Physical=15.9GB (16GB approx)
[2017.11.13-10.53.20:567][  0]LogMemory: Platform Memory Stats for Windows
[2017.11.13-10.53.20:567][  0]LogMemory: Process Physical Memory: 271.87 MB used, 271.87 MB peak
[2017.11.13-10.53.20:567][  0]LogMemory: Process Virtual Memory: 269.81 MB used, 269.81 MB peak
[2017.11.13-10.53.20:567][  0]LogMemory: Physical Memory: 7149.34 MB used,  9117.84 MB free, 16267.18 MB total
[2017.11.13-10.53.20:567][  0]LogMemory: Virtual Memory: 644.21 MB used,  9117.84 MB free, 134217728.00 MB total
[2017.11.13-10.53.20:680][  0]LogInit: Using OS detected language (en-GB).
[2017.11.13-10.53.20:680][  0]LogInit: Using OS detected locale (en-US).
[2017.11.13-10.53.20:683][  0]LogTextLocalizationManager: No specific localization for 'en-GB' exists, so the 'en' localization will be used.
[2017.11.13-10.53.21:169][  0]LogInit: Setting process to per monitor DPI aware
[2017.11.13-10.53.23:942][  0]LogD3D11RHI: D3D11 adapters:
[2017.11.13-10.53.23:972][  0]LogD3D11RHI:    0. 'NVIDIA GeForce GT 750M' (Feature Level 11_0)
[2017.11.13-10.53.23:972][  0]LogD3D11RHI:       4066/0/8133 MB DedicatedVideo/DedicatedSystem/SharedSystem, Outputs:1, VendorId:0x10de
[2017.11.13-10.53.23:977][  0]LogD3D11RHI:    1. 'Intel(R) HD Graphics 4600' (Feature Level 11_0)
[2017.11.13-10.53.23:977][  0]LogD3D11RHI:       112/0/2048 MB DedicatedVideo/DedicatedSystem/SharedSystem, Outputs:0, VendorId:0x8086
[2017.11.13-10.53.23:978][  0]LogD3D11RHI:    2. 'Microsoft Basic Render Driver' (Feature Level 11_0)
[2017.11.13-10.53.23:979][  0]LogD3D11RHI:       0/0/8133 MB DedicatedVideo/DedicatedSystem/SharedSystem, Outputs:0, VendorId:0x1414
[2017.11.13-10.53.23:979][  0]LogD3D11RHI: Chosen D3D11 Adapter: 0
[2017.11.13-10.53.23:990][  0]LogD3D11RHI: Creating new Direct3DDevice
[2017.11.13-10.53.23:990][  0]LogD3D11RHI:     GPU DeviceId: 0xfe4 (for the marketing name, search the web for "GPU Device Id")
[2017.11.13-10.53.23:990][  0]LogWindows: EnumDisplayDevices:
[2017.11.13-10.53.23:990][  0]LogWindows:    0. 'Intel(R) HD Graphics 4600' (P:1 D:1)
[2017.11.13-10.53.23:990][  0]LogWindows:    1. 'Intel(R) HD Graphics 4600' (P:0 D:0)
[2017.11.13-10.53.23:991][  0]LogWindows:    2. 'Intel(R) HD Graphics 4600' (P:0 D:0)
[2017.11.13-10.53.23:991][  0]LogWindows: DebugString: PrimaryIsNotTheChoosenAdapter PrimaryIsNotTheChoosenAdapter PrimaryIsNotTheChoosenAdapter FoundDriverCount:0 
[2017.11.13-10.53.23:991][  0]LogD3D11RHI:     Adapter Name: NVIDIA GeForce GT 750M
[2017.11.13-10.53.23:991][  0]LogD3D11RHI:   Driver Version: Unknown (internal:Unknown, unified:Unknown)
[2017.11.13-10.53.23:991][  0]LogD3D11RHI:      Driver Date: Unknown
[2017.11.13-10.53.23:991][  0]LogRHI: Texture pool is 2846 MB (70% of 4066 MB)
[2017.11.13-10.53.24:014][  0]LogD3D11RHI: Async texture creation enabled
[2017.11.13-10.53.24:025][  0]LogD3D11RHI: GPU Timing Frequency: 1000.000000 (Debug: 2 1)
[2017.11.13-10.53.24:026][  0]LogShaderCompilers: Guid format shader working directory is -24 characters bigger than the processId version (C:/Users/gusta/Documents/GitHub/ConsciousnessMoved/ConsciousnessMoved/Intermediate/Shaders/WorkingDirectory/31732/).
[2017.11.13-10.53.24:027][  0]LogShaderCompilers: Cleaned the shader compiler working directory 'C:/Users/gusta/AppData/Local/Temp/UnrealShaderWorkingDir/BF9492384447D5C04F9F77AD6AC0B5BB/'.
[2017.11.13-10.53.24:027][  0]LogShaderCompilers: Display: Using Local Shader Compiler.
[2017.11.13-10.53.26:422][  0]LogTemp: Display: Loaded TP AllDesktopTargetPlatform
[2017.11.13-10.53.26:469][  0]LogTemp: Display: Loaded TP MacClientTargetPlatform
[2017.11.13-10.53.26:510][  0]LogTemp: Display: Loaded TP MacNoEditorTargetPlatform
[2017.11.13-10.53.26:552][  0]LogTemp: Display: Loaded TP MacServerTargetPlatform
[2017.11.13-10.53.26:625][  0]LogTemp: Display: Loaded TP MacTargetPlatform
[2017.11.13-10.53.26:666][  0]LogTemp: Display: Loaded TP WindowsClientTargetPlatform
[2017.11.13-10.53.26:713][  0]LogTemp: Display: Loaded TP WindowsNoEditorTargetPlatform
[2017.11.13-10.53.26:760][  0]LogTemp: Display: Loaded TP WindowsServerTargetPlatform
[2017.11.13-10.53.26:795][  0]LogTemp: Display: Loaded TP WindowsTargetPlatform
[2017.11.13-10.53.26:835][  0]LogTemp: Display: Loaded TP Android_ASTCTargetPlatform
[2017.11.13-10.53.26:881][  0]LogTemp: Display: Loaded TP Android_ATCTargetPlatform
[2017.11.13-10.53.26:922][  0]LogTemp: Display: Loaded TP Android_DXTTargetPlatform
[2017.11.13-10.53.26:962][  0]LogTemp: Display: Loaded TP Android_ETC1TargetPlatform
[2017.11.13-10.53.27:002][  0]LogTemp: Display: Loaded TP Android_ETC2TargetPlatform
[2017.11.13-10.53.27:083][  0]LogTemp: Display: Loaded TP Android_MultiTargetPlatform
[2017.11.13-10.53.27:083][  0]LogTemp: Display: Loaded TP Android_PVRTCTargetPlatform
[2017.11.13-10.53.27:179][  0]LogTemp: Display: Loaded TP AndroidTargetPlatform
[2017.11.13-10.53.27:208][  0]LogTemp: Display: Loaded TP HTML5TargetPlatform
[2017.11.13-10.53.27:301][  0]LogTemp: Display: Loaded TP IOSTargetPlatform
[2017.11.13-10.53.27:324][  0]LogTemp: Display: Loaded TP TVOSTargetPlatform
[2017.11.13-10.53.27:368][  0]LogTemp: Display: Loaded TP LinuxClientTargetPlatform
[2017.11.13-10.53.27:410][  0]LogTemp: Display: Loaded TP LinuxNoEditorTargetPlatform
[2017.11.13-10.53.27:459][  0]LogTemp: Display: Loaded TP LinuxServerTargetPlatform
[2017.11.13-10.53.27:505][  0]LogTemp: Display: Loaded TP LinuxTargetPlatform
[2017.11.13-10.53.27:505][  0]LogTargetPlatformManager: Display: Building Assets For Windows
[2017.11.13-10.53.27:877][  0]LogDerivedDataCache: Display: Max Cache Size: 512 MB
[2017.11.13-10.53.28:240][  0]LogDerivedDataCache: Loaded boot cache 0.36s 78MB C:/Users/gusta/AppData/Local/UnrealEngine/4.18/DerivedDataCache/Boot.ddc.
[2017.11.13-10.53.28:240][  0]LogDerivedDataCache: Display: Loaded Boot cache: C:/Users/gusta/AppData/Local/UnrealEngine/4.18/DerivedDataCache/Boot.ddc
[2017.11.13-10.53.28:241][  0]LogDerivedDataCache: FDerivedDataBackendGraph:  Pak pak cache file C:/Users/gusta/Documents/GitHub/ConsciousnessMoved/ConsciousnessMoved/DerivedDataCache/DDC.ddp not found, will not use a pak cache.
[2017.11.13-10.53.28:241][  0]LogDerivedDataCache: Unable to find inner node Pak for hierarchical cache Hierarchy.
[2017.11.13-10.53.28:241][  0]LogDerivedDataCache: FDerivedDataBackendGraph:  CompressedPak pak cache file C:/Users/gusta/Documents/GitHub/ConsciousnessMoved/ConsciousnessMoved/DerivedDataCache/Compressed.ddp not found, will not use a pak cache.
[2017.11.13-10.53.28:241][  0]LogDerivedDataCache: Unable to find inner node CompressedPak for hierarchical cache Hierarchy.
[2017.11.13-10.53.28:258][  0]LogDerivedDataCache: Display: Pak cache opened for reading ../../../Engine/DerivedDataCache/Compressed.ddp.
[2017.11.13-10.53.28:270][  0]LogDerivedDataCache: Using Local data cache path C:/Users/gusta/AppData/Local/UnrealEngine/Common/DerivedDataCache: Writable
[2017.11.13-10.53.28:283][  0]LogMaterial: Verifying Global Shaders for PCD3D_SM5
[2017.11.13-10.53.28:284][  0]LogSlate: Using Freetype 2.6.0
[2017.11.13-10.53.28:321][  0]LogSlate: SlateFontCache - WITH_FREETYPE: 1, WITH_HARFBUZZ: 1
[2017.11.13-10.53.28:321][  0]LogSlate: SlateFontCache - WITH_FREETYPE: 1, WITH_HARFBUZZ: 1
[2017.11.13-10.53.29:169][  0]LogInit: Selected Device Profile: [Windows]
[2017.11.13-10.53.29:496][  0]LogSimplygon: Simplygon DLL not present - disabling.
[2017.11.13-10.53.29:526][  0]LogMeshReduction: Using SimplygonSwarm for distributed automatic mesh merging
[2017.11.13-10.53.29:526][  0]LogMeshReduction: Using QuadricMeshReduction for automatic static mesh reduction
[2017.11.13-10.53.29:526][  0]LogMeshReduction: No automatic skeletal mesh reduction module available
[2017.11.13-10.53.29:526][  0]LogMeshReduction: No automatic mesh merging module available
[2017.11.13-10.53.29:526][  0]LogMeshMerging: No automatic mesh merging module available
[2017.11.13-10.53.29:599][  0]LogNetVersion: ConsciousnessMoved , NetCL: 3709383, EngineNetVer: 2, GameNetVer: 0 (Checksum: 3674560384)
[2017.11.13-10.53.29:744][  0]LogAssetRegistry: FAssetRegistry took 0.0254 seconds to start up
[2017.11.13-10.53.30:371][  0]LogPackageLocalizationCache: Processed 7 localized package path(s) for 2 prioritized culture(s) in 0.079233 seconds
[2017.11.13-10.53.30:377][  0]LogUObjectArray: 35900 objects as part of root set at end of initial load.
[2017.11.13-10.53.30:377][  0]LogUObjectAllocator: 7372016 out of 0 bytes used by permanent object pool.
[2017.11.13-10.53.30:377][  0]LogUObjectArray: CloseDisregardForGC: 0/0 objects in disregard for GC pool
[2017.11.13-10.53.30:416][  0]LogInit: WinSock: version 1.1 (2.2), MaxSocks=32767, MaxUdp=65467
[2017.11.13-10.53.43:523][  0]LogTcpMessaging: Initializing TcpMessaging bridge
[2017.11.13-10.53.43:557][  0]LogUdpMessaging: Initializing bridge on interface 0.0.0.0:0 to multicast group 230.0.0.1:6666.
[2017.11.13-10.53.44:129][  0]LogMaterial: Uniform references updated for custom material expression Custom.
[2017.11.13-10.53.44:475][  0]SourceControl: Source control is disabled
[2017.11.13-10.53.44:476][  0]SourceControl: Source control is disabled
[2017.11.13-10.53.44:515][  0]SourceControl: Source control is disabled
[2017.11.13-10.53.44:559][  0]SourceControl: Source control is disabled
[2017.11.13-10.53.45:364][  0]LogAndroidPermission: UAndroidPermissionCallbackProxy::GetInstance
[2017.11.13-10.53.45:583][  0]LogOcInput: OculusInput pre-init called
[2017.11.13-10.53.45:855][  0]LogEngine: Initializing Engine...
[2017.11.13-10.53.45:856][  0]LogHMD: Failed to initialize OpenVR with code 110
[2017.11.13-10.53.46:079][  0]LogStats: UGameplayTagsManager::ConstructGameplayTagTree: Construct from data asset -  0.000 s
[2017.11.13-10.53.46:079][  0]LogStats: UGameplayTagsManager::ConstructGameplayTagTree: GameplayTagTreeChangedEvent.Broadcast -  0.000 s
[2017.11.13-10.53.46:175][  0]LogAIModule: Creating AISystem for world Untitled
[2017.11.13-10.53.46:182][  0]LogInit: XAudio2 using 'Speakers (Realtek High Definition Audio)' : 2 channels at 48 kHz using 32 bits per sample (channel mask 0x3)
[2017.11.13-10.53.46:197][  0]LogInit: FAudioDevice initialized.
[2017.11.13-10.53.46:421][  0]LogDerivedDataCache: Saved boot cache 0.22s 78MB C:/Users/gusta/AppData/Local/UnrealEngine/4.18/DerivedDataCache/Boot.ddc.
[2017.11.13-10.53.46:470][  0]LogInit: Texture streaming: Enabled
[2017.11.13-10.53.46:550][  0]LogEngineSessionManager: EngineSessionManager initialized
[2017.11.13-10.53.46:667][  0]LogInit: Transaction tracking system initialized
[2017.11.13-10.53.46:915][  0]BlueprintLog: New page: Editor Load
[2017.11.13-10.53.47:640][  0]LocalizationService: Localization service is disabled
[2017.11.13-10.53.48:260][  0]LogConsoleResponse: Display: 
[2017.11.13-10.53.48:801][  0]LogCook: Display: Max memory allowance for cook 16384mb min free memory 0mb
[2017.11.13-10.53.48:801][  0]LogCook: Display: Mobile HDR setting 1
[2017.11.13-10.53.48:801][  0]LogGameplayTags: Display: UGameplayTagsManager::DoneAddingNativeTags. DelegateIsBound: 0
[2017.11.13-10.53.48:925][  0]LogFileCache: Scanning file cache for directory 'C:/Users/gusta/Documents/GitHub/ConsciousnessMoved/ConsciousnessMoved/Content/' took 0.03s
[2017.11.13-10.53.49:857][  0]SourceControl: Source control is disabled
[2017.11.13-10.53.49:857][  0]Cmd: MAP LOAD FILE="C:/Users/gusta/Documents/GitHub/ConsciousnessMoved/ConsciousnessMoved/Content/Maps/00_01.umap" TEMPLATE=0 SHOWPROGRESS=1 FEATURELEVEL=3
[2017.11.13-10.53.49:857][  0]LightingResults: New page: Lighting Build
[2017.11.13-10.53.49:888][  0]MapCheck: New page: Map Check
[2017.11.13-10.53.49:888][  0]LightingResults: New page: Lighting Build
[2017.11.13-10.53.50:793][  0]LogAIModule: Creating AISystem for world 00_01
[2017.11.13-10.53.50:806][  0]LogEditorServer: Finished looking for orphan Actors (0.000 secs)
[2017.11.13-10.53.50:854][  0]Cmd: MAP CHECKDEP NOCLEARLOG
[2017.11.13-10.53.50:895][  0]MapCheck: Map check complete: 0 Error(s), 0 Warning(s), took 41.753ms to complete.
[2017.11.13-10.53.50:895][  0]LogFileHelpers: Loading map '00_01' took 1.039
[2017.11.13-10.53.51:132][  0]LogCollectionManager: Loaded 0 collections in 0.001480 seconds
[2017.11.13-10.53.51:203][  0]LogFileCache: Scanning file cache for directory 'C:/Users/gusta/Documents/GitHub/ConsciousnessMoved/ConsciousnessMoved/Saved/Collections/' took 0.01s
[2017.11.13-10.53.51:203][  0]LogFileCache: Scanning file cache for directory 'C:/Users/gusta/Documents/GitHub/ConsciousnessMoved/ConsciousnessMoved/Content/Developers/gusta/Collections/' took 0.01s
[2017.11.13-10.53.51:203][  0]LogFileCache: Scanning file cache for directory 'C:/Users/gusta/Documents/GitHub/ConsciousnessMoved/ConsciousnessMoved/Content/Collections/' took 0.01s
[2017.11.13-10.53.51:203][  0]LogCollectionManager: Rebuilt the GUID cache for 0 collections in 0.000000 seconds
[2017.11.13-10.53.51:211][  0]LogContentBrowser: Native class hierarchy populated in 0.0084 seconds. Added 2363 classes and 519 folders.
[2017.11.13-10.53.51:258][  0]LogContentBrowser: Native class hierarchy updated for 'WidgetCarousel' in 0.0003 seconds. Added 0 classes and 0 folders.
[2017.11.13-10.53.51:973][  0]LogContentBrowser: Native class hierarchy updated for 'AddContentDialog' in 0.0002 seconds. Added 0 classes and 0 folders.
[2017.11.13-10.53.52:009][  0]LogContentBrowser: Native class hierarchy updated for 'SceneOutliner' in 0.0004 seconds. Added 1 classes and 2 folders.
[2017.11.13-10.53.54:019][  0]LogSlate: Only BGRA pngs, bmps or icos are supported in by External Image Picker
[2017.11.13-10.53.54:046][  0]LogTemp: Executing iPhonePackager certificates Engine -bundlename com.YourCompany.ConsciousnessMoved
[2017.11.13-10.53.54:046][  0]LogTemp: CWD: P:\Program Files\Epic Games\UE_4.18\Engine\Binaries\DotNET\IOS
[2017.11.13-10.53.54:046][  0]LogTemp: Initial Dir: P:\Program Files\Epic Games\UE_4.18
[2017.11.13-10.53.54:046][  0]LogTemp: Env CWD: P:\Program Files\Epic Games\UE_4.18\Engine\Binaries\DotNET\IOS
[2017.11.13-10.53.54:046][  0]LogTemp: BranchPath = DESKTOP-CHRC293/P/Program Files/Epic Games/UE_4.18/Engine/Binaries --- GameBranchPath = DESKTOP-CHRC293/P/Program Files/Epic Games/UE_4.18/Engine/Binaries
[2017.11.13-10.53.54:046][  0]LogTemp: IPP ERROR: Could not find provision directory 'C:\Users\gusta\AppData\Local/Apple Computer/MobileDevice/Provisioning Profiles/'.
[2017.11.13-10.53.54:046][  0]LogSlate: Took 0.000238 seconds to synchronously load lazily loaded font '../../../Engine/Content/Slate/Fonts/Roboto-Regular.ttf' (155K)
[2017.11.13-10.53.54:049][  0]LogSlate: Took 0.000248 seconds to synchronously load lazily loaded font '../../../Engine/Content/Slate/Fonts/Roboto-Bold.ttf' (160K)
[2017.11.13-10.53.54:077][  0]LogSlate: Took 0.020686 seconds to synchronously load lazily loaded font '../../../Engine/Content/Editor/Slate/Fonts/FontAwesome.ttf' (139K)
[2017.11.13-10.53.54:250][  0]LogRenderer: Reallocating scene render targets to support 1208x576 Format 10 NumSamples 1 (Frame:1).
[2017.11.13-10.53.54:467][  0]LogContentBrowser: Native class hierarchy updated for 'HierarchicalLODOutliner' in 0.0006 seconds. Added 1 classes and 2 folders.
[2017.11.13-10.53.54:467][  0]LogLoad: (Engine Initialization) Total time: 36.41 seconds
[2017.11.13-10.53.54:467][  0]LogLoad: (Engine Initialization) Total Blueprint compile time: 0.00 seconds
[2017.11.13-10.53.54:467][  0]LogExternalProfiler: No external profilers were discovered.  External profiling features will not be available.
[2017.11.13-10.53.54:834][  0]LogContentStreaming: Texture pool size now 1000 MB
[2017.11.13-10.53.54:980][  0]LogSlate: Took 0.030109 seconds to synchronously load lazily loaded font '../../../Engine/Content/Slate/Fonts/Roboto-Light.ttf' (159K)
[2017.11.13-10.53.55:145][  1]LogAssetRegistry: Asset discovery search completed in 25.4221 seconds
[2017.11.13-10.53.55:147][  1]LogCollectionManager: Rebuilt the object cache for 0 collections in 0.000000 seconds (found 0 objects)
[2017.11.13-10.53.55:147][  1]LogCollectionManager: Fixed up redirectors for 0 collections in 0.000053 seconds (updated 0 objects)
[2017.11.13-10.53.55:809][  3]LogSlate: Took 0.000272 seconds to synchronously load lazily loaded font '../../../Engine/Content/Slate/Fonts/Roboto-Light.ttf' (159K)
[2017.11.13-10.54.06:014][261]Cmd: BRUSH ADD SELECTNEWBRUSH
[2017.11.13-10.54.19:612][906]LogTemp: Repeating last play command: Selected Viewport
[2017.11.13-10.54.19:736][906]LogPlayLevel: PlayLevel: No blueprints needed recompiling
[2017.11.13-10.54.19:737][906]PIE: New page: PIE session: 00_01 (Nov 13, 2017, 12:54:19 PM)
[2017.11.13-10.54.19:737][906]LogPlayLevel: Creating play world package: /Game/Maps/UEDPIE_0_00_01
[2017.11.13-10.54.19:742][906]LogPlayLevel: PIE: StaticDuplicateObject took: (0.005478s)
[2017.11.13-10.54.19:743][906]LogAIModule: Creating AISystem for world 00_01
[2017.11.13-10.54.19:743][906]LogPlayLevel: PIE: World Init took: (0.000711s)
[2017.11.13-10.54.19:743][906]LogPlayLevel: PIE: Created PIE world by copying editor world from /Game/Maps/00_01.00_01 to /Game/Maps/UEDPIE_0_00_01.00_01 (0.006434s)
[2017.11.13-10.54.19:757][906]LogInit: XAudio2 using 'Speakers (Realtek High Definition Audio)' : 2 channels at 48 kHz using 32 bits per sample (channel mask 0x3)
[2017.11.13-10.54.19:770][906]LogInit: FAudioDevice initialized.
[2017.11.13-10.54.19:839][906]LogLoad: Game class is 'BP_BaseGameMode_C'
[2017.11.13-10.54.19:842][906]LogWorld: Bringing World /Game/Maps/UEDPIE_0_00_01.00_01 up for play (max tick rate 60) at 2017.11.13-11.54.19
[2017.11.13-10.54.19:843][906]LogWorld: Bringing up level for play took: 0.002608
[2017.11.13-10.54.19:878][906]LogContentBrowser: Native class hierarchy updated for 'MovieSceneCapture' in 0.0003 seconds. Added 11 classes and 0 folders.
[2017.11.13-10.54.19:881][906]PIE: Play in editor start time for /Game/Maps/UEDPIE_0_00_01 -0.819
[2017.11.13-10.54.47:629][210]LogTemp: Repeating last play command: Selected Viewport
[2017.11.13-10.54.47:647][210]LogPlayLevel: PlayLevel: No blueprints needed recompiling
[2017.11.13-10.54.47:647][210]PIE: New page: PIE session: 00_01 (Nov 13, 2017, 12:54:47 PM)
[2017.11.13-10.54.47:647][210]LogPlayLevel: Creating play world package: /Game/Maps/UEDPIE_0_00_01
[2017.11.13-10.54.47:653][210]LogPlayLevel: PIE: StaticDuplicateObject took: (0.006465s)
[2017.11.13-10.54.47:654][210]LogAIModule: Creating AISystem for world 00_01
[2017.11.13-10.54.47:654][210]LogPlayLevel: PIE: World Init took: (0.000715s)
[2017.11.13-10.54.47:654][210]LogPlayLevel: PIE: Created PIE world by copying editor world from /Game/Maps/00_01.00_01 to /Game/Maps/UEDPIE_0_00_01.00_01 (0.007433s)
[2017.11.13-10.54.47:667][210]LogInit: XAudio2 using 'Speakers (Realtek High Definition Audio)' : 2 channels at 48 kHz using 32 bits per sample (channel mask 0x3)
[2017.11.13-10.54.47:677][210]LogInit: FAudioDevice initialized.
[2017.11.13-10.54.47:713][210]LogLoad: Game class is 'BP_BaseGameMode_C'
[2017.11.13-10.54.47:717][210]LogWorld: Bringing World /Game/Maps/UEDPIE_0_00_01.00_01 up for play (max tick rate 60) at 2017.11.13-11.54.47
[2017.11.13-10.54.47:717][210]LogWorld: Bringing up level for play took: 0.003414
[2017.11.13-10.54.47:720][210]PIE: Play in editor start time for /Game/Maps/UEDPIE_0_00_01 1.021
[2017.11.13-10.55.37:543][658]Cmd: DELETE
[2017.11.13-10.55.37:543][658]Cmd: ACTOR DELETE
[2017.11.13-10.55.37:547][658]LogEditorActor: Deleted Actor: Brush
[2017.11.13-10.55.37:568][658]LogEditorActor: Deleted 1 Actors (0.025 secs)
[2017.11.13-11.04.46:704][338]LogSlate: Took 0.005246 seconds to synchronously load lazily loaded font '../../../Engine/Content/Slate/Fonts/Roboto-Light.ttf' (159K)
[2017.11.13-11.04.46:935][338]LogSavePackage: Save=167.99ms
[2017.11.13-11.04.46:935][338]LogSavePackage: Moving 'C:/Users/gusta/Documents/GitHub/ConsciousnessMoved/ConsciousnessMoved/Saved/00_01_Auto133D8AAEE47E0F609C921279C4BF9C749.tmp' to 'C:/Users/gusta/Documents/GitHub/ConsciousnessMoved/ConsciousnessMoved/Saved/Autosaves/Game/Maps/00_01_Auto1.umap'
[2017.11.13-11.04.46:938][338]LogSavePackage: Display: Finished SavePackage C:/Users/gusta/Documents/GitHub/ConsciousnessMoved/ConsciousnessMoved/Saved/Autosaves/Game/Maps/00_01_Auto1.umap
[2017.11.13-11.04.47:003][338]LogFileHelpers: Editor autosave (incl. sublevels) for '/Game/Maps/00_01' took 0.277
[2017.11.13-11.04.47:003][338]LogFileHelpers: Editor autosave (incl. sublevels) for all levels took 0.277
[2017.11.13-11.36.40:548][350]LogTemp: Repeating last play command: Selected Viewport
[2017.11.13-11.36.40:577][350]LogPlayLevel: PlayLevel: No blueprints needed recompiling
[2017.11.13-11.36.40:578][350]PIE: New page: PIE session: 00_01 (Nov 13, 2017, 1:36:40 PM)
[2017.11.13-11.36.40:578][350]LogPlayLevel: Creating play world package: /Game/Maps/UEDPIE_0_00_01
[2017.11.13-11.36.41:184][350]LogPlayLevel: PIE: StaticDuplicateObject took: (0.606601s)
[2017.11.13-11.36.41:185][350]LogAIModule: Creating AISystem for world 00_01
[2017.11.13-11.36.41:186][350]LogPlayLevel: PIE: World Init took: (0.001037s)
[2017.11.13-11.36.41:186][350]LogPlayLevel: PIE: Created PIE world by copying editor world from /Game/Maps/00_01.00_01 to /Game/Maps/UEDPIE_0_00_01.00_01 (0.608019s)
[2017.11.13-11.36.41:200][350]LogInit: XAudio2 using 'Speakers (Realtek High Definition Audio)' : 2 channels at 48 kHz using 32 bits per sample (channel mask 0x3)
[2017.11.13-11.36.41:213][350]LogInit: FAudioDevice initialized.
[2017.11.13-11.36.41:262][350]LogLoad: Game class is 'BP_BaseGameMode_C'
[2017.11.13-11.36.41:264][350]LogWorld: Bringing World /Game/Maps/UEDPIE_0_00_01.00_01 up for play (max tick rate 60) at 2017.11.13-12.36.41
[2017.11.13-11.36.41:265][350]LogWorld: Bringing up level for play took: 0.002221
[2017.11.13-11.36.41:267][350]PIE: Play in editor start time for /Game/Maps/UEDPIE_0_00_01 0.568
[2017.11.13-11.36.54:890][930]LogTemp: Repeating last play command: Selected Viewport
[2017.11.13-11.36.54:915][930]LogPlayLevel: PlayLevel: No blueprints needed recompiling
[2017.11.13-11.36.54:915][930]PIE: New page: PIE session: 00_01 (Nov 13, 2017, 1:36:54 PM)
[2017.11.13-11.36.54:915][930]LogPlayLevel: Creating play world package: /Game/Maps/UEDPIE_0_00_01
[2017.11.13-11.36.54:922][930]LogPlayLevel: PIE: StaticDuplicateObject took: (0.007010s)
[2017.11.13-11.36.54:923][930]LogAIModule: Creating AISystem for world 00_01
[2017.11.13-11.36.54:923][930]LogPlayLevel: PIE: World Init took: (0.000780s)
[2017.11.13-11.36.54:923][930]LogPlayLevel: PIE: Created PIE world by copying editor world from /Game/Maps/00_01.00_01 to /Game/Maps/UEDPIE_0_00_01.00_01 (0.008121s)
[2017.11.13-11.36.54:948][930]LogInit: XAudio2 using 'Speakers (Realtek High Definition Audio)' : 2 channels at 48 kHz using 32 bits per sample (channel mask 0x3)
[2017.11.13-11.36.54:959][930]LogInit: FAudioDevice initialized.
[2017.11.13-11.36.54:995][930]LogLoad: Game class is 'BP_BaseGameMode_C'
[2017.11.13-11.36.54:998][930]LogWorld: Bringing World /Game/Maps/UEDPIE_0_00_01.00_01 up for play (max tick rate 60) at 2017.11.13-12.36.54
[2017.11.13-11.36.54:999][930]LogWorld: Bringing up level for play took: 0.002895
[2017.11.13-11.36.55:002][930]PIE: Play in editor start time for /Game/Maps/UEDPIE_0_00_01 0.303
[2017.11.13-11.37.03:625][312]LogCharacterMovement: BP_Default_Character_C_0 is stuck and failed to move! Velocity: X=-22.67 Y=-39.89 Z=0.00 Location: X=381.28 Y=-449.65 Z=-159.85 Normal: X=0.97 Y=-0.26 Z=0.00 PenetrationDepth:19.684 Actor:BP_LevelExit_1091 Component:RightDoor BoneName:None (0 other events since notify)
[2017.11.13-11.47.03:549][895]Cmd: BRUSH ADD SELECTNEWBRUSH
[2017.11.13-11.47.15:916][464]LogTemp: Repeating last play command: Selected Viewport
[2017.11.13-11.47.15:947][464]LogPlayLevel: PlayLevel: No blueprints needed recompiling
[2017.11.13-11.47.15:947][464]PIE: New page: PIE session: 00_01 (Nov 13, 2017, 1:47:15 PM)
[2017.11.13-11.47.15:947][464]LogPlayLevel: Creating play world package: /Game/Maps/UEDPIE_0_00_01
[2017.11.13-11.47.15:956][464]LogPlayLevel: PIE: StaticDuplicateObject took: (0.008344s)
[2017.11.13-11.47.15:956][464]LogAIModule: Creating AISystem for world 00_01
[2017.11.13-11.47.15:957][464]LogPlayLevel: PIE: World Init took: (0.001020s)
[2017.11.13-11.47.15:957][464]LogPlayLevel: PIE: Created PIE world by copying editor world from /Game/Maps/00_01.00_01 to /Game/Maps/UEDPIE_0_00_01.00_01 (0.009706s)
[2017.11.13-11.47.15:978][464]LogInit: XAudio2 using 'Speakers (Realtek High Definition Audio)' : 2 channels at 48 kHz using 32 bits per sample (channel mask 0x3)
[2017.11.13-11.47.15:991][464]LogInit: FAudioDevice initialized.
[2017.11.13-11.47.16:027][464]LogLoad: Game class is 'BP_BaseGameMode_C'
[2017.11.13-11.47.16:032][464]LogWorld: Bringing World /Game/Maps/UEDPIE_0_00_01.00_01 up for play (max tick rate 60) at 2017.11.13-12.47.16
[2017.11.13-11.47.16:033][464]LogWorld: Bringing up level for play took: 0.004383
[2017.11.13-11.47.16:036][464]PIE: Play in editor start time for /Game/Maps/UEDPIE_0_00_01 -0.663
[2017.11.13-11.47.57:101][214]LogSavePackage: Save=167.78ms
[2017.11.13-11.47.57:103][214]LogSavePackage: Moving 'C:/Users/gusta/Documents/GitHub/ConsciousnessMoved/ConsciousnessMoved/Saved/00_01_Auto2B5120DC6469AB9F09B508881BA5BAC79.tmp' to 'C:/Users/gusta/Documents/GitHub/ConsciousnessMoved/ConsciousnessMoved/Saved/Autosaves/Game/Maps/00_01_Auto2.umap'
[2017.11.13-11.47.57:105][214]LogSavePackage: Display: Finished SavePackage C:/Users/gusta/Documents/GitHub/ConsciousnessMoved/ConsciousnessMoved/Saved/Autosaves/Game/Maps/00_01_Auto2.umap
[2017.11.13-11.47.57:155][214]LogFileHelpers: Editor autosave (incl. sublevels) for '/Game/Maps/00_01' took 0.256
[2017.11.13-11.47.57:155][214]LogFileHelpers: Editor autosave (incl. sublevels) for all levels took 0.256
[2017.11.13-11.49.08:619][474]LogTemp: Repeating last play command: Selected Viewport
[2017.11.13-11.49.08:648][474]LogPlayLevel: PlayLevel: No blueprints needed recompiling
[2017.11.13-11.49.08:649][474]PIE: New page: PIE session: 00_01 (Nov 13, 2017, 1:49:08 PM)
[2017.11.13-11.49.08:649][474]LogPlayLevel: Creating play world package: /Game/Maps/UEDPIE_0_00_01
[2017.11.13-11.49.08:656][474]LogPlayLevel: PIE: StaticDuplicateObject took: (0.007232s)
[2017.11.13-11.49.08:657][474]LogAIModule: Creating AISystem for world 00_01
[2017.11.13-11.49.08:657][474]LogPlayLevel: PIE: World Init took: (0.001023s)
[2017.11.13-11.49.08:657][474]LogPlayLevel: PIE: Created PIE world by copying editor world from /Game/Maps/00_01.00_01 to /Game/Maps/UEDPIE_0_00_01.00_01 (0.008621s)
[2017.11.13-11.49.08:674][474]LogInit: XAudio2 using 'Speakers (Realtek High Definition Audio)' : 2 channels at 48 kHz using 32 bits per sample (channel mask 0x3)
[2017.11.13-11.49.08:685][474]LogInit: FAudioDevice initialized.
[2017.11.13-11.49.08:720][474]LogLoad: Game class is 'BP_BaseGameMode_C'
[2017.11.13-11.49.08:723][474]LogWorld: Bringing World /Game/Maps/UEDPIE_0_00_01.00_01 up for play (max tick rate 60) at 2017.11.13-12.49.08
[2017.11.13-11.49.08:723][474]LogWorld: Bringing up level for play took: 0.002471
[2017.11.13-11.49.08:726][474]PIE: Play in editor start time for /Game/Maps/UEDPIE_0_00_01 0.027
[2017.11.13-12.28.30:081][236]LogFactory: FactoryCreateFile: StaticMesh with FbxFactory (0 0 C:/Users/gusta/Desktop/Elevator.fbx)
[2017.11.13-12.28.30:093][236]LogFbx: ItemName: GlobalSettings, ItemCount : 1
[2017.11.13-12.28.30:093][236]LogFbx: ItemName: AnimationStack, ItemCount : 1
[2017.11.13-12.28.30:093][236]LogFbx: ItemName: AnimationLayer, ItemCount : 1
[2017.11.13-12.28.30:093][236]LogFbx: ItemName: NodeAttribute, ItemCount : 19
[2017.11.13-12.28.30:093][236]LogFbx: ItemName: Model, ItemCount : 22
[2017.11.13-12.28.30:093][236]LogFbx: ItemName: Geometry, ItemCount : 3
[2017.11.13-12.28.30:093][236]LogFbx: ItemName: Material, ItemCount : 1
[2017.11.13-12.28.30:101][236]LogFbx: Loading FBX Scene from C:/Users/gusta/Desktop/Elevator.fbx
[2017.11.13-12.28.30:118][236]LogFbx: FBX Scene Loaded Succesfully
[2017.11.13-12.28.40:683][236]LogFbx: Loading FBX Scene from C:/Users/gusta/Desktop/Elevator.fbx
[2017.11.13-12.28.40:696][236]LogFbx: FBX Scene Loaded Succesfully
[2017.11.13-12.28.40:697][236]LogFbx: Warning: Triangulating static mesh pasted__pasted__pCube3
[2017.11.13-12.28.40:698][236]LogStaticMesh: Building static mesh Elevator_pasted__pasted__pCube3...
[2017.11.13-12.28.40:700][236]LogStaticMesh: Built static mesh [0.00s] /Game/Models/Elevator_pasted__pasted__pCube3.Elevator_pasted__pasted__pCube3
[2017.11.13-12.28.40:700][236]LogFbx: Warning: Triangulating static mesh pCube3
[2017.11.13-12.28.40:703][236]LogStaticMesh: Building static mesh Elevator_pCube3...
[2017.11.13-12.28.40:704][236]LogStaticMesh: Built static mesh [0.00s] /Game/Models/Elevator_pCube3.Elevator_pCube3
[2017.11.13-12.28.40:705][236]LogStaticMesh: Warning: Elevator_pCube3 has degenerate tangent bases which will result in incorrect shading.  MikkTSpace relies on tangent bases and may result in mesh corruption, consider disabling this option.
[2017.11.13-12.28.40:705][236]LogStaticMesh: Warning: Elevator_pCube3 has some nearly zero bi-normals which can create some issues. (Tolerance of 1E-4)
[2017.11.13-12.28.40:705][236]LogFbx: Warning: Triangulating static mesh pCube4
[2017.11.13-12.28.40:728][236]LogStaticMesh: Building static mesh Elevator_pCube4...
[2017.11.13-12.28.40:760][236]LogStaticMesh: Built static mesh [0.03s] /Game/Models/Elevator_pCube4.Elevator_pCube4
[2017.11.13-12.28.40:763][236]LogStaticMesh: Warning: Elevator_pCube4 has degenerate tangent bases which will result in incorrect shading.  MikkTSpace relies on tangent bases and may result in mesh corruption, consider disabling this option.
[2017.11.13-12.28.40:763][236]LogStaticMesh: Warning: Elevator_pCube4 has some nearly zero bi-normals which can create some issues. (Tolerance of 1E-4)
[2017.11.13-12.28.40:772][236]FBXImport: Warning: No smoothing group information was found in this FBX scene.  Please make sure to enable the 'Export Smoothing Groups' option in the FBX Exporter plug-in before exporting the file.  Even for tools that don't support smoothing groups, the FBX Exporter will generate appropriate smoothing data at export-time so that correct vertex normals can be inferred while importing. 
[2017.11.13-12.28.40:773][236]FBXImport: Warning: Elevator_pCube3 has degenerate tangent bases which will result in incorrect shading.  MikkTSpace relies on tangent bases and may result in mesh corruption, consider disabling this option. 
[2017.11.13-12.28.40:773][236]FBXImport: Warning: Elevator_pCube3 has some nearly zero bi-normals which can create some issues. (Tolerance of 1E-4) 
[2017.11.13-12.28.40:773][236]FBXImport: Warning: Elevator_pCube4 has degenerate tangent bases which will result in incorrect shading.  MikkTSpace relies on tangent bases and may result in mesh corruption, consider disabling this option. 
[2017.11.13-12.28.40:773][236]FBXImport: Warning: Elevator_pCube4 has some nearly zero bi-normals which can create some issues. (Tolerance of 1E-4) 
[2017.11.13-12.28.43:694][330]LogActorFactory: Actor Factory created Elevator_pCube4
[2017.11.13-12.28.45:097][391]LogActorFactory: Actor Factory created Elevator_pCube4
[2017.11.13-12.28.46:384][445]Cmd: DELETE
[2017.11.13-12.28.46:384][445]Cmd: ACTOR DELETE
[2017.11.13-12.28.46:391][445]LogEditorActor: Deleted Actor: Brush
[2017.11.13-12.28.46:410][445]LogEditorActor: Deleted 1 Actors (0.026 secs)
[2017.11.13-12.28.47:228][472]LogSavePackage: Save=176.32ms
[2017.11.13-12.28.47:228][472]LogSavePackage: Moving 'C:/Users/gusta/Documents/GitHub/ConsciousnessMoved/ConsciousnessMoved/Saved/00_01_Auto3E843948B4D34D18AEB50D99A78BF2080.tmp' to 'C:/Users/gusta/Documents/GitHub/ConsciousnessMoved/ConsciousnessMoved/Saved/Autosaves/Game/Maps/00_01_Auto3.umap'
[2017.11.13-12.28.47:230][472]LogSavePackage: Display: Finished SavePackage C:/Users/gusta/Documents/GitHub/ConsciousnessMoved/ConsciousnessMoved/Saved/Autosaves/Game/Maps/00_01_Auto3.umap
[2017.11.13-12.28.47:271][472]LogFileHelpers: Editor autosave (incl. sublevels) for '/Game/Maps/00_01' took 0.246
[2017.11.13-12.28.47:271][472]LogFileHelpers: Editor autosave (incl. sublevels) for all levels took 0.246
[2017.11.13-12.28.47:273][472]OBJ SavePackage: Generating thumbnails for [1] asset(s) in package [/Game/Models/Elevator_pasted__pasted__pCube3] ([1] browsable assets)...
[2017.11.13-12.28.47:305][472]OBJ SavePackage:     Rendered thumbnail for [StaticMesh /Game/Models/Elevator_pasted__pasted__pCube3.Elevator_pasted__pasted__pCube3]
[2017.11.13-12.28.47:306][472]OBJ SavePackage: Finished generating thumbnails for package [/Game/Models/Elevator_pasted__pasted__pCube3]
[2017.11.13-12.28.47:325][472]LogSavePackage: Save=17.91ms
[2017.11.13-12.28.47:325][472]LogSavePackage: Moving 'C:/Users/gusta/Documents/GitHub/ConsciousnessMoved/ConsciousnessMoved/Saved/Elevator_pasted__pasted__pCube3_A63F9D0F4E8DC906AF831387A48D8370.tmp' to 'C:/Users/gusta/Documents/GitHub/ConsciousnessMoved/ConsciousnessMoved/Saved/Autosaves/Game/Models/Elevator_pasted__pasted__pCube3_Auto3.uasset'
[2017.11.13-12.28.47:326][472]LogSavePackage: Display: Finished SavePackage C:/Users/gusta/Documents/GitHub/ConsciousnessMoved/ConsciousnessMoved/Saved/Autosaves/Game/Models/Elevator_pasted__pasted__pCube3_Auto3.uasset
[2017.11.13-12.28.47:327][472]OBJ SavePackage: Generating thumbnails for [1] asset(s) in package [/Game/Models/Elevator_pCube3] ([1] browsable assets)...
[2017.11.13-12.28.47:362][472]OBJ SavePackage:     Rendered thumbnail for [StaticMesh /Game/Models/Elevator_pCube3.Elevator_pCube3]
[2017.11.13-12.28.47:362][472]OBJ SavePackage: Finished generating thumbnails for package [/Game/Models/Elevator_pCube3]
[2017.11.13-12.28.47:380][472]LogSavePackage: Save=16.81ms
[2017.11.13-12.28.47:380][472]LogSavePackage: Moving 'C:/Users/gusta/Documents/GitHub/ConsciousnessMoved/ConsciousnessMoved/Saved/Elevator_pCube3_Auto3FF955EA74064532FA71491BDDEAAA4E5.tmp' to 'C:/Users/gusta/Documents/GitHub/ConsciousnessMoved/ConsciousnessMoved/Saved/Autosaves/Game/Models/Elevator_pCube3_Auto3.uasset'
[2017.11.13-12.28.47:382][472]LogSavePackage: Display: Finished SavePackage C:/Users/gusta/Documents/GitHub/ConsciousnessMoved/ConsciousnessMoved/Saved/Autosaves/Game/Models/Elevator_pCube3_Auto3.uasset
[2017.11.13-12.28.47:382][472]OBJ SavePackage: Generating thumbnails for [1] asset(s) in package [/Game/Models/Elevator_pCube4] ([1] browsable assets)...
[2017.11.13-12.28.47:416][472]OBJ SavePackage:     Rendered thumbnail for [StaticMesh /Game/Models/Elevator_pCube4.Elevator_pCube4]
[2017.11.13-12.28.47:416][472]OBJ SavePackage: Finished generating thumbnails for package [/Game/Models/Elevator_pCube4]
[2017.11.13-12.28.47:436][472]LogSavePackage: Save=17.90ms
[2017.11.13-12.28.47:436][472]LogSavePackage: Moving 'C:/Users/gusta/Documents/GitHub/ConsciousnessMoved/ConsciousnessMoved/Saved/Elevator_pCube4_Auto383C3E16444F9391D3FFD8E87E46FC46E.tmp' to 'C:/Users/gusta/Documents/GitHub/ConsciousnessMoved/ConsciousnessMoved/Saved/Autosaves/Game/Models/Elevator_pCube4_Auto3.uasset'
[2017.11.13-12.28.47:443][472]LogSavePackage: Display: Finished SavePackage C:/Users/gusta/Documents/GitHub/ConsciousnessMoved/ConsciousnessMoved/Saved/Autosaves/Game/Models/Elevator_pCube4_Auto3.uasset
[2017.11.13-12.28.47:443][472]LogFileHelpers: Auto-saving content packages took 0.171
[2017.11.13-12.28.51:160][650]LogTemp: Repeating last play command: Selected Viewport
[2017.11.13-12.28.51:187][650]LogPlayLevel: PlayLevel: No blueprints needed recompiling
[2017.11.13-12.28.51:187][650]PIE: New page: PIE session: 00_01 (Nov 13, 2017, 2:28:51 PM)
[2017.11.13-12.28.51:187][650]LogPlayLevel: Creating play world package: /Game/Maps/UEDPIE_0_00_01
[2017.11.13-12.28.51:196][650]LogPlayLevel: PIE: StaticDuplicateObject took: (0.008321s)
[2017.11.13-12.28.51:197][650]LogAIModule: Creating AISystem for world 00_01
[2017.11.13-12.28.51:197][650]LogPlayLevel: PIE: World Init took: (0.001133s)
[2017.11.13-12.28.51:197][650]LogPlayLevel: PIE: Created PIE world by copying editor world from /Game/Maps/00_01.00_01 to /Game/Maps/UEDPIE_0_00_01.00_01 (0.009856s)
[2017.11.13-12.28.51:216][650]LogInit: XAudio2 using 'Speakers (Realtek High Definition Audio)' : 2 channels at 48 kHz using 32 bits per sample (channel mask 0x3)
[2017.11.13-12.28.51:226][650]LogInit: FAudioDevice initialized.
[2017.11.13-12.28.51:265][650]LogLoad: Game class is 'BP_BaseGameMode_C'
[2017.11.13-12.28.51:269][650]LogWorld: Bringing World /Game/Maps/UEDPIE_0_00_01.00_01 up for play (max tick rate 60) at 2017.11.13-13.28.51
[2017.11.13-12.28.51:269][650]LogWorld: Bringing up level for play took: 0.002968
[2017.11.13-12.28.51:272][650]PIE: Play in editor start time for /Game/Maps/UEDPIE_0_00_01 0.573
[2017.11.13-12.29.46:567][251]Cmd: OBJ SAVEPACKAGE PACKAGE="/Game/Maps/00_01" FILE="C:/Users/gusta/Documents/GitHub/ConsciousnessMoved/ConsciousnessMoved/Content/Maps/00_01.umap" SILENT=true AUTOSAVING=false KEEPDIRTY=false
[2017.11.13-12.29.46:753][251]LogSavePackage: Save=171.52ms
[2017.11.13-12.29.46:753][251]LogSavePackage: Moving 'C:/Users/gusta/Documents/GitHub/ConsciousnessMoved/ConsciousnessMoved/Saved/00_01700FDE2D4ADC9FBD7CA0A7B8D22D8524.tmp' to 'C:/Users/gusta/Documents/GitHub/ConsciousnessMoved/ConsciousnessMoved/Content/Maps/00_01.umap'
[2017.11.13-12.29.46:764][251]LogSavePackage: Display: Finished SavePackage C:/Users/gusta/Documents/GitHub/ConsciousnessMoved/ConsciousnessMoved/Content/Maps/00_01.umap
[2017.11.13-12.29.46:844][251]LogFileHelpers: Saving map '00_01' took 3.152
[2017.11.13-12.29.46:916][251]LogSavePackage: Save=25.19ms
[2017.11.13-12.29.46:916][251]LogSavePackage: Moving 'C:/Users/gusta/Documents/GitHub/ConsciousnessMoved/ConsciousnessMoved/Saved/Elevator_pasted__pasted__pCube304BF6C7642DDA43EA27BB4A6D3EFCD50.tmp' to 'C:/Users/gusta/Documents/GitHub/ConsciousnessMoved/ConsciousnessMoved/Content/Models/Elevator_pasted__pasted__pCube3.uasset'
[2017.11.13-12.29.46:925][251]LogSavePackage: Display: Finished SavePackage C:/Users/gusta/Documents/GitHub/ConsciousnessMoved/ConsciousnessMoved/Content/Models/Elevator_pasted__pasted__pCube3.uasset
[2017.11.13-12.29.46:971][251]Cmd: OBJ SAVEPACKAGE PACKAGE="/Game/Models/Elevator_pCube3" FILE="C:/Users/gusta/Documents/GitHub/ConsciousnessMoved/ConsciousnessMoved/Content/Models/Elevator_pCube3.uasset" SILENT=true
[2017.11.13-12.29.46:993][251]LogSavePackage: Save=19.12ms
[2017.11.13-12.29.46:993][251]LogSavePackage: Moving 'C:/Users/gusta/Documents/GitHub/ConsciousnessMoved/ConsciousnessMoved/Saved/Elevator_pCube376D0D65D4576EB020F0327AFF9BE07D8.tmp' to 'C:/Users/gusta/Documents/GitHub/ConsciousnessMoved/ConsciousnessMoved/Content/Models/Elevator_pCube3.uasset'
[2017.11.13-12.29.47:001][251]LogSavePackage: Display: Finished SavePackage C:/Users/gusta/Documents/GitHub/ConsciousnessMoved/ConsciousnessMoved/Content/Models/Elevator_pCube3.uasset
[2017.11.13-12.29.47:047][251]Cmd: OBJ SAVEPACKAGE PACKAGE="/Game/Models/Elevator_pCube4" FILE="C:/Users/gusta/Documents/GitHub/ConsciousnessMoved/ConsciousnessMoved/Content/Models/Elevator_pCube4.uasset" SILENT=true
[2017.11.13-12.29.47:066][251]LogSavePackage: Save=17.75ms
[2017.11.13-12.29.47:066][251]LogSavePackage: Moving 'C:/Users/gusta/Documents/GitHub/ConsciousnessMoved/ConsciousnessMoved/Saved/Elevator_pCube496AA941346B0D9F0730C17964E68C0F5.tmp' to 'C:/Users/gusta/Documents/GitHub/ConsciousnessMoved/ConsciousnessMoved/Content/Models/Elevator_pCube4.uasset'
[2017.11.13-12.29.47:073][251]LogSavePackage: Display: Finished SavePackage C:/Users/gusta/Documents/GitHub/ConsciousnessMoved/ConsciousnessMoved/Content/Models/Elevator_pCube4.uasset
[2017.11.13-12.29.48:417][311]LogWindowsTextInputMethodSystem: Display: IME system now deactivated.
[2017.11.13-12.29.48:745][312]Cmd: QUIT_EDITOR
[2017.11.13-12.29.49:211][312]LogExit: Preparing to exit.
[2017.11.13-12.29.49:847][312]LogExit: Editor shut down
[2017.11.13-12.29.49:855][312]LogExit: Transaction tracking system shut down
[2017.11.13-12.29.50:034][312]LogDirectoryWatcher: A directory notification for '../../../Engine/Content/' was aborted.
[2017.11.13-12.29.50:035][312]LogDirectoryWatcher: A directory notification for 'C:/Users/gusta/Documents/GitHub/ConsciousnessMoved/ConsciousnessMoved/Content/' was aborted.
[2017.11.13-12.29.50:035][312]LogDirectoryWatcher: A directory notification for '../../../Engine/Plugins/2D/Paper2D/Content/' was aborted.
[2017.11.13-12.29.50:035][312]LogDirectoryWatcher: A directory notification for '../../../Engine/Plugins/Media/MediaCompositing/Content/' was aborted.
[2017.11.13-12.29.50:035][312]LogDirectoryWatcher: A directory notification for '../../../Engine/Plugins/Runtime/AppleARKit/Content/' was aborted.
[2017.11.13-12.29.50:035][312]LogDirectoryWatcher: A directory notification for '../../../Engine/Plugins/Runtime/Oculus/OculusVR/Content/' was aborted.
[2017.11.13-12.29.50:035][312]LogDirectoryWatcher: A directory notification for '../../../Engine/Plugins/Runtime/Steam/SteamVR/Content/' was aborted.
[2017.11.13-12.29.50:093][312]LogExit: Object subsystem successfully closed.
[2017.11.13-12.29.50:105][312]LogD3D11RHI: Shutdown
[2017.11.13-12.29.50:105][312]LogD3D11RHI: CleanupD3DDevice
[2017.11.13-12.29.50:109][312]LogD3D11RHI: ~FD3D11DynamicRHI
[2017.11.13-12.29.50:118][312]LogModuleManager: Shutting down and abandoning module MovieSceneCapture (552)
[2017.11.13-12.29.50:118][312]LogModuleManager: Shutting down and abandoning module HierarchicalLODOutliner (550)
[2017.11.13-12.29.50:118][312]LogModuleManager: Shutting down and abandoning module ExternalImagePicker (548)
[2017.11.13-12.29.50:118][312]LogModuleManager: Shutting down and abandoning module SceneOutliner (546)
[2017.11.13-12.29.50:118][312]LogModuleManager: Shutting down and abandoning module AddContentDialog (544)
[2017.11.13-12.29.50:118][312]LogDirectoryWatcher: A directory notification for 'P:/Program Files/Epic Games/UE_4.18/FeaturePacks/' was aborted.
[2017.11.13-12.29.50:119][312]LogModuleManager: Shutting down and abandoning module WidgetCarousel (543)
[2017.11.13-12.29.50:119][312]LogModuleManager: Shutting down and abandoning module EditorWidgets (540)
[2017.11.13-12.29.50:119][312]LogModuleManager: Shutting down and abandoning module CollectionManager (538)
[2017.11.13-12.29.50:119][312]LogDirectoryWatcher: A directory notification for 'C:/Users/gusta/Documents/GitHub/ConsciousnessMoved/ConsciousnessMoved/Content/Collections/' was aborted.
[2017.11.13-12.29.50:120][312]LogDirectoryWatcher: A directory notification for 'C:/Users/gusta/Documents/GitHub/ConsciousnessMoved/ConsciousnessMoved/Content/Developers/gusta/Collections/' was aborted.
[2017.11.13-12.29.50:120][312]LogDirectoryWatcher: A directory notification for 'C:/Users/gusta/Documents/GitHub/ConsciousnessMoved/ConsciousnessMoved/Saved/Collections/' was aborted.
[2017.11.13-12.29.50:120][312]LogModuleManager: Shutting down and abandoning module StatsViewer (536)
[2017.11.13-12.29.50:120][312]LogModuleManager: Shutting down and abandoning module FoliageEdit (534)
[2017.11.13-12.29.50:120][312]LogModuleManager: Shutting down and abandoning module LandscapeEditor (532)
[2017.11.13-12.29.50:120][312]LogModuleManager: Shutting down and abandoning module MeshPaintMode (530)
[2017.11.13-12.29.50:120][312]LogModuleManager: Shutting down and abandoning module SceneDepthPickerMode (528)
[2017.11.13-12.29.50:120][312]LogModuleManager: Shutting down and abandoning module ActorPickerMode (526)
[2017.11.13-12.29.50:120][312]LogModuleManager: Shutting down and abandoning module GeometryMode (524)
[2017.11.13-12.29.50:120][312]LogModuleManager: Shutting down and abandoning module TextureAlignMode (522)
[2017.11.13-12.29.50:120][312]LogModuleManager: Shutting down and abandoning module BspMode (520)
[2017.11.13-12.29.50:120][312]LogModuleManager: Shutting down and abandoning module PIEPreviewDeviceProfileSelector (518)
[2017.11.13-12.29.50:120][312]LogModuleManager: Shutting down and abandoning module HardwareSurvey (516)
[2017.11.13-12.29.50:120][312]LogModuleManager: Shutting down and abandoning module SequenceRecorderSections (514)
[2017.11.13-12.29.50:120][312]LogModuleManager: Shutting down and abandoning module AutomationWorker (512)
[2017.11.13-12.29.50:120][312]LogModuleManager: Shutting down and abandoning module MatineeToLevelSequence (510)
[2017.11.13-12.29.50:120][312]LogModuleManager: Shutting down and abandoning module LevelSequenceEditor (508)
[2017.11.13-12.29.50:120][312]LogModuleManager: Shutting down and abandoning module PlacementMode (507)
[2017.11.13-12.29.50:120][312]LogModuleManager: Shutting down and abandoning module WmfMediaFactory (504)
[2017.11.13-12.29.50:120][312]LogModuleManager: Shutting down and abandoning module WmfMediaEditor (502)
[2017.11.13-12.29.50:120][312]LogModuleManager: Shutting down and abandoning module OpenExrWrapper (500)
[2017.11.13-12.29.50:120][312]LogModuleManager: Shutting down and abandoning module ImgMediaFactory (498)
[2017.11.13-12.29.50:120][312]LogModuleManager: Shutting down and abandoning module ImgMediaEditor (496)
[2017.11.13-12.29.50:120][312]LogModuleManager: Shutting down and abandoning module AvfMediaFactory (494)
[2017.11.13-12.29.50:120][312]LogModuleManager: Shutting down and abandoning module AvfMediaEditor (492)
[2017.11.13-12.29.50:120][312]LogModuleManager: Shutting down and abandoning module AndroidMediaFactory (490)
[2017.11.13-12.29.50:120][312]LogModuleManager: Shutting down and abandoning module AndroidMediaEditor (488)
[2017.11.13-12.29.50:120][312]LogModuleManager: Shutting down and abandoning module CharacterAI (486)
[2017.11.13-12.29.50:120][312]LogModuleManager: Shutting down and abandoning module AudioCapture (484)
[2017.11.13-12.29.50:120][312]LogModuleManager: Shutting down and abandoning module SequenceRecorder (483)
[2017.11.13-12.29.50:120][312]LogModuleManager: Shutting down and abandoning module SmartSnapping (480)
[2017.11.13-12.29.50:120][312]LogModuleManager: Shutting down and abandoning module SessionServices (478)
[2017.11.13-12.29.50:120][312]LogModuleManager: Shutting down and abandoning module ViewportSnapping (476)
[2017.11.13-12.29.50:120][312]LogModuleManager: Shutting down and abandoning module ViewportInteraction (474)
[2017.11.13-12.29.50:120][312]LogModuleManager: Shutting down and abandoning module ClothPainter (472)
[2017.11.13-12.29.50:120][312]LogModuleManager: Shutting down and abandoning module SkeletalMeshEditor (471)
[2017.11.13-12.29.50:121][312]LogModuleManager: Shutting down and abandoning module LogVisualizer (468)
[2017.11.13-12.29.50:121][312]LogModuleManager: Shutting down and abandoning module IntroTutorials (466)
[2017.11.13-12.29.50:121][312]LogModuleManager: Shutting down and abandoning module GameProjectGeneration (465)
[2017.11.13-12.29.50:121][312]LogModuleManager: Shutting down and abandoning module IOSPlatformEditor (462)
[2017.11.13-12.29.50:121][312]LogModuleManager: Shutting down and abandoning module HTML5PlatformEditor (460)
[2017.11.13-12.29.50:121][312]LogModuleManager: Shutting down and abandoning module AndroidPlatformEditor (458)
[2017.11.13-12.29.50:121][312]LogModuleManager: Shutting down and abandoning module AndroidDeviceDetection (457)
[2017.11.13-12.29.50:156][312]LogModuleManager: Shutting down and abandoning module WindowsPlatformEditor (454)
[2017.11.13-12.29.50:156][312]LogModuleManager: Shutting down and abandoning module IOSRuntimeSettings (452)
[2017.11.13-12.29.50:156][312]LogModuleManager: Shutting down and abandoning module AndroidRuntimeSettings (450)
[2017.11.13-12.29.50:156][312]LogModuleManager: Shutting down and abandoning module InputBindingEditor (448)
[2017.11.13-12.29.50:156][312]LogModuleManager: Shutting down and abandoning module MergeActors (446)
[2017.11.13-12.29.50:156][312]LogModuleManager: Shutting down and abandoning module SizeMap (444)
[2017.11.13-12.29.50:156][312]LogModuleManager: Shutting down and abandoning module TreeMap (442)
[2017.11.13-12.29.50:156][312]LogModuleManager: Shutting down and abandoning module ReferenceViewer (440)
[2017.11.13-12.29.50:156][312]LogModuleManager: Shutting down and abandoning module LocalizationDashboard (438)
[2017.11.13-12.29.50:156][312]LogModuleManager: Shutting down and abandoning module LocalizationService (437)
[2017.11.13-12.29.50:156][312]LogModuleManager: Shutting down and abandoning module HardwareTargeting (434)
[2017.11.13-12.29.50:156][312]LogModuleManager: Shutting down and abandoning module DeviceProfileEditor (432)
[2017.11.13-12.29.50:157][312]LogModuleManager: Shutting down and abandoning module UndoHistory (430)
[2017.11.13-12.29.50:157][312]LogModuleManager: Shutting down and abandoning module XmlParser (428)
[2017.11.13-12.29.50:157][312]LogModuleManager: Shutting down and abandoning module Blutility (426)
[2017.11.13-12.29.50:157][312]LogModuleManager: Shutting down and abandoning module ProjectSettingsViewer (424)
[2017.11.13-12.29.50:157][312]LogModuleManager: Shutting down and abandoning module ProjectTargetPlatformEditor (423)
[2017.11.13-12.29.50:157][312]LogModuleManager: Shutting down and abandoning module EditorSettingsViewer (420)
[2017.11.13-12.29.50:157][312]LogModuleManager: Shutting down and abandoning module SettingsEditor (418)
[2017.11.13-12.29.50:157][312]LogModuleManager: Shutting down and abandoning module ProjectLauncher (416)
[2017.11.13-12.29.50:157][312]LogModuleManager: Shutting down and abandoning module SessionFrontend (414)
[2017.11.13-12.29.50:157][312]LogModuleManager: Shutting down and abandoning module ProfilerClient (412)
[2017.11.13-12.29.50:157][312]LogModuleManager: Shutting down and abandoning module DeviceManager (410)
[2017.11.13-12.29.50:157][312]LogModuleManager: Shutting down and abandoning module TargetDeviceServices (409)
[2017.11.13-12.29.50:210][312]LogModuleManager: Shutting down and abandoning module AutomationController (406)
[2017.11.13-12.29.50:210][312]LogModuleManager: Shutting down and abandoning module AutomationWindow (404)
[2017.11.13-12.29.50:210][312]LogModuleManager: Shutting down and abandoning module Layers (402)
[2017.11.13-12.29.50:210][312]LogModuleManager: Shutting down and abandoning module ComponentVisualizers (400)
[2017.11.13-12.29.50:210][312]LogModuleManager: Shutting down and abandoning module DetailCustomizations (398)
[2017.11.13-12.29.50:210][312]LogModuleManager: Shutting down and abandoning module PackagesDialog (396)
[2017.11.13-12.29.50:211][312]LogModuleManager: Shutting down and abandoning module Persona (394)
[2017.11.13-12.29.50:211][312]LogModuleManager: Shutting down and abandoning module AdvancedPreviewScene (393)
[2017.11.13-12.29.50:211][312]LogModuleManager: Shutting down and abandoning module AnimGraph (391)
[2017.11.13-12.29.50:211][312]LogModuleManager: Shutting down and abandoning module Kismet (388)
[2017.11.13-12.29.50:211][312]LogModuleManager: Shutting down and abandoning module ClassViewer (386)
[2017.11.13-12.29.50:211][312]LogModuleManager: Shutting down and abandoning module Toolbox (384)
[2017.11.13-12.29.50:211][312]LogModuleManager: Shutting down and abandoning module ModuleUI (382)
[2017.11.13-12.29.50:211][312]LogModuleManager: Shutting down and abandoning module MovieSceneTools (380)
[2017.11.13-12.29.50:211][312]LogModuleManager: Shutting down and abandoning module OutputLog (378)
[2017.11.13-12.29.50:211][312]LogModuleManager: Shutting down and abandoning module GammaUI (376)
[2017.11.13-12.29.50:211][312]LogModuleManager: Shutting down and abandoning module Documentation (374)
[2017.11.13-12.29.50:212][312]LogModuleManager: Shutting down and abandoning module MovieSceneTracks (372)
[2017.11.13-12.29.50:212][312]LogModuleManager: Shutting down and abandoning module MovieScene (370)
[2017.11.13-12.29.50:212][312]LogModuleManager: Shutting down and abandoning module StreamingPauseRendering (368)
[2017.11.13-12.29.50:212][312]LogModuleManager: Shutting down and abandoning module LauncherPlatform (366)
[2017.11.13-12.29.50:212][312]LogModuleManager: Shutting down and abandoning module AnalyticsET (364)
[2017.11.13-12.29.50:212][312]LogModuleManager: Shutting down and abandoning module PortalServices (362)
[2017.11.13-12.29.50:212][312]LogModuleManager: Shutting down and abandoning module PortalRpc (360)
[2017.11.13-12.29.50:212][312]LogModuleManager: Shutting down and abandoning module MessagingRpc (358)
[2017.11.13-12.29.50:212][312]LogModuleManager: Shutting down and abandoning module AIModule (356)
[2017.11.13-12.29.50:212][312]LogModuleManager: Shutting down and abandoning module GameplayDebugger (355)
[2017.11.13-12.29.50:212][312]LogModuleManager: Shutting down and abandoning module AITestSuite (353)
[2017.11.13-12.29.50:212][312]LogModuleManager: Shutting down and abandoning module DesktopPlatform (350)
[2017.11.13-12.29.50:212][312]LogModuleManager: Shutting down and abandoning module ProfilerService (348)
[2017.11.13-12.29.50:302][312]LogModuleManager: Shutting down and abandoning module TaskGraph (346)
[2017.11.13-12.29.50:302][312]LogModuleManager: Shutting down and abandoning module SteamVRController (344)
[2017.11.13-12.29.50:302][312]LogModuleManager: Shutting down and abandoning module ProceduralMeshComponentEditor (342)
[2017.11.13-12.29.50:302][312]LogModuleManager: Shutting down and abandoning module ProceduralMeshComponent (340)
[2017.11.13-12.29.50:302][312]LogModuleManager: Shutting down and abandoning module OculusInput (338)
[2017.11.13-12.29.50:302][312]LogModuleManager: Shutting down and abandoning module MobilePatchingUtils (336)
[2017.11.13-12.29.50:302][312]LogModuleManager: Shutting down and abandoning module CustomMeshComponent (334)
[2017.11.13-12.29.50:302][312]LogModuleManager: Shutting down and abandoning module CableComponent (332)
[2017.11.13-12.29.50:302][312]LogModuleManager: Shutting down and abandoning module ArchVisCharacter (330)
[2017.11.13-12.29.50:302][312]LogModuleManager: Shutting down and abandoning module AndroidPermission (328)
[2017.11.13-12.29.50:302][312]LogModuleManager: Shutting down and abandoning module ActorSequence (324)
[2017.11.13-12.29.50:302][312]LogModuleManager: Shutting down and abandoning module MediaPlayerEditor (322)
[2017.11.13-12.29.50:302][312]LogModuleManager: Shutting down and abandoning module MediaCompositingEditor (320)
[2017.11.13-12.29.50:302][312]LogModuleManager: Shutting down and abandoning module MediaCompositing (318)
[2017.11.13-12.29.50:302][312]LogModuleManager: Shutting down and abandoning module HTML5Networking (316)
[2017.11.13-12.29.50:302][312]LogModuleManager: Shutting down and abandoning module AlembicImporter (314)
[2017.11.13-12.29.50:303][312]LogModuleManager: Shutting down and abandoning module AlembicLibrary (313)
[2017.11.13-12.29.50:303][312]LogModuleManager: Shutting down and abandoning module GeometryCache (312)
[2017.11.13-12.29.50:303][312]LogModuleManager: Shutting down and abandoning module GeometryCacheEd (311)
[2017.11.13-12.29.50:303][312]LogModuleManager: Shutting down and abandoning module SpeedTreeImporter (306)
[2017.11.13-12.29.50:303][312]LogModuleManager: Shutting down and abandoning module PluginBrowser (304)
[2017.11.13-12.29.50:303][312]LogModuleManager: Shutting down and abandoning module MobileLauncherProfileWizard (302)
[2017.11.13-12.29.50:303][312]LogModuleManager: Shutting down and abandoning module VisualStudioSourceCodeAccess (300)
[2017.11.13-12.29.50:303][312]LogModuleManager: Shutting down and abandoning module VisualStudioCodeSourceCodeAccess (298)
[2017.11.13-12.29.50:303][312]LogModuleManager: Shutting down and abandoning module UObjectPlugin (296)
[2017.11.13-12.29.50:303][312]LogModuleManager: Shutting down and abandoning module SubversionSourceControl (294)
[2017.11.13-12.29.50:303][312]LogModuleManager: Shutting down and abandoning module PerforceSourceControl (292)
[2017.11.13-12.29.50:303][312]LogModuleManager: Shutting down and abandoning module GitSourceControl (290)
[2017.11.13-12.29.50:303][312]LogModuleManager: Shutting down and abandoning module SourceControl (289)
[2017.11.13-12.29.50:303][312]LogModuleManager: Shutting down and abandoning module LightPropagationVolumeEditor (286)
[2017.11.13-12.29.50:303][312]LogModuleManager: Shutting down and abandoning module PaperTiledImporter (284)
[2017.11.13-12.29.50:303][312]LogModuleManager: Shutting down and abandoning module PaperSpriteSheetImporter (282)
[2017.11.13-12.29.50:303][312]LogModuleManager: Shutting down and abandoning module Paper2DEditor (280)
[2017.11.13-12.29.50:303][312]LogModuleManager: Shutting down and abandoning module MeshPaint (279)
[2017.11.13-12.29.50:303][312]LogModuleManager: Shutting down and abandoning module LevelEditor (277)
[2017.11.13-12.29.50:304][312]LogModuleManager: Shutting down and abandoning module PixelInspectorModule (276)
[2017.11.13-12.29.50:304][312]LogModuleManager: Shutting down and abandoning module MainFrame (274)
[2017.11.13-12.29.50:304][312]LogModuleManager: Shutting down and abandoning module HotReload (273)
[2017.11.13-12.29.50:304][312]LogModuleManager: Shutting down and abandoning module RuntimePhysXCooking (268)
[2017.11.13-12.29.50:304][312]LogModuleManager: Shutting down and abandoning module PhysXVehiclesEditor (266)
[2017.11.13-12.29.50:304][312]LogModuleManager: Shutting down and abandoning module PhysXVehicles (264)
[2017.11.13-12.29.50:304][312]LogModuleManager: Shutting down and abandoning module OculusEditor (262)
[2017.11.13-12.29.50:304][312]LogModuleManager: Shutting down and abandoning module LocationServicesBPLibrary (260)
[2017.11.13-12.29.50:304][312]LogModuleManager: Shutting down and abandoning module ImmediatePhysicsEditor (258)
[2017.11.13-12.29.50:304][312]LogModuleManager: Shutting down and abandoning module ImmediatePhysics (256)
[2017.11.13-12.29.50:304][312]LogModuleManager: Shutting down and abandoning module UdpMessaging (254)
[2017.11.13-12.29.50:406][312]LogModuleManager: Shutting down and abandoning module TcpMessaging (252)
[2017.11.13-12.29.50:506][312]LogModuleManager: Shutting down and abandoning module GameplayTagsEditor (250)
[2017.11.13-12.29.50:506][312]LogModuleManager: Shutting down and abandoning module FacialAnimationEditor (248)
[2017.11.13-12.29.50:506][312]LogModuleManager: Shutting down and abandoning module FacialAnimation (246)
[2017.11.13-12.29.50:506][312]LogModuleManager: Shutting down and abandoning module AssetManagerEditor (244)
[2017.11.13-12.29.50:506][312]LogModuleManager: Shutting down and abandoning module GraphEditor (243)
[2017.11.13-12.29.50:506][312]LogModuleManager: Shutting down and abandoning module ContentBrowser (241)
[2017.11.13-12.29.50:507][312]LogModuleManager: Shutting down and abandoning module LightPropagationVolumeRuntime (238)
[2017.11.13-12.29.50:507][312]LogModuleManager: Shutting down and abandoning module Paper2D (236)
[2017.11.13-12.29.50:507][312]LogModuleManager: Shutting down and abandoning module WindowsMoviePlayer (234)
[2017.11.13-12.29.50:507][312]LogModuleManager: Shutting down and abandoning module WmfMedia (232)
[2017.11.13-12.29.50:507][312]LogModuleManager: Shutting down and abandoning module ImgMedia (230)
[2017.11.13-12.29.50:507][312]LogModuleManager: Shutting down and abandoning module PacketHandler (228)
[2017.11.13-12.29.50:507][312]LogModuleManager: Shutting down and abandoning module ClothingSystemEditor (226)
[2017.11.13-12.29.50:507][312]LogModuleManager: Shutting down and abandoning module ClothingSystemRuntime (224)
[2017.11.13-12.29.50:507][312]LogModuleManager: Shutting down and abandoning module MediaAssets (222)
[2017.11.13-12.29.50:507][312]LogModuleManager: Shutting down and abandoning module Media (221)
[2017.11.13-12.29.50:513][312]LogModuleManager: Shutting down and abandoning module Overlay (218)
[2017.11.13-12.29.50:513][312]LogModuleManager: Shutting down and abandoning module OverlayEditor (217)
[2017.11.13-12.29.50:513][312]LogModuleManager: Shutting down and abandoning module VREditor (214)
[2017.11.13-12.29.50:513][312]LogModuleManager: Shutting down and abandoning module StringTableEditor (212)
[2017.11.13-12.29.50:513][312]LogModuleManager: Shutting down and abandoning module GameplayTasksEditor (210)
[2017.11.13-12.29.50:513][312]LogModuleManager: Shutting down and abandoning module BehaviorTreeEditor (208)
[2017.11.13-12.29.50:513][312]LogModuleManager: Shutting down and abandoning module FunctionalTesting (206)
[2017.11.13-12.29.50:513][312]LogModuleManager: Shutting down and abandoning module CollisionAnalyzer (204)
[2017.11.13-12.29.50:513][312]LogModuleManager: Shutting down and abandoning module WorkspaceMenuStructure (203)
[2017.11.13-12.29.50:513][312]LogModuleManager: Shutting down and abandoning module UMG (200)
[2017.11.13-12.29.50:513][312]LogModuleManager: Shutting down and abandoning module UMGEditor (199)
[2017.11.13-12.29.50:513][312]LogModuleManager: Shutting down and abandoning module Sequencer (198)
[2017.11.13-12.29.50:513][312]LogModuleManager: Shutting down and abandoning module MessageLog (195)
[2017.11.13-12.29.50:514][312]LogModuleManager: Shutting down and abandoning module SlateReflector (190)
[2017.11.13-12.29.50:514][312]LogModuleManager: Shutting down and abandoning module Slate (188)
[2017.11.13-12.29.50:514][312]LogModuleManager: Shutting down and abandoning module EditorStyle (186)
[2017.11.13-12.29.50:515][312]LogModuleManager: Shutting down and abandoning module MRMesh (184)
[2017.11.13-12.29.50:515][312]LogModuleManager: Shutting down and abandoning module SourceCodeAccess (182)
[2017.11.13-12.29.50:515][312]LogModuleManager: Shutting down and abandoning module HeadMountedDisplay (180)
[2017.11.13-12.29.50:515][312]LogModuleManager: Shutting down and abandoning module XAudio2 (178)
[2017.11.13-12.29.50:515][312]LogModuleManager: Shutting down and abandoning module Networking (176)
[2017.11.13-12.29.50:515][312]LogModuleManager: Shutting down and abandoning module Core (172)
[2017.11.13-12.29.50:515][312]LogModuleManager: Shutting down and abandoning module LevelSequence (168)
[2017.11.13-12.29.50:515][312]LogModuleManager: Shutting down and abandoning module DirectoryWatcher (166)
[2017.11.13-12.29.50:516][312]LogModuleManager: Shutting down and abandoning module KismetCompiler (164)
[2017.11.13-12.29.50:516][312]LogModuleManager: Shutting down and abandoning module MeshUtilities (162)
[2017.11.13-12.29.50:517][312]LogModuleManager: Shutting down and abandoning module MeshMergeUtilities (161)
[2017.11.13-12.29.50:517][312]LogModuleManager: Shutting down and abandoning module MeshReductionInterface (160)
[2017.11.13-12.29.50:517][312]LogModuleManager: Shutting down and abandoning module SimplygonSwarm (159)
[2017.11.13-12.29.50:517][312]LogModuleManager: Shutting down and abandoning module SimplygonMeshReduction (157)
[2017.11.13-12.29.50:517][312]LogModuleManager: Shutting down and abandoning module QuadricMeshReduction (155)
[2017.11.13-12.29.50:517][312]LogModuleManager: Shutting down and abandoning module MaterialBaking (151)
[2017.11.13-12.29.50:517][312]LogModuleManager: Shutting down and abandoning module DerivedDataCache (148)
[2017.11.13-12.29.50:610][312]LogDerivedDataCache: Shutdown
[2017.11.13-12.29.50:610][312]LogModuleManager: Shutting down and abandoning module TargetPlatform (146)
[2017.11.13-12.29.50:610][312]LogModuleManager: Shutting down and abandoning module VulkanShaderFormat (145)
[2017.11.13-12.29.50:610][312]LogModuleManager: Shutting down and abandoning module ShaderFormatVectorVM (143)
[2017.11.13-12.29.50:610][312]LogModuleManager: Shutting down and abandoning module ShaderFormatOpenGL (141)
[2017.11.13-12.29.50:610][312]LogModuleManager: Shutting down and abandoning module ShaderFormatD3D (139)
[2017.11.13-12.29.50:610][312]LogModuleManager: Shutting down and abandoning module MetalShaderFormat (137)
[2017.11.13-12.29.50:610][312]LogModuleManager: Shutting down and abandoning module TextureFormatUncompressed (135)
[2017.11.13-12.29.50:610][312]LogModuleManager: Shutting down and abandoning module TextureFormatPVR (133)
[2017.11.13-12.29.50:610][312]LogModuleManager: Shutting down and abandoning module TextureFormatDXT (131)
[2017.11.13-12.29.50:610][312]LogModuleManager: Shutting down and abandoning module TextureFormatIntelISPCTexComp (129)
[2017.11.13-12.29.50:610][312]LogModuleManager: Shutting down and abandoning module TextureFormatASTC (127)
[2017.11.13-12.29.50:610][312]LogModuleManager: Shutting down and abandoning module ImageWrapper (126)
[2017.11.13-12.29.50:610][312]LogModuleManager: Shutting down and abandoning module TextureFormatAndroid (123)
[2017.11.13-12.29.50:610][312]LogModuleManager: Shutting down and abandoning module AudioFormatOpus (121)
[2017.11.13-12.29.50:610][312]LogModuleManager: Shutting down and abandoning module AudioFormatOgg (119)
[2017.11.13-12.29.50:610][312]LogModuleManager: Shutting down and abandoning module AudioFormatADPCM (117)
[2017.11.13-12.29.50:610][312]LogModuleManager: Shutting down and abandoning module LinuxTargetPlatform (115)
[2017.11.13-12.29.50:610][312]LogModuleManager: Shutting down and abandoning module LinuxServerTargetPlatform (113)
[2017.11.13-12.29.50:610][312]LogModuleManager: Shutting down and abandoning module LinuxNoEditorTargetPlatform (111)
[2017.11.13-12.29.50:610][312]LogModuleManager: Shutting down and abandoning module LinuxClientTargetPlatform (109)
[2017.11.13-12.29.50:610][312]LogModuleManager: Shutting down and abandoning module TVOSTargetPlatform (107)
[2017.11.13-12.29.50:610][312]LogModuleManager: Shutting down and abandoning module Messaging (105)
[2017.11.13-12.29.50:610][312]LogModuleManager: Shutting down and abandoning module IOSTargetPlatform (103)
[2017.11.13-12.29.50:610][312]LogModuleManager: Shutting down and abandoning module HTML5TargetPlatform (101)
[2017.11.13-12.29.50:610][312]LogModuleManager: Shutting down and abandoning module AndroidTargetPlatform (99)
[2017.11.13-12.29.50:610][312]LogModuleManager: Shutting down and abandoning module Android_PVRTCTargetPlatform (97)
[2017.11.13-12.29.50:610][312]LogModuleManager: Shutting down and abandoning module Android_MultiTargetPlatform (95)
[2017.11.13-12.29.50:610][312]LogModuleManager: Shutting down and abandoning module Android_ETC2TargetPlatform (93)
[2017.11.13-12.29.50:610][312]LogModuleManager: Shutting down and abandoning module Android_ETC1TargetPlatform (91)
[2017.11.13-12.29.50:610][312]LogModuleManager: Shutting down and abandoning module Android_DXTTargetPlatform (89)
[2017.11.13-12.29.50:610][312]LogModuleManager: Shutting down and abandoning module Android_ATCTargetPlatform (87)
[2017.11.13-12.29.50:610][312]LogModuleManager: Shutting down and abandoning module Android_ASTCTargetPlatform (85)
[2017.11.13-12.29.50:610][312]LogModuleManager: Shutting down and abandoning module WindowsTargetPlatform (83)
[2017.11.13-12.29.50:610][312]LogModuleManager: Shutting down and abandoning module WindowsServerTargetPlatform (81)
[2017.11.13-12.29.50:610][312]LogModuleManager: Shutting down and abandoning module WindowsNoEditorTargetPlatform (79)
[2017.11.13-12.29.50:610][312]LogModuleManager: Shutting down and abandoning module WindowsClientTargetPlatform (77)
[2017.11.13-12.29.50:610][312]LogModuleManager: Shutting down and abandoning module MacTargetPlatform (75)
[2017.11.13-12.29.50:610][312]LogModuleManager: Shutting down and abandoning module MacServerTargetPlatform (73)
[2017.11.13-12.29.50:610][312]LogModuleManager: Shutting down and abandoning module MacNoEditorTargetPlatform (71)
[2017.11.13-12.29.50:610][312]LogModuleManager: Shutting down and abandoning module MacClientTargetPlatform (69)
[2017.11.13-12.29.50:610][312]LogModuleManager: Shutting down and abandoning module AllDesktopTargetPlatform (67)
[2017.11.13-12.29.50:610][312]LogModuleManager: Shutting down and abandoning module InputCore (64)
[2017.11.13-12.29.50:610][312]LogModuleManager: Shutting down and abandoning module Settings (62)
[2017.11.13-12.29.50:610][312]LogModuleManager: Shutting down and abandoning module PhysXCooking (60)
[2017.11.13-12.29.50:610][312]LogModuleManager: Shutting down and abandoning module SteamVR (58)
[2017.11.13-12.29.50:610][312]LogModuleManager: Shutting down and abandoning module OculusHMD (56)
[2017.11.13-12.29.50:610][312]LogModuleManager: Shutting down and abandoning module ExampleDeviceProfileSelector (54)
[2017.11.13-12.29.50:610][312]LogModuleManager: Shutting down and abandoning module AppleARKit (52)
[2017.11.13-12.29.50:610][312]LogModuleManager: Shutting down and abandoning module AugmentedReality (51)
[2017.11.13-12.29.50:611][312]LogModuleManager: Shutting down and abandoning module OnlineBlueprintSupport (48)
[2017.11.13-12.29.50:611][312]LogModuleManager: Shutting down and abandoning module OnlineSubsystem (44)
[2017.11.13-12.29.50:611][312]LogModuleManager: Shutting down and abandoning module XMPP (43)
[2017.11.13-12.29.50:611][312]LogModuleManager: Shutting down and abandoning module HTTP (41)
[2017.11.13-12.29.50:611][312]LogHttp: Display: Http module shutting down, but needs to wait on 1 outstanding Http requests:
[2017.11.13-12.29.50:611][312]LogHttp: Display: 	verb=[POST] url=[https://datarouter.ol.epicgames.com/datarouter/api/v1/public/data?SessionID=%7B8D022461-4885-2EAB-A060-70A351177B52%7D&AppID=UEEditor.Rocket.Release&AppVersion=4.18.0-3709383%2B%2B%2BUE4%2BRelease-4.18&UserID=03ffea294980a10721b5748bd10bf0a1%7C6ce5f8b521c2485a8192789e2da115f6%7Cc357d944-df26-49da-9752-ea29909bcee1&AppEnvironment=datacollector-binary&UploadType=eteventstream] status=Processing
[2017.11.13-12.29.50:645][312]LogModuleManager: Shutting down and abandoning module SSL (40)
[2017.11.13-12.29.50:647][312]LogModuleManager: Shutting down and abandoning module AnimationModifiers (36)
[2017.11.13-12.29.50:647][312]LogModuleManager: Shutting down and abandoning module PropertyEditor (35)
[2017.11.13-12.29.50:647][312]LogModuleManager: Shutting down and abandoning module AudioEditor (32)
[2017.11.13-12.29.50:647][312]LogModuleManager: Shutting down and abandoning module TextureCompressor (30)
[2017.11.13-12.29.50:647][312]LogModuleManager: Shutting down and abandoning module ShaderCore (28)
[2017.11.13-12.29.50:647][312]LogModuleManager: Shutting down and abandoning module Landscape (26)
[2017.11.13-12.29.50:647][312]LogModuleManager: Shutting down and abandoning module SlateRHIRenderer (24)
[2017.11.13-12.29.50:648][312]LogModuleManager: Shutting down and abandoning module OpenGLDrv (22)
[2017.11.13-12.29.50:648][312]LogModuleManager: Shutting down and abandoning module D3D11RHI (20)
[2017.11.13-12.29.50:648][312]LogModuleManager: Shutting down and abandoning module AnimGraphRuntime (18)
[2017.11.13-12.29.50:648][312]LogModuleManager: Shutting down and abandoning module Renderer (16)
[2017.11.13-12.29.50:648][312]LogModuleManager: Shutting down and abandoning module Engine (14)
[2017.11.13-12.29.50:648][312]LogModuleManager: Shutting down and abandoning module CoreUObject (12)
[2017.11.13-12.29.50:648][312]LogModuleManager: Shutting down and abandoning module NetworkFile (10)
[2017.11.13-12.29.50:648][312]LogModuleManager: Shutting down and abandoning module CookedIterativeFile (8)
[2017.11.13-12.29.50:648][312]LogModuleManager: Shutting down and abandoning module StreamingFile (6)
[2017.11.13-12.29.50:648][312]LogModuleManager: Shutting down and abandoning module SandboxFile (4)
[2017.11.13-12.29.50:648][312]LogModuleManager: Shutting down and abandoning module PakFile (2)
[2017.11.13-12.29.50:651][312]LogExit: Exiting.
[2017.11.13-12.29.50:670][312]Log file closed, 11/13/17 13:29:50
